#
# There is insufficient memory for the Java Runtime Environment to continue.
# Native memory allocation (malloc) failed to allocate 1196336 bytes. Error detail: Chunk::new
# Possible reasons:
#   The system is out of physical RAM or swap space
#   This process is running with CompressedOops enabled, and the Java Heap may be blocking the growth of the native heap
# Possible solutions:
#   Reduce memory load on the system
#   Increase physical memory or swap space
#   Check if swap backing store is full
#   Decrease Java heap size (-Xmx/-Xms)
#   Decrease number of Java threads
#   Decrease Java thread stack sizes (-Xss)
#   Set larger code cache with -XX:ReservedCodeCacheSize=
#   JVM is running with Unscaled Compressed Oops mode in which the Java heap is
#     placed in the first 4GB address space. The Java Heap base address is the
#     maximum limit for the native heap growth. Please use -XX:HeapBaseMinAddress
#     to set the Java Heap base and to place the Java Heap above 4GB virtual address.
# This output file may be truncated or incomplete.
#
#  Out of Memory Error (arena.cpp:168), pid=15496, tid=29800
#
# JRE version: OpenJDK Runtime Environment Temurin-21.0.8+9 (21.0.8+9) (build 21.0.8+9-LTS)
# Java VM: OpenJDK 64-Bit Server VM Temurin-21.0.8+9 (21.0.8+9-LTS, mixed mode, sharing, tiered, compressed oops, compressed class ptrs, parallel gc, windows-amd64)
# No core dump will be written. Minidumps are not enabled by default on client versions of Windows
#

---------------  S U M M A R Y ------------

Command Line: --add-modules=ALL-SYSTEM --add-opens=java.base/java.util=ALL-UNNAMED --add-opens=java.base/java.lang=ALL-UNNAMED --add-opens=java.base/sun.nio.fs=ALL-UNNAMED -Declipse.application=org.eclipse.jdt.ls.core.id1 -Dosgi.bundles.defaultStartLevel=4 -Declipse.product=org.eclipse.jdt.ls.core.product -Djava.import.generatesMetadataFilesAtProjectRoot=false -DDetectVMInstallationsJob.disabled=true -Dfile.encoding=utf8 -XX:+UseParallelGC -XX:GCTimeRatio=4 -XX:AdaptiveSizePolicyWeight=90 -Dsun.zip.disableMemoryMapping=true -Xmx2G -Xms100m -Xlog:disable -javaagent:c:\Users\pedro\.vscode\extensions\redhat.java-1.46.0-win32-x64\lombok\lombok-1.18.39-4050.jar -XX:+HeapDumpOnOutOfMemoryError -XX:HeapDumpPath=c:\Users\pedro\AppData\Roaming\Code\User\workspaceStorage\ace0eeac375cda41ba0dfc4af69d8916\redhat.java -Daether.dependencyCollector.impl=bf c:\Users\pedro\.vscode\extensions\redhat.java-1.46.0-win32-x64\server\plugins\org.eclipse.equinox.launcher_1.7.0.v20250519-0528.jar -configuration c:\Users\pedro\AppData\Roaming\Code\User\globalStorage\redhat.java\1.46.0\config_win -data c:\Users\pedro\AppData\Roaming\Code\User\workspaceStorage\ace0eeac375cda41ba0dfc4af69d8916\redhat.java\jdt_ws --pipe=\\.\pipe\lsp-ffda18b68d2d1d03a25424f01c939035-sock

Host: AMD Ryzen 5 7535HS with Radeon Graphics        , 12 cores, 7G,  Windows 11 , 64 bit Build 26100 (10.0.26100.5074)
Time: Thu Oct  9 17:05:59 2025 Hora oficial do Brasil elapsed time: 9.812031 seconds (0d 0h 0m 9s)

---------------  T H R E A D  ---------------

Current thread (0x000001e1dc404530):  JavaThread "C2 CompilerThread2" daemon [_thread_in_native, id=29800, stack(0x0000002930c00000,0x0000002930d00000) (1024K)]


Current CompileTask:
C2:9812 7709       4       java.lang.ClassLoader::defineClass (43 bytes)

Stack: [0x0000002930c00000,0x0000002930d00000]
Native frames: (J=compiled Java code, j=interpreted, Vv=VM code, C=native code)
V  [jvm.dll+0x6d2449]
V  [jvm.dll+0x8ae341]
V  [jvm.dll+0x8b08be]
V  [jvm.dll+0x8b0fa3]
V  [jvm.dll+0x280c96]
V  [jvm.dll+0xc581d]
V  [jvm.dll+0xc5d53]
V  [jvm.dll+0x3b9162]
V  [jvm.dll+0x385315]
V  [jvm.dll+0x38477a]
V  [jvm.dll+0x248ed0]
V  [jvm.dll+0x2484af]
V  [jvm.dll+0x1c89ee]
V  [jvm.dll+0x257d4d]
V  [jvm.dll+0x2562ea]
V  [jvm.dll+0x3f2d16]
V  [jvm.dll+0x857e6b]
V  [jvm.dll+0x6d0b0d]
C  [ucrtbase.dll+0x37b0]
C  [KERNEL32.DLL+0x2e8d7]
C  [ntdll.dll+0x8d9c]


---------------  P R O C E S S  ---------------

Threads class SMR info:
_java_thread_list=0x000001e1ddc67de0, length=54, elements={
0x000001e1f8759820, 0x000001e1d45644b0, 0x000001e1fabcd630, 0x000001e1d4566c50,
0x000001e1d4567c50, 0x000001e1d4569d60, 0x000001e1d4573b20, 0x000001e1d4577ff0,
0x000001e1d459c3d0, 0x000001e1d46731e0, 0x000001e1d476e8f0, 0x000001e1d46724c0,
0x000001e1d46703f0, 0x000001e1d46717a0, 0x000001e1d4670a80, 0x000001e1d4672b50,
0x000001e1d4671110, 0x000001e1d466fd60, 0x000001e1da3365c0, 0x000001e1da3337d0,
0x000001e1da3344f0, 0x000001e1da334b80, 0x000001e1da333140, 0x000001e1da335210,
0x000001e1da3358a0, 0x000001e1da3393b0, 0x000001e1da335f30, 0x000001e1da338690,
0x000001e1da338d20, 0x000001e1da338000, 0x000001e1da336c50, 0x000001e1da3372e0,
0x000001e1da33a0d0, 0x000001e1da337970, 0x000001e1da339a40, 0x000001e1da33a760,
0x000001e1dc362630, 0x000001e1dc361910, 0x000001e1dc363350, 0x000001e1dc360bf0,
0x000001e1dc361280, 0x000001e1dc360560, 0x000001e1dc362cc0, 0x000001e1dc3639e0,
0x000001e1dc364d90, 0x000001e1dc364070, 0x000001e1dc364700, 0x000001e1dc365420,
0x000001e1dc361fa0, 0x000001e1dc365ab0, 0x000001e1dc3667d0, 0x000001e1dc366140,
0x000001e1dc404530, 0x000001e1db4019b0
}

Java Threads: ( => current thread )
  0x000001e1f8759820 JavaThread "main"                              [_thread_blocked, id=25988, stack(0x000000292ca00000,0x000000292cb00000) (1024K)]
  0x000001e1d45644b0 JavaThread "Reference Handler"          daemon [_thread_blocked, id=18168, stack(0x000000292ce00000,0x000000292cf00000) (1024K)]
  0x000001e1fabcd630 JavaThread "Finalizer"                  daemon [_thread_blocked, id=13084, stack(0x000000292cf00000,0x000000292d000000) (1024K)]
  0x000001e1d4566c50 JavaThread "Signal Dispatcher"          daemon [_thread_blocked, id=2016, stack(0x000000292d000000,0x000000292d100000) (1024K)]
  0x000001e1d4567c50 JavaThread "Attach Listener"            daemon [_thread_blocked, id=31724, stack(0x000000292d100000,0x000000292d200000) (1024K)]
  0x000001e1d4569d60 JavaThread "Service Thread"             daemon [_thread_blocked, id=5500, stack(0x000000292d200000,0x000000292d300000) (1024K)]
  0x000001e1d4573b20 JavaThread "Monitor Deflation Thread"   daemon [_thread_blocked, id=12392, stack(0x000000292d300000,0x000000292d400000) (1024K)]
  0x000001e1d4577ff0 JavaThread "C2 CompilerThread0"         daemon [_thread_in_native, id=12768, stack(0x000000292d400000,0x000000292d500000) (1024K)]
  0x000001e1d459c3d0 JavaThread "C1 CompilerThread0"         daemon [_thread_in_native, id=2452, stack(0x000000292d500000,0x000000292d600000) (1024K)]
  0x000001e1d46731e0 JavaThread "Common-Cleaner"             daemon [_thread_blocked, id=29980, stack(0x000000292d600000,0x000000292d700000) (1024K)]
  0x000001e1d476e8f0 JavaThread "C2 CompilerThread1"         daemon [_thread_in_native, id=10296, stack(0x000000292d700000,0x000000292d800000) (1024K)]
  0x000001e1d46724c0 JavaThread "Notification Thread"        daemon [_thread_blocked, id=16616, stack(0x000000292d800000,0x000000292d900000) (1024K)]
  0x000001e1d46703f0 JavaThread "Active Thread: Equinox Container: 065c778d-772c-4fe4-b02c-8b0bc53d2e1b"        [_thread_blocked, id=16600, stack(0x000000292e000000,0x000000292e100000) (1024K)]
  0x000001e1d46717a0 JavaThread "Refresh Thread: Equinox Container: 065c778d-772c-4fe4-b02c-8b0bc53d2e1b" daemon [_thread_blocked, id=28776, stack(0x000000292e200000,0x000000292e300000) (1024K)]
  0x000001e1d4670a80 JavaThread "Framework Event Dispatcher: Equinox Container: 065c778d-772c-4fe4-b02c-8b0bc53d2e1b" daemon [_thread_blocked, id=28056, stack(0x000000292e300000,0x000000292e400000) (1024K)]
  0x000001e1d4672b50 JavaThread "Start Level: Equinox Container: 065c778d-772c-4fe4-b02c-8b0bc53d2e1b" daemon [_thread_blocked, id=16404, stack(0x000000292e400000,0x000000292e500000) (1024K)]
  0x000001e1d4671110 JavaThread "Bundle File Closer"         daemon [_thread_blocked, id=6008, stack(0x000000292e700000,0x000000292e800000) (1024K)]
  0x000001e1d466fd60 JavaThread "SCR Component Actor"        daemon [_thread_blocked, id=18344, stack(0x000000292e800000,0x000000292e900000) (1024K)]
  0x000001e1da3365c0 JavaThread "Worker-JM"                         [_thread_blocked, id=20208, stack(0x000000292e900000,0x000000292ea00000) (1024K)]
  0x000001e1da3337d0 JavaThread "JNA Cleaner"                daemon [_thread_blocked, id=11424, stack(0x000000292d900000,0x000000292da00000) (1024K)]
  0x000001e1da3344f0 JavaThread "Worker-0"                          [_thread_blocked, id=4612, stack(0x000000292ea00000,0x000000292eb00000) (1024K)]
  0x000001e1da334b80 JavaThread "Worker-1"                          [_thread_blocked, id=27188, stack(0x000000292eb00000,0x000000292ec00000) (1024K)]
  0x000001e1da333140 JavaThread "Java indexing"              daemon [_thread_blocked, id=10796, stack(0x000000292ec00000,0x000000292ed00000) (1024K)]
  0x000001e1da335210 JavaThread "Worker-2: Initialize workspace"        [_thread_in_vm, id=19660, stack(0x000000292ef00000,0x000000292f000000) (1024K)]
  0x000001e1da3358a0 JavaThread "Worker-3"                          [_thread_blocked, id=1772, stack(0x000000292f000000,0x000000292f100000) (1024K)]
  0x000001e1da3393b0 JavaThread "Thread-1"                   daemon [_thread_in_native, id=11960, stack(0x000000292f100000,0x000000292f200000) (1024K)]
  0x000001e1da335f30 JavaThread "Thread-2"                   daemon [_thread_in_native, id=18660, stack(0x000000292f200000,0x000000292f300000) (1024K)]
  0x000001e1da338690 JavaThread "Thread-3"                   daemon [_thread_in_native, id=21784, stack(0x000000292f300000,0x000000292f400000) (1024K)]
  0x000001e1da338d20 JavaThread "Thread-4"                   daemon [_thread_in_native, id=20916, stack(0x000000292f400000,0x000000292f500000) (1024K)]
  0x000001e1da338000 JavaThread "Thread-5"                   daemon [_thread_in_native, id=26036, stack(0x000000292f500000,0x000000292f600000) (1024K)]
  0x000001e1da336c50 JavaThread "Thread-6"                   daemon [_thread_in_native, id=27712, stack(0x000000292f600000,0x000000292f700000) (1024K)]
  0x000001e1da3372e0 JavaThread "Thread-7"                   daemon [_thread_in_native, id=28528, stack(0x000000292f700000,0x000000292f800000) (1024K)]
  0x000001e1da33a0d0 JavaThread "Thread-8"                   daemon [_thread_in_native, id=6416, stack(0x000000292f800000,0x000000292f900000) (1024K)]
  0x000001e1da337970 JavaThread "Thread-9"                   daemon [_thread_in_native, id=19444, stack(0x000000292f900000,0x000000292fa00000) (1024K)]
  0x000001e1da339a40 JavaThread "Thread-10"                  daemon [_thread_in_native, id=17828, stack(0x000000292fa00000,0x000000292fb00000) (1024K)]
  0x000001e1da33a760 JavaThread "Thread-11"                  daemon [_thread_in_native, id=6052, stack(0x000000292fb00000,0x000000292fc00000) (1024K)]
  0x000001e1dc362630 JavaThread "Thread-12"                  daemon [_thread_in_native, id=11664, stack(0x000000292fc00000,0x000000292fd00000) (1024K)]
  0x000001e1dc361910 JavaThread "Thread-13"                  daemon [_thread_in_native, id=31604, stack(0x000000292fd00000,0x000000292fe00000) (1024K)]
  0x000001e1dc363350 JavaThread "pool-2-thread-1"                   [_thread_blocked, id=30216, stack(0x000000292fe00000,0x000000292ff00000) (1024K)]
  0x000001e1dc360bf0 JavaThread "WorkspaceEventsHandler"            [_thread_blocked, id=11052, stack(0x000000292ff00000,0x0000002930000000) (1024K)]
  0x000001e1dc361280 JavaThread "pool-1-thread-1"                   [_thread_blocked, id=30044, stack(0x0000002930000000,0x0000002930100000) (1024K)]
  0x000001e1dc360560 JavaThread "ForkJoinPool.commonPool-worker-1" daemon [_thread_blocked, id=13240, stack(0x0000002930100000,0x0000002930200000) (1024K)]
  0x000001e1dc362cc0 JavaThread "ForkJoinPool.commonPool-worker-2" daemon [_thread_blocked, id=1632, stack(0x0000002930200000,0x0000002930300000) (1024K)]
  0x000001e1dc3639e0 JavaThread "ForkJoinPool.commonPool-worker-3" daemon [_thread_in_vm, id=10616, stack(0x0000002930300000,0x0000002930400000) (1024K)]
  0x000001e1dc364d90 JavaThread "ForkJoinPool.commonPool-worker-4" daemon [_thread_blocked, id=12200, stack(0x0000002930400000,0x0000002930500000) (1024K)]
  0x000001e1dc364070 JavaThread "ForkJoinPool.commonPool-worker-5" daemon [_thread_blocked, id=30312, stack(0x0000002930500000,0x0000002930600000) (1024K)]
  0x000001e1dc364700 JavaThread "ForkJoinPool.commonPool-worker-6" daemon [_thread_blocked, id=9888, stack(0x0000002930600000,0x0000002930700000) (1024K)]
  0x000001e1dc365420 JavaThread "ForkJoinPool.commonPool-worker-7" daemon [_thread_blocked, id=30896, stack(0x0000002930700000,0x0000002930800000) (1024K)]
  0x000001e1dc361fa0 JavaThread "ForkJoinPool.commonPool-worker-8" daemon [_thread_blocked, id=22556, stack(0x0000002930800000,0x0000002930900000) (1024K)]
  0x000001e1dc365ab0 JavaThread "ForkJoinPool.commonPool-worker-9" daemon [_thread_blocked, id=14532, stack(0x0000002930900000,0x0000002930a00000) (1024K)]
  0x000001e1dc3667d0 JavaThread "ForkJoinPool.commonPool-worker-10" daemon [_thread_blocked, id=15280, stack(0x0000002930a00000,0x0000002930b00000) (1024K)]
  0x000001e1dc366140 JavaThread "ForkJoinPool.commonPool-worker-11" daemon [_thread_in_Java, id=18928, stack(0x0000002930b00000,0x0000002930c00000) (1024K)]
=>0x000001e1dc404530 JavaThread "C2 CompilerThread2"         daemon [_thread_in_native, id=29800, stack(0x0000002930c00000,0x0000002930d00000) (1024K)]
  0x000001e1db4019b0 JavaThread "Worker-4"                          [_thread_blocked, id=24628, stack(0x0000002930d00000,0x0000002930e00000) (1024K)]
Total: 54

Other Threads:
  0x000001e1facdebf0 VMThread "VM Thread"                           [id=8052, stack(0x000000292cd00000,0x000000292ce00000) (1024K)]
  0x000001e1faaaba00 WatcherThread "VM Periodic Task Thread"        [id=29940, stack(0x000000292cc00000,0x000000292cd00000) (1024K)]
  0x000001e1fac39840 WorkerThread "GC Thread#0"                     [id=24296, stack(0x000000292cb00000,0x000000292cc00000) (1024K)]
  0x000001e1d494fe10 WorkerThread "GC Thread#1"                     [id=17600, stack(0x000000292da00000,0x000000292db00000) (1024K)]
  0x000001e1d97b85b0 WorkerThread "GC Thread#2"                     [id=24448, stack(0x000000292db00000,0x000000292dc00000) (1024K)]
  0x000001e1d97b8950 WorkerThread "GC Thread#3"                     [id=13688, stack(0x000000292dc00000,0x000000292dd00000) (1024K)]
  0x000001e1d960d1d0 WorkerThread "GC Thread#4"                     [id=19396, stack(0x000000292dd00000,0x000000292de00000) (1024K)]
  0x000001e1d960d570 WorkerThread "GC Thread#5"                     [id=31216, stack(0x000000292de00000,0x000000292df00000) (1024K)]
  0x000001e1d960dd20 WorkerThread "GC Thread#6"                     [id=24600, stack(0x000000292df00000,0x000000292e000000) (1024K)]
  0x000001e1d97cbae0 WorkerThread "GC Thread#7"                     [id=10436, stack(0x000000292e100000,0x000000292e200000) (1024K)]
  0x000001e1d9e62a70 WorkerThread "GC Thread#8"                     [id=24368, stack(0x000000292e500000,0x000000292e600000) (1024K)]
  0x000001e1d96f4ab0 WorkerThread "GC Thread#9"                     [id=12956, stack(0x000000292e600000,0x000000292e700000) (1024K)]
Total: 12

Threads with active compile tasks:
C2 CompilerThread0  9856 7769       4       java.lang.invoke.MethodType::makeImpl (109 bytes)
C2 CompilerThread1  9856 7875       4       java.net.URI$Parser::checkChars (44 bytes)
C2 CompilerThread2  9857 7709       4       java.lang.ClassLoader::defineClass (43 bytes)
Total: 3

VM state: not at safepoint (normal execution)

VM Mutex/Monitor currently owned by a thread: None

Heap address: 0x0000000080000000, size: 2048 MB, Compressed Oops mode: 32-bit

CDS archive(s) mapped at: [0x000001e193000000-0x000001e193ba0000-0x000001e193ba0000), size 12189696, SharedBaseAddress: 0x000001e193000000, ArchiveRelocationMode: 1.
Compressed class space mapped at: 0x000001e194000000-0x000001e1d4000000, reserved size: 1073741824
Narrow klass base: 0x000001e193000000, Narrow klass shift: 0, Narrow klass range: 0x100000000

GC Precious Log:
 CardTable entry size: 512
 CPUs: 12 total, 12 available
 Memory: 7381M
 Large Page Support: Disabled
 NUMA Support: Disabled
 Compressed Oops: Enabled (32-bit)
 Alignments: Space 512K, Generation 512K, Heap 2M
 Heap Min Capacity: 100M
 Heap Initial Capacity: 100M
 Heap Max Capacity: 2G
 Pre-touch: Disabled
 Parallel Workers: 10

Heap:
 PSYoungGen      total 17408K, used 13449K [0x00000000d5580000, 0x00000000d6900000, 0x0000000100000000)
  eden space 16896K, 76% used [0x00000000d5580000,0x00000000d6223300,0x00000000d6600000)
  from space 512K, 99% used [0x00000000d6880000,0x00000000d68ff450,0x00000000d6900000)
  to   space 1536K, 0% used [0x00000000d6600000,0x00000000d6600000,0x00000000d6780000)
 ParOldGen       total 68608K, used 51968K [0x0000000080000000, 0x0000000084300000, 0x00000000d5580000)
  object space 68608K, 75% used [0x0000000080000000,0x00000000832c0020,0x0000000084300000)
 Metaspace       used 57190K, committed 58624K, reserved 1114112K
  class space    used 6170K, committed 6784K, reserved 1048576K

Card table byte_map: [0x000001e1fa5c0000,0x000001e1fa9d0000] _byte_map_base: 0x000001e1fa1c0000

Marking Bits: (ParMarkBitMap*) 0x00007ff99cd0a340
 Begin Bits: [0x000001e18f000000, 0x000001e191000000)
 End Bits:   [0x000001e191000000, 0x000001e193000000)

Polling page: 0x000001e1f8a40000

Metaspace:

Usage:
  Non-class:     49.82 MB used.
      Class:      6.03 MB used.
       Both:     55.85 MB used.

Virtual space:
  Non-class space:       64.00 MB reserved,      50.62 MB ( 79%) committed,  1 nodes.
      Class space:        1.00 GB reserved,       6.62 MB ( <1%) committed,  1 nodes.
             Both:        1.06 GB reserved,      57.25 MB (  5%) committed. 

Chunk freelists:
   Non-Class:  12.94 MB
       Class:  9.22 MB
        Both:  22.16 MB

MaxMetaspaceSize: unlimited
CompressedClassSpaceSize: 1.00 GB
Initial GC threshold: 21.00 MB
Current GC threshold: 58.38 MB
CDS: on
 - commit_granule_bytes: 65536.
 - commit_granule_words: 8192.
 - virtual_space_node_default_size: 8388608.
 - enlarge_chunks_in_place: 1.
 - use_allocation_guard: 0.


Internal statistics:

num_allocs_failed_limit: 6.
num_arena_births: 1074.
num_arena_deaths: 14.
num_vsnodes_births: 2.
num_vsnodes_deaths: 0.
num_space_committed: 916.
num_space_uncommitted: 0.
num_chunks_returned_to_freelist: 20.
num_chunks_taken_from_freelist: 3689.
num_chunk_merges: 9.
num_chunk_splits: 2318.
num_chunks_enlarged: 1342.
num_inconsistent_stats: 0.

CodeHeap 'non-profiled nmethods': size=120000Kb used=4122Kb max_used=4122Kb free=115877Kb
 bounds [0x000001e187ad0000, 0x000001e187ee0000, 0x000001e18f000000]
CodeHeap 'profiled nmethods': size=120000Kb used=15395Kb max_used=15395Kb free=104604Kb
 bounds [0x000001e180000000, 0x000001e180f10000, 0x000001e187530000]
CodeHeap 'non-nmethods': size=5760Kb used=1405Kb max_used=1454Kb free=4354Kb
 bounds [0x000001e187530000, 0x000001e1877a0000, 0x000001e187ad0000]
CodeCache: size=245760Kb, used=20922Kb, max_used=20971Kb, free=224835Kb
 total_blobs=8009, nmethods=7293, adapters=622, full_count=0
Compilation: enabled, stopped_count=0, restarted_count=0

Compilation events (20 events):
Event: 8.781 Thread 0x000001e1d459c3d0 7846       3       com.google.common.collect.AbstractMapBasedMultimap$WrappedCollection::removeIfEmpty (47 bytes)
Event: 8.781 Thread 0x000001e1d459c3d0 nmethod 7846 0x000001e180efb890 code [0x000001e180efba80, 0x000001e180efbea8]
Event: 8.781 Thread 0x000001e1d459c3d0 7848       3       com.google.inject.name.NamedImpl::equals (28 bytes)
Event: 8.781 Thread 0x000001e1d459c3d0 nmethod 7848 0x000001e180efc010 code [0x000001e180efc200, 0x000001e180efc6a8]
Event: 8.782 Thread 0x000001e1d459c3d0 7850   !   3       com.google.inject.internal.ProviderToInternalFactoryAdapter::get (47 bytes)
Event: 8.783 Thread 0x000001e1d459c3d0 nmethod 7850 0x000001e180efc810 code [0x000001e180efca00, 0x000001e180efce00]
Event: 8.783 Thread 0x000001e1d459c3d0 7851       3       org.eclipse.sisu.inject.DefaultRankingFunction::rank (55 bytes)
Event: 8.784 Thread 0x000001e1d459c3d0 nmethod 7851 0x000001e180efd090 code [0x000001e180efd2e0, 0x000001e180efdbc0]
Event: 8.785 Thread 0x000001e1d476e8f0 nmethod 7755 0x000001e187eccf10 code [0x000001e187ecd260, 0x000001e187ece340]
Event: 8.786 Thread 0x000001e1d476e8f0 7791       4       com.google.inject.internal.LinkedBindingImpl::acceptTargetVisitor (8 bytes)
Event: 8.788 Thread 0x000001e1d476e8f0 nmethod 7791 0x000001e187ecf190 code [0x000001e187ecf320, 0x000001e187ecf438]
Event: 8.788 Thread 0x000001e1d476e8f0 7711   !   4       java.lang.reflect.Field::declaredAnnotations (82 bytes)
Event: 8.796 Thread 0x000001e1d476e8f0 nmethod 7711 0x000001e187ecf590 code [0x000001e187ecf7a0, 0x000001e187ecff78]
Event: 8.796 Thread 0x000001e1d476e8f0 7852   !   4       java.util.concurrent.ConcurrentHashMap::transfer (849 bytes)
Event: 8.804 Thread 0x000001e1d459c3d0 7853       3       org.apache.maven.model.io.xpp3.MavenXpp3ReaderEx::checkFieldWithDuplicate (75 bytes)
Event: 8.805 Thread 0x000001e1d459c3d0 nmethod 7853 0x000001e180efde10 code [0x000001e180efe0c0, 0x000001e180efeac0]
Event: 9.028 Thread 0x000001e1d459c3d0 7854       1       org.eclipse.lsp4j.jsonrpc.messages.Message::setJsonHandler (6 bytes)
Event: 9.028 Thread 0x000001e1d459c3d0 nmethod 7854 0x000001e187ed0310 code [0x000001e187ed04a0, 0x000001e187ed0580]
Event: 9.028 Thread 0x000001e1d459c3d0 7855       3       java.util.Collections$SynchronizedCollection::iterator (10 bytes)
Event: 9.028 Thread 0x000001e1d459c3d0 nmethod 7855 0x000001e180efef10 code [0x000001e180eff0c0, 0x000001e180eff298]

GC Heap History (20 events):
Event: 7.047 GC heap before
{Heap before GC invocations=29 (full 2):
 PSYoungGen      total 17408K, used 17408K [0x00000000d5580000, 0x00000000d6d00000, 0x0000000100000000)
  eden space 16896K, 100% used [0x00000000d5580000,0x00000000d6600000,0x00000000d6600000)
  from space 512K, 100% used [0x00000000d6980000,0x00000000d6a00000,0x00000000d6a00000)
  to   space 3584K, 0% used [0x00000000d6600000,0x00000000d6600000,0x00000000d6980000)
 ParOldGen       total 68608K, used 42474K [0x0000000080000000, 0x0000000084300000, 0x00000000d5580000)
  object space 68608K, 61% used [0x0000000080000000,0x000000008297aba0,0x0000000084300000)
 Metaspace       used 48841K, committed 50240K, reserved 1114112K
  class space    used 5324K, committed 5952K, reserved 1048576K
}
Event: 7.050 GC heap after
{Heap after GC invocations=29 (full 2):
 PSYoungGen      total 18944K, used 1796K [0x00000000d5580000, 0x00000000d6b00000, 0x0000000100000000)
  eden space 16896K, 0% used [0x00000000d5580000,0x00000000d5580000,0x00000000d6600000)
  from space 2048K, 87% used [0x00000000d6600000,0x00000000d67c1000,0x00000000d6800000)
  to   space 2560K, 0% used [0x00000000d6880000,0x00000000d6880000,0x00000000d6b00000)
 ParOldGen       total 68608K, used 42993K [0x0000000080000000, 0x0000000084300000, 0x00000000d5580000)
  object space 68608K, 62% used [0x0000000080000000,0x00000000829fc550,0x0000000084300000)
 Metaspace       used 48841K, committed 50240K, reserved 1114112K
  class space    used 5324K, committed 5952K, reserved 1048576K
}
Event: 7.091 GC heap before
{Heap before GC invocations=30 (full 2):
 PSYoungGen      total 18944K, used 18692K [0x00000000d5580000, 0x00000000d6b00000, 0x0000000100000000)
  eden space 16896K, 100% used [0x00000000d5580000,0x00000000d6600000,0x00000000d6600000)
  from space 2048K, 87% used [0x00000000d6600000,0x00000000d67c1000,0x00000000d6800000)
  to   space 2560K, 0% used [0x00000000d6880000,0x00000000d6880000,0x00000000d6b00000)
 ParOldGen       total 68608K, used 42993K [0x0000000080000000, 0x0000000084300000, 0x00000000d5580000)
  object space 68608K, 62% used [0x0000000080000000,0x00000000829fc550,0x0000000084300000)
 Metaspace       used 48872K, committed 50304K, reserved 1114112K
  class space    used 5327K, committed 5952K, reserved 1048576K
}
Event: 7.094 GC heap after
{Heap after GC invocations=30 (full 2):
 PSYoungGen      total 18944K, used 1760K [0x00000000d5580000, 0x00000000d6a80000, 0x0000000100000000)
  eden space 16896K, 0% used [0x00000000d5580000,0x00000000d5580000,0x00000000d6600000)
  from space 2048K, 85% used [0x00000000d6880000,0x00000000d6a38010,0x00000000d6a80000)
  to   space 2048K, 0% used [0x00000000d6600000,0x00000000d6600000,0x00000000d6800000)
 ParOldGen       total 68608K, used 44647K [0x0000000080000000, 0x0000000084300000, 0x00000000d5580000)
  object space 68608K, 65% used [0x0000000080000000,0x0000000082b99d68,0x0000000084300000)
 Metaspace       used 48872K, committed 50304K, reserved 1114112K
  class space    used 5327K, committed 5952K, reserved 1048576K
}
Event: 7.127 GC heap before
{Heap before GC invocations=31 (full 2):
 PSYoungGen      total 18944K, used 18656K [0x00000000d5580000, 0x00000000d6a80000, 0x0000000100000000)
  eden space 16896K, 100% used [0x00000000d5580000,0x00000000d6600000,0x00000000d6600000)
  from space 2048K, 85% used [0x00000000d6880000,0x00000000d6a38010,0x00000000d6a80000)
  to   space 2048K, 0% used [0x00000000d6600000,0x00000000d6600000,0x00000000d6800000)
 ParOldGen       total 68608K, used 44647K [0x0000000080000000, 0x0000000084300000, 0x00000000d5580000)
  object space 68608K, 65% used [0x0000000080000000,0x0000000082b99d68,0x0000000084300000)
 Metaspace       used 48891K, committed 50304K, reserved 1114112K
  class space    used 5327K, committed 5952K, reserved 1048576K
}
Event: 7.130 GC heap after
{Heap after GC invocations=31 (full 2):
 PSYoungGen      total 18944K, used 1568K [0x00000000d5580000, 0x00000000d6a00000, 0x0000000100000000)
  eden space 16896K, 0% used [0x00000000d5580000,0x00000000d5580000,0x00000000d6600000)
  from space 2048K, 76% used [0x00000000d6600000,0x00000000d6788000,0x00000000d6800000)
  to   space 2048K, 0% used [0x00000000d6800000,0x00000000d6800000,0x00000000d6a00000)
 ParOldGen       total 68608K, used 46335K [0x0000000080000000, 0x0000000084300000, 0x00000000d5580000)
  object space 68608K, 67% used [0x0000000080000000,0x0000000082d3fd78,0x0000000084300000)
 Metaspace       used 48891K, committed 50304K, reserved 1114112K
  class space    used 5327K, committed 5952K, reserved 1048576K
}
Event: 7.218 GC heap before
{Heap before GC invocations=32 (full 2):
 PSYoungGen      total 18944K, used 18464K [0x00000000d5580000, 0x00000000d6a00000, 0x0000000100000000)
  eden space 16896K, 100% used [0x00000000d5580000,0x00000000d6600000,0x00000000d6600000)
  from space 2048K, 76% used [0x00000000d6600000,0x00000000d6788000,0x00000000d6800000)
  to   space 2048K, 0% used [0x00000000d6800000,0x00000000d6800000,0x00000000d6a00000)
 ParOldGen       total 68608K, used 46335K [0x0000000080000000, 0x0000000084300000, 0x00000000d5580000)
  object space 68608K, 67% used [0x0000000080000000,0x0000000082d3fd78,0x0000000084300000)
 Metaspace       used 49197K, committed 50560K, reserved 1114112K
  class space    used 5368K, committed 5952K, reserved 1048576K
}
Event: 7.222 GC heap after
{Heap after GC invocations=32 (full 2):
 PSYoungGen      total 18944K, used 1504K [0x00000000d5580000, 0x00000000d6a00000, 0x0000000100000000)
  eden space 16896K, 0% used [0x00000000d5580000,0x00000000d5580000,0x00000000d6600000)
  from space 2048K, 73% used [0x00000000d6800000,0x00000000d6978000,0x00000000d6a00000)
  to   space 2048K, 0% used [0x00000000d6600000,0x00000000d6600000,0x00000000d6800000)
 ParOldGen       total 68608K, used 47791K [0x0000000080000000, 0x0000000084300000, 0x00000000d5580000)
  object space 68608K, 69% used [0x0000000080000000,0x0000000082eabf78,0x0000000084300000)
 Metaspace       used 49197K, committed 50560K, reserved 1114112K
  class space    used 5368K, committed 5952K, reserved 1048576K
}
Event: 7.553 GC heap before
{Heap before GC invocations=33 (full 2):
 PSYoungGen      total 18944K, used 18400K [0x00000000d5580000, 0x00000000d6a00000, 0x0000000100000000)
  eden space 16896K, 100% used [0x00000000d5580000,0x00000000d6600000,0x00000000d6600000)
  from space 2048K, 73% used [0x00000000d6800000,0x00000000d6978000,0x00000000d6a00000)
  to   space 2048K, 0% used [0x00000000d6600000,0x00000000d6600000,0x00000000d6800000)
 ParOldGen       total 68608K, used 47791K [0x0000000080000000, 0x0000000084300000, 0x00000000d5580000)
  object space 68608K, 69% used [0x0000000080000000,0x0000000082eabf78,0x0000000084300000)
 Metaspace       used 50842K, committed 52288K, reserved 1114112K
  class space    used 5585K, committed 6208K, reserved 1048576K
}
Event: 7.557 GC heap after
{Heap after GC invocations=33 (full 2):
 PSYoungGen      total 17920K, used 600K [0x00000000d5580000, 0x00000000d6880000, 0x0000000100000000)
  eden space 16896K, 0% used [0x00000000d5580000,0x00000000d5580000,0x00000000d6600000)
  from space 1024K, 58% used [0x00000000d6600000,0x00000000d66960c0,0x00000000d6700000)
  to   space 1024K, 0% used [0x00000000d6780000,0x00000000d6780000,0x00000000d6880000)
 ParOldGen       total 68608K, used 49088K [0x0000000080000000, 0x0000000084300000, 0x00000000d5580000)
  object space 68608K, 71% used [0x0000000080000000,0x0000000082ff0258,0x0000000084300000)
 Metaspace       used 50842K, committed 52288K, reserved 1114112K
  class space    used 5585K, committed 6208K, reserved 1048576K
}
Event: 7.892 GC heap before
{Heap before GC invocations=34 (full 2):
 PSYoungGen      total 17920K, used 17496K [0x00000000d5580000, 0x00000000d6880000, 0x0000000100000000)
  eden space 16896K, 100% used [0x00000000d5580000,0x00000000d6600000,0x00000000d6600000)
  from space 1024K, 58% used [0x00000000d6600000,0x00000000d66960c0,0x00000000d6700000)
  to   space 1024K, 0% used [0x00000000d6780000,0x00000000d6780000,0x00000000d6880000)
 ParOldGen       total 68608K, used 49088K [0x0000000080000000, 0x0000000084300000, 0x00000000d5580000)
  object space 68608K, 71% used [0x0000000080000000,0x0000000082ff0258,0x0000000084300000)
 Metaspace       used 51653K, committed 52992K, reserved 1114112K
  class space    used 5675K, committed 6272K, reserved 1048576K
}
Event: 7.893 GC heap after
{Heap after GC invocations=34 (full 2):
 PSYoungGen      total 17408K, used 448K [0x00000000d5580000, 0x00000000d6800000, 0x0000000100000000)
  eden space 16896K, 0% used [0x00000000d5580000,0x00000000d5580000,0x00000000d6600000)
  from space 512K, 87% used [0x00000000d6780000,0x00000000d67f0000,0x00000000d6800000)
  to   space 1024K, 0% used [0x00000000d6600000,0x00000000d6600000,0x00000000d6700000)
 ParOldGen       total 68608K, used 49536K [0x0000000080000000, 0x0000000084300000, 0x00000000d5580000)
  object space 68608K, 72% used [0x0000000080000000,0x0000000083060180,0x0000000084300000)
 Metaspace       used 51653K, committed 52992K, reserved 1114112K
  class space    used 5675K, committed 6272K, reserved 1048576K
}
Event: 8.135 GC heap before
{Heap before GC invocations=35 (full 2):
 PSYoungGen      total 17408K, used 17335K [0x00000000d5580000, 0x00000000d6800000, 0x0000000100000000)
  eden space 16896K, 99% used [0x00000000d5580000,0x00000000d65fdfe8,0x00000000d6600000)
  from space 512K, 87% used [0x00000000d6780000,0x00000000d67f0000,0x00000000d6800000)
  to   space 1024K, 0% used [0x00000000d6600000,0x00000000d6600000,0x00000000d6700000)
 ParOldGen       total 68608K, used 49536K [0x0000000080000000, 0x0000000084300000, 0x00000000d5580000)
  object space 68608K, 72% used [0x0000000080000000,0x0000000083060180,0x0000000084300000)
 Metaspace       used 52897K, committed 54272K, reserved 1114112K
  class space    used 5795K, committed 6400K, reserved 1048576K
}
Event: 8.137 GC heap after
{Heap after GC invocations=35 (full 2):
 PSYoungGen      total 17920K, used 1022K [0x00000000d5580000, 0x00000000d6b00000, 0x0000000100000000)
  eden space 16896K, 0% used [0x00000000d5580000,0x00000000d5580000,0x00000000d6600000)
  from space 1024K, 99% used [0x00000000d6600000,0x00000000d66ff958,0x00000000d6700000)
  to   space 2560K, 0% used [0x00000000d6880000,0x00000000d6880000,0x00000000d6b00000)
 ParOldGen       total 68608K, used 50528K [0x0000000080000000, 0x0000000084300000, 0x00000000d5580000)
  object space 68608K, 73% used [0x0000000080000000,0x0000000083158370,0x0000000084300000)
 Metaspace       used 52897K, committed 54272K, reserved 1114112K
  class space    used 5795K, committed 6400K, reserved 1048576K
}
Event: 8.199 GC heap before
{Heap before GC invocations=36 (full 2):
 PSYoungGen      total 17920K, used 17915K [0x00000000d5580000, 0x00000000d6b00000, 0x0000000100000000)
  eden space 16896K, 99% used [0x00000000d5580000,0x00000000d65ff3f0,0x00000000d6600000)
  from space 1024K, 99% used [0x00000000d6600000,0x00000000d66ff958,0x00000000d6700000)
  to   space 2560K, 0% used [0x00000000d6880000,0x00000000d6880000,0x00000000d6b00000)
 ParOldGen       total 68608K, used 50528K [0x0000000080000000, 0x0000000084300000, 0x00000000d5580000)
  object space 68608K, 73% used [0x0000000080000000,0x0000000083158370,0x0000000084300000)
 Metaspace       used 52915K, committed 54336K, reserved 1114112K
  class space    used 5795K, committed 6400K, reserved 1048576K
}
Event: 8.200 GC heap after
{Heap after GC invocations=36 (full 2):
 PSYoungGen      total 17408K, used 416K [0x00000000d5580000, 0x00000000d6900000, 0x0000000100000000)
  eden space 16896K, 0% used [0x00000000d5580000,0x00000000d5580000,0x00000000d6600000)
  from space 512K, 81% used [0x00000000d6880000,0x00000000d68e83d8,0x00000000d6900000)
  to   space 1024K, 0% used [0x00000000d6700000,0x00000000d6700000,0x00000000d6800000)
 ParOldGen       total 68608K, used 51182K [0x0000000080000000, 0x0000000084300000, 0x00000000d5580000)
  object space 68608K, 74% used [0x0000000080000000,0x00000000831fba60,0x0000000084300000)
 Metaspace       used 52915K, committed 54336K, reserved 1114112K
  class space    used 5795K, committed 6400K, reserved 1048576K
}
Event: 8.268 GC heap before
{Heap before GC invocations=37 (full 2):
 PSYoungGen      total 17408K, used 17312K [0x00000000d5580000, 0x00000000d6900000, 0x0000000100000000)
  eden space 16896K, 100% used [0x00000000d5580000,0x00000000d6600000,0x00000000d6600000)
  from space 512K, 81% used [0x00000000d6880000,0x00000000d68e83d8,0x00000000d6900000)
  to   space 1024K, 0% used [0x00000000d6700000,0x00000000d6700000,0x00000000d6800000)
 ParOldGen       total 68608K, used 51182K [0x0000000080000000, 0x0000000084300000, 0x00000000d5580000)
  object space 68608K, 74% used [0x0000000080000000,0x00000000831fba60,0x0000000084300000)
 Metaspace       used 53508K, committed 54912K, reserved 1114112K
  class space    used 5843K, committed 6464K, reserved 1048576K
}
Event: 8.269 GC heap after
{Heap after GC invocations=37 (full 2):
 PSYoungGen      total 17920K, used 224K [0x00000000d5580000, 0x00000000d6900000, 0x0000000100000000)
  eden space 16896K, 0% used [0x00000000d5580000,0x00000000d5580000,0x00000000d6600000)
  from space 1024K, 21% used [0x00000000d6700000,0x00000000d6738000,0x00000000d6800000)
  to   space 512K, 0% used [0x00000000d6880000,0x00000000d6880000,0x00000000d6900000)
 ParOldGen       total 68608K, used 51206K [0x0000000080000000, 0x0000000084300000, 0x00000000d5580000)
  object space 68608K, 74% used [0x0000000080000000,0x0000000083201a60,0x0000000084300000)
 Metaspace       used 53508K, committed 54912K, reserved 1114112K
  class space    used 5843K, committed 6464K, reserved 1048576K
}
Event: 8.670 GC heap before
{Heap before GC invocations=38 (full 2):
 PSYoungGen      total 17920K, used 17120K [0x00000000d5580000, 0x00000000d6900000, 0x0000000100000000)
  eden space 16896K, 100% used [0x00000000d5580000,0x00000000d6600000,0x00000000d6600000)
  from space 1024K, 21% used [0x00000000d6700000,0x00000000d6738000,0x00000000d6800000)
  to   space 512K, 0% used [0x00000000d6880000,0x00000000d6880000,0x00000000d6900000)
 ParOldGen       total 68608K, used 51206K [0x0000000080000000, 0x0000000084300000, 0x00000000d5580000)
  object space 68608K, 74% used [0x0000000080000000,0x0000000083201a60,0x0000000084300000)
 Metaspace       used 55921K, committed 57280K, reserved 1114112K
  class space    used 6044K, committed 6656K, reserved 1048576K
}
Event: 8.672 GC heap after
{Heap after GC invocations=38 (full 2):
 PSYoungGen      total 17408K, used 509K [0x00000000d5580000, 0x00000000d6900000, 0x0000000100000000)
  eden space 16896K, 0% used [0x00000000d5580000,0x00000000d5580000,0x00000000d6600000)
  from space 512K, 99% used [0x00000000d6880000,0x00000000d68ff450,0x00000000d6900000)
  to   space 1536K, 0% used [0x00000000d6600000,0x00000000d6600000,0x00000000d6780000)
 ParOldGen       total 68608K, used 51968K [0x0000000080000000, 0x0000000084300000, 0x00000000d5580000)
  object space 68608K, 75% used [0x0000000080000000,0x00000000832c0020,0x0000000084300000)
 Metaspace       used 55921K, committed 57280K, reserved 1114112K
  class space    used 6044K, committed 6656K, reserved 1048576K
}

Dll operation events (10 events):
Event: 0.019 Loaded shared library c:\Users\pedro\.vscode\extensions\redhat.java-1.46.0-win32-x64\jre\21.0.8-win32-x86_64\bin\java.dll
Event: 0.143 Loaded shared library c:\Users\pedro\.vscode\extensions\redhat.java-1.46.0-win32-x64\jre\21.0.8-win32-x86_64\bin\zip.dll
Event: 0.170 Loaded shared library C:\Users\pedro\.vscode\extensions\redhat.java-1.46.0-win32-x64\jre\21.0.8-win32-x86_64\bin\instrument.dll
Event: 0.176 Loaded shared library C:\Users\pedro\.vscode\extensions\redhat.java-1.46.0-win32-x64\jre\21.0.8-win32-x86_64\bin\net.dll
Event: 0.178 Loaded shared library C:\Users\pedro\.vscode\extensions\redhat.java-1.46.0-win32-x64\jre\21.0.8-win32-x86_64\bin\nio.dll
Event: 0.182 Loaded shared library C:\Users\pedro\.vscode\extensions\redhat.java-1.46.0-win32-x64\jre\21.0.8-win32-x86_64\bin\zip.dll
Event: 0.200 Loaded shared library C:\Users\pedro\.vscode\extensions\redhat.java-1.46.0-win32-x64\jre\21.0.8-win32-x86_64\bin\jimage.dll
Event: 0.285 Loaded shared library c:\Users\pedro\.vscode\extensions\redhat.java-1.46.0-win32-x64\jre\21.0.8-win32-x86_64\bin\verify.dll
Event: 1.474 Loaded shared library C:\Users\pedro\AppData\Roaming\Code\User\globalStorage\redhat.java\1.46.0\config_win\org.eclipse.equinox.launcher\org.eclipse.equinox.launcher.win32.win32.x86_64_1.2.1400.v20250801-0854\eclipse_11916.dll
Event: 2.951 Loaded shared library C:\Users\pedro\AppData\Local\Temp\jna-106542988\jna7671345576265628347.dll

Deoptimization events (20 events):
Event: 8.734 Thread 0x000001e1dc360560 DEOPT PACKING pc=0x000001e187c61eac sp=0x00000029301fe980
Event: 8.734 Thread 0x000001e1dc360560 DEOPT UNPACKING pc=0x000001e187583aa2 sp=0x00000029301fe910 mode 2
Event: 8.734 Thread 0x000001e1dc360560 Uncommon trap: trap_request=0xffffffde fr.pc=0x000001e187c61eac relative=0x0000000000000b4c
Event: 8.734 Thread 0x000001e1dc360560 Uncommon trap: reason=class_check action=maybe_recompile pc=0x000001e187c61eac method=java.util.concurrent.ConcurrentHashMap.putVal(Ljava/lang/Object;Ljava/lang/Object;Z)Ljava/lang/Object; @ 242 c2
Event: 8.734 Thread 0x000001e1dc360560 DEOPT PACKING pc=0x000001e187c61eac sp=0x00000029301fe980
Event: 8.734 Thread 0x000001e1dc360560 DEOPT UNPACKING pc=0x000001e187583aa2 sp=0x00000029301fe910 mode 2
Event: 8.739 Thread 0x000001e1dc361fa0 Uncommon trap: trap_request=0xffffff45 fr.pc=0x000001e187c61cc8 relative=0x0000000000000968
Event: 8.739 Thread 0x000001e1dc361fa0 Uncommon trap: reason=unstable_if action=reinterpret pc=0x000001e187c61cc8 method=java.util.concurrent.ConcurrentHashMap.putVal(Ljava/lang/Object;Ljava/lang/Object;Z)Ljava/lang/Object; @ 97 c2
Event: 8.739 Thread 0x000001e1dc361fa0 DEOPT PACKING pc=0x000001e187c61cc8 sp=0x00000029308fe660
Event: 8.739 Thread 0x000001e1dc361fa0 DEOPT UNPACKING pc=0x000001e187583aa2 sp=0x00000029308fe5e8 mode 2
Event: 8.739 Thread 0x000001e1dc361fa0 Uncommon trap: trap_request=0xffffff45 fr.pc=0x000001e187d81d18 relative=0x0000000000000fb8
Event: 8.739 Thread 0x000001e1dc361fa0 Uncommon trap: reason=unstable_if action=reinterpret pc=0x000001e187d81d18 method=sun.nio.fs.WindowsPathParser.normalize(Ljava/lang/StringBuilder;Ljava/lang/String;I)Ljava/lang/String; @ 100 c2
Event: 8.740 Thread 0x000001e1dc361fa0 DEOPT PACKING pc=0x000001e187d81d18 sp=0x00000029308fe620
Event: 8.740 Thread 0x000001e1dc361fa0 DEOPT UNPACKING pc=0x000001e187583aa2 sp=0x00000029308fe620 mode 2
Event: 8.740 Thread 0x000001e1dc360560 Uncommon trap: trap_request=0xffffff45 fr.pc=0x000001e187b8616c relative=0x000000000000004c
Event: 8.740 Thread 0x000001e1dc360560 Uncommon trap: reason=unstable_if action=reinterpret pc=0x000001e187b8616c method=sun.nio.fs.WindowsPathParser.isSlash(C)Z @ 9 c2
Event: 8.740 Thread 0x000001e1dc360560 DEOPT PACKING pc=0x000001e187b8616c sp=0x00000029301fe140
Event: 8.740 Thread 0x000001e1dc360560 DEOPT UNPACKING pc=0x000001e187583aa2 sp=0x00000029301fe0c8 mode 2
Event: 8.793 Thread 0x000001e1da335210 DEOPT PACKING pc=0x000001e1808815d6 sp=0x000000292effd8e0
Event: 8.793 Thread 0x000001e1da335210 DEOPT UNPACKING pc=0x000001e187584242 sp=0x000000292effce08 mode 0

Classes loaded (20 events):
Event: 8.518 Loading class java/util/WeakHashMap$KeyIterator
Event: 8.518 Loading class java/util/WeakHashMap$KeyIterator done
Event: 8.539 Loading class java/lang/StringLatin1$LinesSpliterator
Event: 8.540 Loading class java/lang/StringLatin1$LinesSpliterator done
Event: 8.552 Loading class java/util/stream/ReferencePipeline$4
Event: 8.552 Loading class java/util/stream/ReferencePipeline$4 done
Event: 8.552 Loading class java/util/stream/Nodes$IntFixedNodeBuilder
Event: 8.552 Loading class java/util/stream/Node$Builder$OfInt
Event: 8.552 Loading class java/util/stream/Node$Builder$OfInt done
Event: 8.552 Loading class java/util/stream/Nodes$IntArrayNode
Event: 8.553 Loading class java/util/stream/Nodes$IntArrayNode done
Event: 8.553 Loading class java/util/stream/Nodes$IntFixedNodeBuilder done
Event: 8.553 Loading class java/util/stream/ReferencePipeline$4$1
Event: 8.553 Loading class java/util/stream/ReferencePipeline$4$1 done
Event: 8.644 Loading class java/util/concurrent/CompletableFuture$UniApply
Event: 8.644 Loading class java/util/concurrent/CompletableFuture$UniApply done
Event: 8.644 Loading class java/util/concurrent/CompletableFuture$UniExceptionally
Event: 8.645 Loading class java/util/concurrent/CompletableFuture$UniExceptionally done
Event: 8.683 Loading class java/util/Hashtable$KeySet
Event: 8.683 Loading class java/util/Hashtable$KeySet done

Classes unloaded (7 events):
Event: 3.508 Thread 0x000001e1facdebf0 Unloading class 0x000001e1941aac00 'java/lang/invoke/LambdaForm$MH+0x000001e1941aac00'
Event: 3.508 Thread 0x000001e1facdebf0 Unloading class 0x000001e1941aa800 'java/lang/invoke/LambdaForm$MH+0x000001e1941aa800'
Event: 3.508 Thread 0x000001e1facdebf0 Unloading class 0x000001e1941aa400 'java/lang/invoke/LambdaForm$MH+0x000001e1941aa400'
Event: 3.508 Thread 0x000001e1facdebf0 Unloading class 0x000001e1941aa000 'java/lang/invoke/LambdaForm$MH+0x000001e1941aa000'
Event: 3.508 Thread 0x000001e1facdebf0 Unloading class 0x000001e1941a9c00 'java/lang/invoke/LambdaForm$BMH+0x000001e1941a9c00'
Event: 3.508 Thread 0x000001e1facdebf0 Unloading class 0x000001e1941a9800 'java/lang/invoke/LambdaForm$DMH+0x000001e1941a9800'
Event: 3.508 Thread 0x000001e1facdebf0 Unloading class 0x000001e1941a8400 'java/lang/invoke/LambdaForm$DMH+0x000001e1941a8400'

Classes redefined (0 events):
No events

Internal exceptions (20 events):
Event: 8.636 Thread 0x000001e1dc361280 Exception <a 'sun/nio/fs/WindowsException'{0x00000000d62be610}> (0x00000000d62be610) 
thrown [s\src\hotspot\share\prims\jni.cpp, line 520]
Event: 8.637 Thread 0x000001e1dc361280 Exception <a 'sun/nio/fs/WindowsException'{0x00000000d62bf5c8}> (0x00000000d62bf5c8) 
thrown [s\src\hotspot\share\prims\jni.cpp, line 520]
Event: 8.637 Thread 0x000001e1dc361280 Exception <a 'sun/nio/fs/WindowsException'{0x00000000d62bfbf8}> (0x00000000d62bfbf8) 
thrown [s\src\hotspot\share\prims\jni.cpp, line 520]
Event: 8.637 Thread 0x000001e1dc361280 Exception <a 'sun/nio/fs/WindowsException'{0x00000000d62c0780}> (0x00000000d62c0780) 
thrown [s\src\hotspot\share\prims\jni.cpp, line 520]
Event: 8.638 Thread 0x000001e1dc361280 Exception <a 'sun/nio/fs/WindowsException'{0x00000000d62c0db0}> (0x00000000d62c0db0) 
thrown [s\src\hotspot\share\prims\jni.cpp, line 520]
Event: 8.643 Thread 0x000001e1dc361280 Exception <a 'java/lang/IncompatibleClassChangeError'{0x00000000d6343510}: Found class java.lang.Object, but interface was expected> (0x00000000d6343510) 
thrown [s\src\hotspot\share\interpreter\linkResolver.cpp, line 840]
Event: 8.652 Thread 0x000001e1dc361280 Exception <a 'java/lang/IncompatibleClassChangeError'{0x00000000d63ea2a8}: Found class java.lang.Object, but interface was expected> (0x00000000d63ea2a8) 
thrown [s\src\hotspot\share\interpreter\linkResolver.cpp, line 840]
Event: 8.684 Thread 0x000001e1da335210 Exception <a 'java/io/FileNotFoundException'{0x00000000d5901898}> (0x00000000d5901898) 
thrown [s\src\hotspot\share\prims\jni.cpp, line 520]
Event: 8.684 Thread 0x000001e1da335210 Exception <a 'java/io/FileNotFoundException'{0x00000000d59028d8}> (0x00000000d59028d8) 
thrown [s\src\hotspot\share\prims\jni.cpp, line 520]
Event: 8.684 Thread 0x000001e1da335210 Exception <a 'java/io/FileNotFoundException'{0x00000000d5903668}> (0x00000000d5903668) 
thrown [s\src\hotspot\share\prims\jni.cpp, line 520]
Event: 8.688 Thread 0x000001e1dc366140 Implicit null exception at 0x000001e187b28ee4 to 0x000001e187b29c8c
Event: 8.710 Thread 0x000001e1da335210 Exception <a 'sun/nio/fs/WindowsException'{0x00000000d5c46270}> (0x00000000d5c46270) 
thrown [s\src\hotspot\share\prims\jni.cpp, line 520]
Event: 8.710 Thread 0x000001e1da335210 Exception <a 'sun/nio/fs/WindowsException'{0x00000000d5c468a0}> (0x00000000d5c468a0) 
thrown [s\src\hotspot\share\prims\jni.cpp, line 520]
Event: 8.711 Thread 0x000001e1da335210 Exception <a 'sun/nio/fs/WindowsException'{0x00000000d5c47570}> (0x00000000d5c47570) 
thrown [s\src\hotspot\share\prims\jni.cpp, line 520]
Event: 8.711 Thread 0x000001e1da335210 Exception <a 'sun/nio/fs/WindowsException'{0x00000000d5c47ba0}> (0x00000000d5c47ba0) 
thrown [s\src\hotspot\share\prims\jni.cpp, line 520]
Event: 8.716 Thread 0x000001e1da335210 Exception <a 'java/io/FileNotFoundException'{0x00000000d5cd7678}> (0x00000000d5cd7678) 
thrown [s\src\hotspot\share\prims\jni.cpp, line 520]
Event: 8.716 Thread 0x000001e1da335210 Exception <a 'java/io/FileNotFoundException'{0x00000000d5cd8430}> (0x00000000d5cd8430) 
thrown [s\src\hotspot\share\prims\jni.cpp, line 520]
Event: 8.723 Thread 0x000001e1da335210 Exception <a 'sun/nio/fs/WindowsException'{0x00000000d5d29f30}> (0x00000000d5d29f30) 
thrown [s\src\hotspot\share\prims\jni.cpp, line 520]
Event: 8.723 Thread 0x000001e1da335210 Exception <a 'sun/nio/fs/WindowsException'{0x00000000d5d2a560}> (0x00000000d5d2a560) 
thrown [s\src\hotspot\share\prims\jni.cpp, line 520]
Event: 8.727 Thread 0x000001e1dc361280 Exception <a 'java/lang/IncompatibleClassChangeError'{0x00000000d5db2370}: Found class java.lang.Object, but interface was expected> (0x00000000d5db2370) 
thrown [s\src\hotspot\share\interpreter\linkResolver.cpp, line 840]

ZGC Phase Switch (0 events):
No events

VM Operations (20 events):
Event: 7.130 Executing VM operation: ParallelGCFailedAllocation (Allocation Failure) done
Event: 7.218 Executing VM operation: ParallelGCFailedAllocation (Allocation Failure)
Event: 7.222 Executing VM operation: ParallelGCFailedAllocation (Allocation Failure) done
Event: 7.358 Executing VM operation: HandshakeAllThreads (Deoptimize)
Event: 7.358 Executing VM operation: HandshakeAllThreads (Deoptimize) done
Event: 7.553 Executing VM operation: ParallelGCFailedAllocation (Allocation Failure)
Event: 7.557 Executing VM operation: ParallelGCFailedAllocation (Allocation Failure) done
Event: 7.891 Executing VM operation: ParallelGCFailedAllocation (Allocation Failure)
Event: 7.893 Executing VM operation: ParallelGCFailedAllocation (Allocation Failure) done
Event: 8.135 Executing VM operation: ParallelGCFailedAllocation (Allocation Failure)
Event: 8.137 Executing VM operation: ParallelGCFailedAllocation (Allocation Failure) done
Event: 8.198 Executing VM operation: ParallelGCFailedAllocation (Allocation Failure)
Event: 8.200 Executing VM operation: ParallelGCFailedAllocation (Allocation Failure) done
Event: 8.268 Executing VM operation: ParallelGCFailedAllocation (Allocation Failure)
Event: 8.269 Executing VM operation: ParallelGCFailedAllocation (Allocation Failure) done
Event: 8.668 Executing VM operation: ParallelGCFailedAllocation (Allocation Failure)
Event: 8.672 Executing VM operation: ParallelGCFailedAllocation (Allocation Failure) done
Event: 8.739 Executing VM operation: HandshakeAllThreads (Deoptimize)
Event: 8.739 Executing VM operation: HandshakeAllThreads (Deoptimize) done
Event: 9.739 Executing VM operation: Cleanup

Memory protections (0 events):
No events

Nmethod flushes (20 events):
Event: 4.745 Thread 0x000001e1facdebf0 flushing  nmethod 0x000001e1805f6810
Event: 4.745 Thread 0x000001e1facdebf0 flushing  nmethod 0x000001e1805f6d10
Event: 4.745 Thread 0x000001e1facdebf0 flushing  nmethod 0x000001e1805f8590
Event: 4.745 Thread 0x000001e1facdebf0 flushing  nmethod 0x000001e1805fa310
Event: 4.745 Thread 0x000001e1facdebf0 flushing  nmethod 0x000001e1805faf90
Event: 4.745 Thread 0x000001e1facdebf0 flushing  nmethod 0x000001e180606f90
Event: 4.745 Thread 0x000001e1facdebf0 flushing  nmethod 0x000001e180618810
Event: 4.745 Thread 0x000001e1facdebf0 flushing  nmethod 0x000001e18061ed10
Event: 4.745 Thread 0x000001e1facdebf0 flushing  nmethod 0x000001e18062dc90
Event: 4.745 Thread 0x000001e1facdebf0 flushing  nmethod 0x000001e18062ff10
Event: 4.745 Thread 0x000001e1facdebf0 flushing  nmethod 0x000001e180635690
Event: 4.745 Thread 0x000001e1facdebf0 flushing  nmethod 0x000001e1806b4790
Event: 4.745 Thread 0x000001e1facdebf0 flushing  nmethod 0x000001e1806b5110
Event: 4.745 Thread 0x000001e1facdebf0 flushing  nmethod 0x000001e1806dd890
Event: 4.745 Thread 0x000001e1facdebf0 flushing  nmethod 0x000001e1806e7a10
Event: 4.745 Thread 0x000001e1facdebf0 flushing  nmethod 0x000001e1806e7e90
Event: 4.745 Thread 0x000001e1facdebf0 flushing  nmethod 0x000001e1806ecd10
Event: 4.745 Thread 0x000001e1facdebf0 flushing  nmethod 0x000001e180702410
Event: 4.745 Thread 0x000001e1facdebf0 flushing  nmethod 0x000001e180704090
Event: 4.745 Thread 0x000001e1facdebf0 flushing  nmethod 0x000001e18071e390

Events (20 events):
Event: 4.582 Thread 0x000001e1f8759820 Thread added: 0x000001e1dc362630
Event: 4.583 Thread 0x000001e1f8759820 Thread added: 0x000001e1dc361910
Event: 4.618 Thread 0x000001e1f8759820 Thread added: 0x000001e1dc363350
Event: 4.848 Thread 0x000001e1f8759820 Thread added: 0x000001e1dc360bf0
Event: 4.849 Thread 0x000001e1f8759820 Thread added: 0x000001e1dc361280
Event: 5.083 Thread 0x000001e1da3344f0 Thread added: 0x000001e1dc360560
Event: 5.083 Thread 0x000001e1da3344f0 Thread added: 0x000001e1dc362cc0
Event: 5.084 Thread 0x000001e1dc360560 Thread added: 0x000001e1dc3639e0
Event: 5.084 Thread 0x000001e1dc362cc0 Thread added: 0x000001e1dc364d90
Event: 5.084 Thread 0x000001e1dc3639e0 Thread added: 0x000001e1dc364070
Event: 5.084 Thread 0x000001e1dc364d90 Thread added: 0x000001e1dc364700
Event: 5.084 Thread 0x000001e1dc364070 Thread added: 0x000001e1dc365420
Event: 5.085 Thread 0x000001e1dc364700 Thread added: 0x000001e1dc361fa0
Event: 5.085 Thread 0x000001e1dc365420 Thread added: 0x000001e1dc365ab0
Event: 5.085 Thread 0x000001e1dc361fa0 Thread added: 0x000001e1dc3667d0
Event: 5.086 Thread 0x000001e1dc365ab0 Thread added: 0x000001e1dc366140
Event: 5.916 Thread 0x000001e1d459c3d0 Thread added: 0x000001e1d9b145c0
Event: 8.060 Thread 0x000001e1d9b145c0 Thread exited: 0x000001e1d9b145c0
Event: 8.156 Thread 0x000001e1d459c3d0 Thread added: 0x000001e1dc404530
Event: 8.574 Thread 0x000001e1dc361280 Thread added: 0x000001e1db4019b0


Dynamic libraries:
0x00007ff6db0d0000 - 0x00007ff6db0de000 	c:\Users\pedro\.vscode\extensions\redhat.java-1.46.0-win32-x64\jre\21.0.8-win32-x86_64\bin\java.exe
0x00007ffa30600000 - 0x00007ffa30869000 	C:\WINDOWS\SYSTEM32\ntdll.dll
0x00007ffa2ebc0000 - 0x00007ffa2ec89000 	C:\WINDOWS\System32\KERNEL32.DLL
0x00007ffa2d870000 - 0x00007ffa2dc63000 	C:\WINDOWS\System32\KERNELBASE.dll
0x00007ffa2dfe0000 - 0x00007ffa2e12b000 	C:\WINDOWS\System32\ucrtbase.dll
0x00007ffa27e00000 - 0x00007ffa27e18000 	c:\Users\pedro\.vscode\extensions\redhat.java-1.46.0-win32-x64\jre\21.0.8-win32-x86_64\bin\jli.dll
0x00007ffa2f690000 - 0x00007ffa2f854000 	C:\WINDOWS\System32\USER32.dll
0x00007ffa2d790000 - 0x00007ffa2d7b7000 	C:\WINDOWS\System32\win32u.dll
0x00007ffa304b0000 - 0x00007ffa304db000 	C:\WINDOWS\System32\GDI32.dll
0x00007ffa2deb0000 - 0x00007ffa2dfdd000 	C:\WINDOWS\System32\gdi32full.dll
0x00007ffa2d7c0000 - 0x00007ffa2d863000 	C:\WINDOWS\System32\msvcp_win.dll
0x00007ffa27860000 - 0x00007ffa2787e000 	c:\Users\pedro\.vscode\extensions\redhat.java-1.46.0-win32-x64\jre\21.0.8-win32-x86_64\bin\VCRUNTIME140.dll
0x00007ffa12ae0000 - 0x00007ffa12d73000 	C:\WINDOWS\WinSxS\amd64_microsoft.windows.common-controls_6595b64144ccf1df_6.0.26100.5074_none_3e0d6f78e32fd63f\COMCTL32.dll
0x00007ffa2e870000 - 0x00007ffa2e919000 	C:\WINDOWS\System32\msvcrt.dll
0x00007ffa2e6d0000 - 0x00007ffa2e6ff000 	C:\WINDOWS\System32\IMM32.DLL
0x00007ffa287a0000 - 0x00007ffa287ac000 	c:\Users\pedro\.vscode\extensions\redhat.java-1.46.0-win32-x64\jre\21.0.8-win32-x86_64\bin\vcruntime140_1.dll
0x00007ff9db450000 - 0x00007ff9db4dd000 	c:\Users\pedro\.vscode\extensions\redhat.java-1.46.0-win32-x64\jre\21.0.8-win32-x86_64\bin\msvcp140.dll
0x00007ff99c050000 - 0x00007ff99cde7000 	c:\Users\pedro\.vscode\extensions\redhat.java-1.46.0-win32-x64\jre\21.0.8-win32-x86_64\bin\server\jvm.dll
0x00007ffa2eb00000 - 0x00007ffa2ebb4000 	C:\WINDOWS\System32\ADVAPI32.dll
0x00007ffa2ec90000 - 0x00007ffa2ed36000 	C:\WINDOWS\System32\sechost.dll
0x00007ffa2ef40000 - 0x00007ffa2f058000 	C:\WINDOWS\System32\RPCRT4.dll
0x00007ffa2f870000 - 0x00007ffa2f8e4000 	C:\WINDOWS\System32\WS2_32.dll
0x00007ffa2d5f0000 - 0x00007ffa2d64e000 	C:\WINDOWS\SYSTEM32\POWRPROF.dll
0x00007ffa264a0000 - 0x00007ffa264d5000 	C:\WINDOWS\SYSTEM32\WINMM.dll
0x00007ffa21a40000 - 0x00007ffa21a4b000 	C:\WINDOWS\SYSTEM32\VERSION.dll
0x00007ffa2d5d0000 - 0x00007ffa2d5e4000 	C:\WINDOWS\SYSTEM32\UMPDC.dll
0x00007ffa2c570000 - 0x00007ffa2c58b000 	C:\WINDOWS\SYSTEM32\kernel.appcore.dll
0x00007ffa173a0000 - 0x00007ffa173aa000 	c:\Users\pedro\.vscode\extensions\redhat.java-1.46.0-win32-x64\jre\21.0.8-win32-x86_64\bin\jimage.dll
0x00007ffa20c60000 - 0x00007ffa20ea2000 	C:\WINDOWS\SYSTEM32\DBGHELP.DLL
0x00007ffa2f980000 - 0x00007ffa2fcfb000 	C:\WINDOWS\System32\combase.dll
0x00007ffa304e0000 - 0x00007ffa305b7000 	C:\WINDOWS\System32\OLEAUT32.dll
0x00007ffa12ea0000 - 0x00007ffa12edd000 	C:\WINDOWS\SYSTEM32\dbgcore.DLL
0x00007ffa2e330000 - 0x00007ffa2e3c9000 	C:\WINDOWS\System32\bcryptPrimitives.dll
0x00007ffa286e0000 - 0x00007ffa286ef000 	c:\Users\pedro\.vscode\extensions\redhat.java-1.46.0-win32-x64\jre\21.0.8-win32-x86_64\bin\instrument.dll
0x00007ff9de1d0000 - 0x00007ff9de1ef000 	c:\Users\pedro\.vscode\extensions\redhat.java-1.46.0-win32-x64\jre\21.0.8-win32-x86_64\bin\java.dll
0x00007ffa2fd00000 - 0x00007ffa3044d000 	C:\WINDOWS\System32\SHELL32.dll
0x00007ffa2e130000 - 0x00007ffa2e29c000 	C:\WINDOWS\System32\wintypes.dll
0x00007ffa2b3c0000 - 0x00007ffa2bc19000 	C:\WINDOWS\SYSTEM32\windows.storage.dll
0x00007ffa2ea00000 - 0x00007ffa2eaf0000 	C:\WINDOWS\System32\SHCORE.dll
0x00007ffa2eed0000 - 0x00007ffa2ef32000 	C:\WINDOWS\System32\shlwapi.dll
0x00007ffa2d6b0000 - 0x00007ffa2d6d9000 	C:\WINDOWS\SYSTEM32\profapi.dll
0x00007ff9dfc00000 - 0x00007ff9dfc18000 	c:\Users\pedro\.vscode\extensions\redhat.java-1.46.0-win32-x64\jre\21.0.8-win32-x86_64\bin\zip.dll
0x00007ffa14ec0000 - 0x00007ffa14ed0000 	C:\Users\pedro\.vscode\extensions\redhat.java-1.46.0-win32-x64\jre\21.0.8-win32-x86_64\bin\net.dll
0x00007ffa233c0000 - 0x00007ffa234df000 	C:\WINDOWS\SYSTEM32\WINHTTP.dll
0x00007ffa2caf0000 - 0x00007ffa2cb5b000 	C:\WINDOWS\system32\mswsock.dll
0x00007ff9db430000 - 0x00007ff9db446000 	C:\Users\pedro\.vscode\extensions\redhat.java-1.46.0-win32-x64\jre\21.0.8-win32-x86_64\bin\nio.dll
0x00007ffa286d0000 - 0x00007ffa286e0000 	c:\Users\pedro\.vscode\extensions\redhat.java-1.46.0-win32-x64\jre\21.0.8-win32-x86_64\bin\verify.dll
0x00007ff9e0530000 - 0x00007ff9e0574000 	C:\Users\pedro\AppData\Roaming\Code\User\globalStorage\redhat.java\1.46.0\config_win\org.eclipse.equinox.launcher\org.eclipse.equinox.launcher.win32.win32.x86_64_1.2.1400.v20250801-0854\eclipse_11916.dll
0x00007ffa2f4f0000 - 0x00007ffa2f688000 	C:\WINDOWS\System32\ole32.dll
0x00007ffa2cd90000 - 0x00007ffa2cdab000 	C:\WINDOWS\SYSTEM32\CRYPTSP.dll
0x00007ffa2c4d0000 - 0x00007ffa2c50b000 	C:\WINDOWS\system32\rsaenh.dll
0x00007ffa2cb90000 - 0x00007ffa2cbbb000 	C:\WINDOWS\SYSTEM32\USERENV.dll
0x00007ffa2d680000 - 0x00007ffa2d6a6000 	C:\WINDOWS\SYSTEM32\bcrypt.dll
0x00007ffa2cdb0000 - 0x00007ffa2cdbc000 	C:\WINDOWS\SYSTEM32\CRYPTBASE.dll
0x00007ffa2bfa0000 - 0x00007ffa2bfd4000 	C:\WINDOWS\SYSTEM32\IPHLPAPI.DLL
0x00007ffa2e920000 - 0x00007ffa2e92a000 	C:\WINDOWS\System32\NSI.dll
0x00007ff9e0330000 - 0x00007ff9e0379000 	C:\Users\pedro\AppData\Local\Temp\jna-106542988\jna7671345576265628347.dll
0x00007ffa2f860000 - 0x00007ffa2f868000 	C:\WINDOWS\System32\PSAPI.DLL
0x00007ffa267a0000 - 0x00007ffa267be000 	C:\WINDOWS\SYSTEM32\dhcpcsvc6.DLL
0x00007ffa26680000 - 0x00007ffa266a3000 	C:\WINDOWS\SYSTEM32\dhcpcsvc.DLL

JVMTI agents:
c:\Users\pedro\.vscode\extensions\redhat.java-1.46.0-win32-x64\lombok\lombok-1.18.39-4050.jar path:c:\Users\pedro\.vscode\extensions\redhat.java-1.46.0-win32-x64\jre\21.0.8-win32-x86_64\bin\instrument.dll, loaded, initialized, instrumentlib options:none

dbghelp: loaded successfully - version: 4.0.5 - missing functions: none
symbol engine: initialized successfully - sym options: 0x614 - pdb path: .;c:\Users\pedro\.vscode\extensions\redhat.java-1.46.0-win32-x64\jre\21.0.8-win32-x86_64\bin;C:\WINDOWS\SYSTEM32;C:\WINDOWS\WinSxS\amd64_microsoft.windows.common-controls_6595b64144ccf1df_6.0.26100.5074_none_3e0d6f78e32fd63f;c:\Users\pedro\.vscode\extensions\redhat.java-1.46.0-win32-x64\jre\21.0.8-win32-x86_64\bin\server;C:\Users\pedro\AppData\Roaming\Code\User\globalStorage\redhat.java\1.46.0\config_win\org.eclipse.equinox.launcher\org.eclipse.equinox.launcher.win32.win32.x86_64_1.2.1400.v20250801-0854;C:\Users\pedro\AppData\Local\Temp\jna-106542988

VM Arguments:
jvm_args: --add-modules=ALL-SYSTEM --add-opens=java.base/java.util=ALL-UNNAMED --add-opens=java.base/java.lang=ALL-UNNAMED --add-opens=java.base/sun.nio.fs=ALL-UNNAMED -Declipse.application=org.eclipse.jdt.ls.core.id1 -Dosgi.bundles.defaultStartLevel=4 -Declipse.product=org.eclipse.jdt.ls.core.product -Djava.import.generatesMetadataFilesAtProjectRoot=false -DDetectVMInstallationsJob.disabled=true -Dfile.encoding=utf8 -XX:+UseParallelGC -XX:GCTimeRatio=4 -XX:AdaptiveSizePolicyWeight=90 -Dsun.zip.disableMemoryMapping=true -Xmx2G -Xms100m -Xlog:disable -javaagent:c:\Users\pedro\.vscode\extensions\redhat.java-1.46.0-win32-x64\lombok\lombok-1.18.39-4050.jar -XX:+HeapDumpOnOutOfMemoryError -XX:HeapDumpPath=c:\Users\pedro\AppData\Roaming\Code\User\workspaceStorage\ace0eeac375cda41ba0dfc4af69d8916\redhat.java -Daether.dependencyCollector.impl=bf 
java_command: c:\Users\pedro\.vscode\extensions\redhat.java-1.46.0-win32-x64\server\plugins\org.eclipse.equinox.launcher_1.7.0.v20250519-0528.jar -configuration c:\Users\pedro\AppData\Roaming\Code\User\globalStorage\redhat.java\1.46.0\config_win -data c:\Users\pedro\AppData\Roaming\Code\User\workspaceStorage\ace0eeac375cda41ba0dfc4af69d8916\redhat.java\jdt_ws --pipe=\\.\pipe\lsp-ffda18b68d2d1d03a25424f01c939035-sock
java_class_path (initial): c:\Users\pedro\.vscode\extensions\redhat.java-1.46.0-win32-x64\server\plugins\org.eclipse.equinox.launcher_1.7.0.v20250519-0528.jar
Launcher Type: SUN_STANDARD

[Global flags]
    uintx AdaptiveSizePolicyWeight                 = 90                                        {product} {command line}
     intx CICompilerCount                          = 4                                         {product} {ergonomic}
    uintx GCTimeRatio                              = 4                                         {product} {command line}
     bool HeapDumpOnOutOfMemoryError               = true                                   {manageable} {command line}
    ccstr HeapDumpPath                             = c:\Users\pedro\AppData\Roaming\Code\User\workspaceStorage\ace0eeac375cda41ba0dfc4af69d8916\redhat.java         {manageable} {command line}
   size_t InitialHeapSize                          = 104857600                                 {product} {command line}
   size_t MaxHeapSize                              = 2147483648                                {product} {command line}
   size_t MaxNewSize                               = 715653120                                 {product} {ergonomic}
   size_t MinHeapDeltaBytes                        = 524288                                    {product} {ergonomic}
   size_t MinHeapSize                              = 104857600                                 {product} {command line}
   size_t NewSize                                  = 34603008                                  {product} {ergonomic}
    uintx NonNMethodCodeHeapSize                   = 5839372                                {pd product} {ergonomic}
    uintx NonProfiledCodeHeapSize                  = 122909434                              {pd product} {ergonomic}
   size_t OldSize                                  = 70254592                                  {product} {ergonomic}
    uintx ProfiledCodeHeapSize                     = 122909434                              {pd product} {ergonomic}
    uintx ReservedCodeCacheSize                    = 251658240                              {pd product} {ergonomic}
     bool SegmentedCodeCache                       = true                                      {product} {ergonomic}
   size_t SoftMaxHeapSize                          = 2147483648                             {manageable} {ergonomic}
     bool UseCompressedOops                        = true                           {product lp64_product} {ergonomic}
     bool UseLargePagesIndividualAllocation        = false                                  {pd product} {ergonomic}
     bool UseParallelGC                            = true                                      {product} {command line}

Logging:
Log output configuration:
 #0: stdout all=off uptime,level,tags foldmultilines=false
 #1: stderr all=off uptime,level,tags foldmultilines=false

Environment Variables:
JAVA_HOME=C:\Program Files\Java\jdk-24
PATH=C:\Program Files\Common Files\Oracle\Java\javapath;C:\WINDOWS\system32;C:\WINDOWS;C:\WINDOWS\System32\Wbem;C:\WINDOWS\System32\WindowsPowerShell\v1.0\;C:\WINDOWS\System32\OpenSSH\;C:\Program Files\nodejs\;C:\Program Files\Java\jdk-24\bin;C:\Program Files\Docker\Docker\resources\bin;C:\Program Files\Git\cmd;C:\Users\pedro\AppData\Local\Microsoft\WindowsApps;C:\Users\pedro\AppData\Local\Programs\Microsoft VS Code\bin;C:\Users\pedro\AppData\Roaming\npm;C:\Users\pedro\AppData\Local\GitHubDesktop\bin;C:\maven\maven-mvnd-1.0.2-windows-amd64\bin;
USERNAME=pedro
OS=Windows_NT
PROCESSOR_IDENTIFIER=AMD64 Family 25 Model 68 Stepping 1, AuthenticAMD
TMP=C:\Users\pedro\AppData\Local\Temp
TEMP=C:\Users\pedro\AppData\Local\Temp




Periodic native trim disabled

---------------  S Y S T E M  ---------------

OS:
 Windows 11 , 64 bit Build 26100 (10.0.26100.5074)
OS uptime: 2 days 9:54 hours
Hyper-V role detected

CPU: total 12 (initial active 12) (12 cores per cpu, 2 threads per core) family 25 model 68 stepping 1 microcode 0xa404107, cx8, cmov, fxsr, ht, mmx, 3dnowpref, sse, sse2, sse3, ssse3, sse4a, sse4.1, sse4.2, popcnt, lzcnt, tsc, tscinvbit, avx, avx2, aes, erms, clmul, bmi1, bmi2, adx, sha, fma, vzeroupper, clflush, clflushopt, hv, rdtscp, rdpid, fsrm, f16c, cet_ss
Processor Information for processor 0
  Max Mhz: 3301, Current Mhz: 2024, Mhz Limit: 3301
Processor Information for processor 1
  Max Mhz: 3301, Current Mhz: 2024, Mhz Limit: 3301
Processor Information for processor 2
  Max Mhz: 3301, Current Mhz: 2496, Mhz Limit: 3301
Processor Information for processor 3
  Max Mhz: 3301, Current Mhz: 2496, Mhz Limit: 3301
Processor Information for processor 4
  Max Mhz: 3301, Current Mhz: 2024, Mhz Limit: 3301
Processor Information for processor 5
  Max Mhz: 3301, Current Mhz: 2024, Mhz Limit: 3301
Processor Information for processor 6
  Max Mhz: 3301, Current Mhz: 2496, Mhz Limit: 3301
Processor Information for processor 7
  Max Mhz: 3301, Current Mhz: 2496, Mhz Limit: 3301
Processor Information for processor 8
  Max Mhz: 3301, Current Mhz: 2024, Mhz Limit: 3301
Processor Information for processor 9
  Max Mhz: 3301, Current Mhz: 2024, Mhz Limit: 3301
Processor Information for processor 10
  Max Mhz: 3301, Current Mhz: 2496, Mhz Limit: 3301
Processor Information for processor 11
  Max Mhz: 3301, Current Mhz: 2496, Mhz Limit: 3301

Memory: 4k page, system-wide physical 7381M (723M free)
TotalPageFile size 29909M (AvailPageFile size 13M)
current process WorkingSet (physical memory assigned to process): 275M, peak: 283M
current process commit charge ("private bytes"): 371M, peak: 379M

vm_info: OpenJDK 64-Bit Server VM (21.0.8+9-LTS) for windows-amd64 JRE (21.0.8+9-LTS), built on 2025-07-15T00:00:00Z by "admin" with MS VC++ 17.7 (VS2022)

END.
