#
# There is insufficient memory for the Java Runtime Environment to continue.
# Native memory allocation (malloc) failed to allocate 1193648 bytes. Error detail: Chunk::new
# Possible reasons:
#   The system is out of physical RAM or swap space
#   This process is running with CompressedOops enabled, and the Java Heap may be blocking the growth of the native heap
# Possible solutions:
#   Reduce memory load on the system
#   Increase physical memory or swap space
#   Check if swap backing store is full
#   Decrease Java heap size (-Xmx/-Xms)
#   Decrease number of Java threads
#   Decrease Java thread stack sizes (-Xss)
#   Set larger code cache with -XX:ReservedCodeCacheSize=
#   JVM is running with Unscaled Compressed Oops mode in which the Java heap is
#     placed in the first 4GB address space. The Java Heap base address is the
#     maximum limit for the native heap growth. Please use -XX:HeapBaseMinAddress
#     to set the Java Heap base and to place the Java Heap above 4GB virtual address.
# This output file may be truncated or incomplete.
#
#  Out of Memory Error (arena.cpp:168), pid=12080, tid=25564
#
# JRE version: OpenJDK Runtime Environment Temurin-21.0.8+9 (21.0.8+9) (build 21.0.8+9-LTS)
# Java VM: OpenJDK 64-Bit Server VM Temurin-21.0.8+9 (21.0.8+9-LTS, mixed mode, sharing, tiered, compressed oops, compressed class ptrs, parallel gc, windows-amd64)
# No core dump will be written. Minidumps are not enabled by default on client versions of Windows
#

---------------  S U M M A R Y ------------

Command Line: --add-modules=ALL-SYSTEM --add-opens=java.base/java.util=ALL-UNNAMED --add-opens=java.base/java.lang=ALL-UNNAMED --add-opens=java.base/sun.nio.fs=ALL-UNNAMED -Declipse.application=org.eclipse.jdt.ls.core.id1 -Dosgi.bundles.defaultStartLevel=4 -Declipse.product=org.eclipse.jdt.ls.core.product -Djava.import.generatesMetadataFilesAtProjectRoot=false -DDetectVMInstallationsJob.disabled=true -Dfile.encoding=utf8 -XX:+UseParallelGC -XX:GCTimeRatio=4 -XX:AdaptiveSizePolicyWeight=90 -Dsun.zip.disableMemoryMapping=true -Xmx2G -Xms100m -Xlog:disable -javaagent:c:\Users\pedro\.vscode\extensions\redhat.java-1.46.0-win32-x64\lombok\lombok-1.18.39-4050.jar -XX:+HeapDumpOnOutOfMemoryError -XX:HeapDumpPath=c:\Users\pedro\AppData\Roaming\Code\User\workspaceStorage\ace0eeac375cda41ba0dfc4af69d8916\redhat.java -Daether.dependencyCollector.impl=bf c:\Users\pedro\.vscode\extensions\redhat.java-1.46.0-win32-x64\server\plugins\org.eclipse.equinox.launcher_1.7.0.v20250519-0528.jar -configuration c:\Users\pedro\AppData\Roaming\Code\User\globalStorage\redhat.java\1.46.0\config_win -data c:\Users\pedro\AppData\Roaming\Code\User\workspaceStorage\ace0eeac375cda41ba0dfc4af69d8916\redhat.java\jdt_ws --pipe=\\.\pipe\lsp-88acc148a20f1fc39c5cb9f5c72157ff-sock

Host: AMD Ryzen 5 7535HS with Radeon Graphics        , 12 cores, 7G,  Windows 11 , 64 bit Build 26100 (10.0.26100.5074)
Time: Thu Oct  9 17:04:32 2025 Hora oficial do Brasil elapsed time: 18905.814297 seconds (0d 5h 15m 5s)

---------------  T H R E A D  ---------------

Current thread (0x00000210fe27dc10):  JavaThread "C2 CompilerThread1" daemon [_thread_in_native, id=25564, stack(0x0000009243600000,0x0000009243700000) (1024K)]


Current CompileTask:
C2:18905814 12924       4       org.eclipse.jdt.internal.compiler.classfmt.ModuleInfo::readModuleAttribute (1166 bytes)

Stack: [0x0000009243600000,0x0000009243700000]
Native frames: (J=compiled Java code, j=interpreted, Vv=VM code, C=native code)
V  [jvm.dll+0x6d2449]
V  [jvm.dll+0x8ae341]
V  [jvm.dll+0x8b08be]
V  [jvm.dll+0x8b0fa3]
V  [jvm.dll+0x280c96]
V  [jvm.dll+0xc581d]
V  [jvm.dll+0xc5d53]
V  [jvm.dll+0x3b919c]
V  [jvm.dll+0x385315]
V  [jvm.dll+0x38477a]
V  [jvm.dll+0x248ed0]
V  [jvm.dll+0x2484af]
V  [jvm.dll+0x1c89ee]
V  [jvm.dll+0x257d4d]
V  [jvm.dll+0x2562ea]
V  [jvm.dll+0x3f2d16]
V  [jvm.dll+0x857e6b]
V  [jvm.dll+0x6d0b0d]
C  [ucrtbase.dll+0x37b0]
C  [KERNEL32.DLL+0x2e8d7]
C  [ntdll.dll+0x8d9c]


---------------  P R O C E S S  ---------------

Threads class SMR info:
_java_thread_list=0x00000210903a6cf0, length=45, elements={
0x00000210a465b420, 0x00000210fe1048b0, 0x00000210fe105560, 0x00000210fe107fb0,
0x00000210fe108c00, 0x00000210fe10cf30, 0x00000210fe116470, 0x00000210fe121540,
0x00000210fe121fd0, 0x00000210fe210640, 0x00000210fe455a40, 0x00000210feb7b100,
0x00000210fefe5020, 0x00000210feeac130, 0x00000210feeac790, 0x00000210ff42f320,
0x00000210ff335040, 0x00000210ff3973b0, 0x00000210ff39a830, 0x00000210ff398760,
0x00000210ff398df0, 0x0000021084e9d140, 0x0000021084e9c420, 0x0000021084e9d7d0,
0x0000021084e9de60, 0x0000021084e9e4f0, 0x0000021084e9cab0, 0x0000021084e9b700,
0x0000021084e9bd90, 0x0000021084e9b070, 0x000002108568cfd0, 0x000002108568e380,
0x000002108568af00, 0x000002108568d660, 0x000002108568ea10, 0x000002108568b590,
0x000002108568f0a0, 0x0000021086bc8e80, 0x0000021086bc8160, 0x0000021086bc87f0,
0x0000021086bc7440, 0x0000021086bc9ba0, 0x0000021086bc7ad0, 0x00000210fe27dc10,
0x00000210fe27ac60
}

Java Threads: ( => current thread )
  0x00000210a465b420 JavaThread "main"                              [_thread_blocked, id=22840, stack(0x0000009241500000,0x0000009241600000) (1024K)]
  0x00000210fe1048b0 JavaThread "Reference Handler"          daemon [_thread_blocked, id=20652, stack(0x0000009241900000,0x0000009241a00000) (1024K)]
  0x00000210fe105560 JavaThread "Finalizer"                  daemon [_thread_blocked, id=28268, stack(0x0000009241a00000,0x0000009241b00000) (1024K)]
  0x00000210fe107fb0 JavaThread "Signal Dispatcher"          daemon [_thread_blocked, id=15476, stack(0x0000009241b00000,0x0000009241c00000) (1024K)]
  0x00000210fe108c00 JavaThread "Attach Listener"            daemon [_thread_blocked, id=22824, stack(0x0000009241c00000,0x0000009241d00000) (1024K)]
  0x00000210fe10cf30 JavaThread "Service Thread"             daemon [_thread_blocked, id=16520, stack(0x0000009241d00000,0x0000009241e00000) (1024K)]
  0x00000210fe116470 JavaThread "Monitor Deflation Thread"   daemon [_thread_blocked, id=4532, stack(0x0000009241e00000,0x0000009241f00000) (1024K)]
  0x00000210fe121540 JavaThread "C2 CompilerThread0"         daemon [_thread_blocked, id=18920, stack(0x0000009241f00000,0x0000009242000000) (1024K)]
  0x00000210fe121fd0 JavaThread "C1 CompilerThread0"         daemon [_thread_blocked, id=28072, stack(0x0000009242000000,0x0000009242100000) (1024K)]
  0x00000210fe210640 JavaThread "Common-Cleaner"             daemon [_thread_blocked, id=8092, stack(0x0000009242100000,0x0000009242200000) (1024K)]
  0x00000210fe455a40 JavaThread "Notification Thread"        daemon [_thread_blocked, id=5980, stack(0x0000009242300000,0x0000009242400000) (1024K)]
  0x00000210feb7b100 JavaThread "Active Thread: Equinox Container: 1f0ea5f2-60c5-4a96-a7f3-3c8e18ae7dd9"        [_thread_blocked, id=6568, stack(0x0000009242a00000,0x0000009242b00000) (1024K)]
  0x00000210fefe5020 JavaThread "Refresh Thread: Equinox Container: 1f0ea5f2-60c5-4a96-a7f3-3c8e18ae7dd9" daemon [_thread_blocked, id=5628, stack(0x0000009242c00000,0x0000009242d00000) (1024K)]
  0x00000210feeac130 JavaThread "Framework Event Dispatcher: Equinox Container: 1f0ea5f2-60c5-4a96-a7f3-3c8e18ae7dd9" daemon [_thread_blocked, id=18416, stack(0x0000009242d00000,0x0000009242e00000) (1024K)]
  0x00000210feeac790 JavaThread "Start Level: Equinox Container: 1f0ea5f2-60c5-4a96-a7f3-3c8e18ae7dd9" daemon [_thread_blocked, id=6688, stack(0x0000009242e00000,0x0000009242f00000) (1024K)]
  0x00000210ff42f320 JavaThread "Bundle File Closer"         daemon [_thread_blocked, id=7608, stack(0x0000009243100000,0x0000009243200000) (1024K)]
  0x00000210ff335040 JavaThread "SCR Component Actor"        daemon [_thread_blocked, id=10840, stack(0x0000009243200000,0x0000009243300000) (1024K)]
  0x00000210ff3973b0 JavaThread "Worker-JM"                         [_thread_blocked, id=25676, stack(0x0000009243300000,0x0000009243400000) (1024K)]
  0x00000210ff39a830 JavaThread "JNA Cleaner"                daemon [_thread_blocked, id=21140, stack(0x0000009242200000,0x0000009242300000) (1024K)]
  0x00000210ff398760 JavaThread "Java indexing"              daemon [_thread_blocked, id=23500, stack(0x0000009243800000,0x0000009243900000) (1024K)]
  0x00000210ff398df0 JavaThread "Worker-3"                          [_thread_blocked, id=23008, stack(0x0000009243b00000,0x0000009243c00000) (1024K)]
  0x0000021084e9d140 JavaThread "Thread-1"                   daemon [_thread_in_native, id=10884, stack(0x0000009243d00000,0x0000009243e00000) (1024K)]
  0x0000021084e9c420 JavaThread "Thread-2"                   daemon [_thread_in_native, id=24776, stack(0x0000009243e00000,0x0000009243f00000) (1024K)]
  0x0000021084e9d7d0 JavaThread "Thread-3"                   daemon [_thread_in_native, id=19520, stack(0x0000009243f00000,0x0000009244000000) (1024K)]
  0x0000021084e9de60 JavaThread "Thread-4"                   daemon [_thread_in_native, id=23048, stack(0x0000009244000000,0x0000009244100000) (1024K)]
  0x0000021084e9e4f0 JavaThread "Thread-5"                   daemon [_thread_in_native, id=6664, stack(0x0000009244100000,0x0000009244200000) (1024K)]
  0x0000021084e9cab0 JavaThread "Thread-6"                   daemon [_thread_in_native, id=16524, stack(0x0000009244200000,0x0000009244300000) (1024K)]
  0x0000021084e9b700 JavaThread "Thread-7"                   daemon [_thread_in_native, id=12364, stack(0x0000009244300000,0x0000009244400000) (1024K)]
  0x0000021084e9bd90 JavaThread "Thread-8"                   daemon [_thread_in_native, id=5340, stack(0x0000009244400000,0x0000009244500000) (1024K)]
  0x0000021084e9b070 JavaThread "Thread-9"                   daemon [_thread_in_native, id=11648, stack(0x0000009244500000,0x0000009244600000) (1024K)]
  0x000002108568cfd0 JavaThread "Thread-10"                  daemon [_thread_in_native, id=14252, stack(0x0000009244600000,0x0000009244700000) (1024K)]
  0x000002108568e380 JavaThread "Thread-11"                  daemon [_thread_in_native, id=21628, stack(0x0000009244700000,0x0000009244800000) (1024K)]
  0x000002108568af00 JavaThread "Thread-12"                  daemon [_thread_in_native, id=13388, stack(0x0000009244800000,0x0000009244900000) (1024K)]
  0x000002108568d660 JavaThread "Thread-13"                  daemon [_thread_in_native, id=13216, stack(0x0000009244900000,0x0000009244a00000) (1024K)]
  0x000002108568ea10 JavaThread "pool-2-thread-1"                   [_thread_blocked, id=24460, stack(0x0000009244a00000,0x0000009244b00000) (1024K)]
  0x000002108568b590 JavaThread "WorkspaceEventsHandler"            [_thread_blocked, id=20384, stack(0x0000009244b00000,0x0000009244c00000) (1024K)]
  0x000002108568f0a0 JavaThread "pool-1-thread-1"                   [_thread_blocked, id=17984, stack(0x0000009244c00000,0x0000009244d00000) (1024K)]
  0x0000021086bc8e80 JavaThread "Cleaner-0"                  daemon [_thread_blocked, id=15112, stack(0x0000009245800000,0x0000009245900000) (1024K)]
  0x0000021086bc8160 JavaThread "Worker-6"                          [_thread_blocked, id=25292, stack(0x0000009243500000,0x0000009243600000) (1024K)]
  0x0000021086bc87f0 JavaThread "ForkJoinPool.commonPool-worker-22" daemon [_thread_blocked, id=31472, stack(0x0000009241200000,0x0000009241300000) (1024K)]
  0x0000021086bc7440 JavaThread "ForkJoinPool.commonPool-worker-23" daemon [_thread_blocked, id=10024, stack(0x0000009241300000,0x0000009241400000) (1024K)]
  0x0000021086bc9ba0 JavaThread "ForkJoinPool.commonPool-worker-24" daemon [_thread_blocked, id=30076, stack(0x0000009241400000,0x0000009241500000) (1024K)]
  0x0000021086bc7ad0 JavaThread "ForkJoinPool.commonPool-worker-25" daemon [_thread_blocked, id=13500, stack(0x0000009243400000,0x0000009243500000) (1024K)]
=>0x00000210fe27dc10 JavaThread "C2 CompilerThread1"         daemon [_thread_in_native, id=25564, stack(0x0000009243600000,0x0000009243700000) (1024K)]
  0x00000210fe27ac60 JavaThread "C2 CompilerThread2"         daemon [_thread_blocked, id=22540, stack(0x0000009243700000,0x0000009243800000) (1024K)]
Total: 45

Other Threads:
  0x00000210fc1e4000 VMThread "VM Thread"                           [id=18420, stack(0x0000009241800000,0x0000009241900000) (1024K)]
  0x00000210fc0dca10 WatcherThread "VM Periodic Task Thread"        [id=3796, stack(0x0000009241700000,0x0000009241800000) (1024K)]
  0x00000210a467acf0 WorkerThread "GC Thread#0"                     [id=6048, stack(0x0000009241600000,0x0000009241700000) (1024K)]
  0x00000210feb713a0 WorkerThread "GC Thread#1"                     [id=27256, stack(0x0000009242400000,0x0000009242500000) (1024K)]
  0x00000210fe8cf3d0 WorkerThread "GC Thread#2"                     [id=17260, stack(0x0000009242500000,0x0000009242600000) (1024K)]
  0x00000210fe8cf770 WorkerThread "GC Thread#3"                     [id=27932, stack(0x0000009242600000,0x0000009242700000) (1024K)]
  0x00000210fe96aae0 WorkerThread "GC Thread#4"                     [id=4900, stack(0x0000009242700000,0x0000009242800000) (1024K)]
  0x00000210fe8cfb10 WorkerThread "GC Thread#5"                     [id=29548, stack(0x0000009242800000,0x0000009242900000) (1024K)]
  0x00000210fe9df250 WorkerThread "GC Thread#6"                     [id=18028, stack(0x0000009242900000,0x0000009242a00000) (1024K)]
  0x00000210feeded20 WorkerThread "GC Thread#7"                     [id=15680, stack(0x0000009242b00000,0x0000009242c00000) (1024K)]
  0x00000210ff552900 WorkerThread "GC Thread#8"                     [id=24684, stack(0x0000009242f00000,0x0000009243000000) (1024K)]
  0x00000210ff37e590 WorkerThread "GC Thread#9"                     [id=28788, stack(0x0000009243000000,0x0000009243100000) (1024K)]
Total: 12

Threads with active compile tasks:
C2 CompilerThread0  18907877 12941   !   4       org.eclipse.jdt.internal.core.NameLookup::seekModule (267 bytes)
C1 CompilerThread0  18907877 12977       3       org.eclipse.jdt.internal.compiler.ast.MethodDeclaration::traverse (269 bytes)
C2 CompilerThread1  18907877 12924       4       org.eclipse.jdt.internal.compiler.classfmt.ModuleInfo::readModuleAttribute (1166 bytes)
C2 CompilerThread2  18907877 12962       4       java.lang.reflect.Method::invoke (108 bytes)
Total: 4

VM state: at safepoint (normal execution)

VM Mutex/Monitor currently owned by a thread:  ([mutex/lock_event])
[0x00007ff99cd05458] Threads_lock - owner thread: 0x00000210fc1e4000
[0x00007ff99cd05558] Heap_lock - owner thread: 0x0000021086bc87f0
[0x00007ff99cd059d8] PSOldGenExpand_lock - owner thread: 0x00000210fe9df250

Heap address: 0x0000000080000000, size: 2048 MB, Compressed Oops mode: 32-bit

CDS archive(s) mapped at: [0x00000210bb000000-0x00000210bbba0000-0x00000210bbba0000), size 12189696, SharedBaseAddress: 0x00000210bb000000, ArchiveRelocationMode: 1.
Compressed class space mapped at: 0x00000210bc000000-0x00000210fc000000, reserved size: 1073741824
Narrow klass base: 0x00000210bb000000, Narrow klass shift: 0, Narrow klass range: 0x100000000

GC Precious Log:
 CardTable entry size: 512
 CPUs: 12 total, 12 available
 Memory: 7381M
 Large Page Support: Disabled
 NUMA Support: Disabled
 Compressed Oops: Enabled (32-bit)
 Alignments: Space 512K, Generation 512K, Heap 2M
 Heap Min Capacity: 100M
 Heap Initial Capacity: 100M
 Heap Max Capacity: 2G
 Pre-touch: Disabled
 Parallel Workers: 10

Heap:
 PSYoungGen      total 10752K, used 10228K [0x00000000d5580000, 0x00000000d6180000, 0x0000000100000000)
  eden space 9216K, 100% used [0x00000000d5580000,0x00000000d5e80000,0x00000000d5e80000)
  from space 1536K, 65% used [0x00000000d5e80000,0x00000000d5f7d240,0x00000000d6000000)
  to   space 1536K, 12% used [0x00000000d6000000,0x00000000d6030000,0x00000000d6180000)
 ParOldGen       total 210432K, used 210424K [0x0000000080000000, 0x000000008cd80000, 0x00000000d5580000)
  object space 210432K, 99% used [0x0000000080000000,0x000000008cd7e3a0,0x000000008cd80000)
 Metaspace       used 68729K, committed 70464K, reserved 1114112K
  class space    used 7234K, committed 8000K, reserved 1048576K

Card table byte_map: [0x00000210a4010000,0x00000210a4420000] _byte_map_base: 0x00000210a3c10000

Marking Bits: (ParMarkBitMap*) 0x00007ff99cd0a340
 Begin Bits: [0x00000210b6b00000, 0x00000210b8b00000)
 End Bits:   [0x00000210b8b00000, 0x00000210bab00000)

Polling page: 0x00000210a22e0000

Metaspace:

Usage:
  Non-class:     60.05 MB used.
      Class:      7.06 MB used.
       Both:     67.12 MB used.

Virtual space:
  Non-class space:       64.00 MB reserved,      61.00 MB ( 95%) committed,  1 nodes.
      Class space:        1.00 GB reserved,       7.81 MB ( <1%) committed,  1 nodes.
             Both:        1.06 GB reserved,      68.81 MB (  6%) committed. 

Chunk freelists:
   Non-Class:  2.33 MB
       Class:  8.09 MB
        Both:  10.42 MB

MaxMetaspaceSize: unlimited
CompressedClassSpaceSize: 1.00 GB
Initial GC threshold: 21.00 MB
Current GC threshold: 97.31 MB
CDS: on
 - commit_granule_bytes: 65536.
 - commit_granule_words: 8192.
 - virtual_space_node_default_size: 8388608.
 - enlarge_chunks_in_place: 1.
 - use_allocation_guard: 0.


Internal statistics:

num_allocs_failed_limit: 9.
num_arena_births: 1400.
num_arena_deaths: 14.
num_vsnodes_births: 2.
num_vsnodes_deaths: 0.
num_space_committed: 1101.
num_space_uncommitted: 0.
num_chunks_returned_to_freelist: 23.
num_chunks_taken_from_freelist: 4754.
num_chunk_merges: 12.
num_chunk_splits: 2886.
num_chunks_enlarged: 1563.
num_inconsistent_stats: 0.

CodeHeap 'non-profiled nmethods': size=120000Kb used=7862Kb max_used=7862Kb free=112137Kb
 bounds [0x00000210af320000, 0x00000210afad0000, 0x00000210b6850000]
CodeHeap 'profiled nmethods': size=120000Kb used=27603Kb max_used=27603Kb free=92396Kb
 bounds [0x00000210a7850000, 0x00000210a9350000, 0x00000210aed80000]
CodeHeap 'non-nmethods': size=5760Kb used=1458Kb max_used=1576Kb free=4301Kb
 bounds [0x00000210aed80000, 0x00000210aeff0000, 0x00000210af320000]
CodeCache: size=245760Kb, used=36923Kb, max_used=37041Kb, free=208834Kb
 total_blobs=12976, nmethods=12203, adapters=678, full_count=0
Compilation: enabled, stopped_count=0, restarted_count=0

Compilation events (20 events):
Event: 18904.849 Thread 0x00000210fe121fd0 12946       3       com.google.gson.internal.ConstructorConstructor$$Lambda/0x00000210bc3f91e8::construct (8 bytes)
Event: 18904.853 Thread 0x00000210fe121fd0 nmethod 12946 0x00000210a9331290 code [0x00000210a9331440, 0x00000210a9331578]
Event: 18904.853 Thread 0x00000210fe121fd0 12947   !   3       com.google.gson.internal.ConstructorConstructor::lambda$newDefaultConstructor$9 (98 bytes)
Event: 18904.863 Thread 0x00000210fe121fd0 nmethod 12947 0x00000210a9331610 code [0x00000210a9331a40, 0x00000210a9333278]
Event: 18904.863 Thread 0x00000210fe121fd0 12948       3       java.util.concurrent.CompletableFuture::postFire (69 bytes)
Event: 18904.864 Thread 0x00000210fe121fd0 nmethod 12948 0x00000210a9333d10 code [0x00000210a9333f00, 0x00000210a93342e8]
Event: 18904.891 Thread 0x00000210fe121fd0 12949       3       org.eclipse.lsp4j.jsonrpc.util.LimitedInputStream::read (56 bytes)
Event: 18904.894 Thread 0x00000210fe121fd0 nmethod 12949 0x00000210a9334410 code [0x00000210a93345e0, 0x00000210a9334930]
Event: 18904.894 Thread 0x00000210fe121fd0 12950       3       java.util.concurrent.CompletableFuture$UniCompletion::claim (34 bytes)
Event: 18904.895 Thread 0x00000210fe121fd0 nmethod 12950 0x00000210a9334a90 code [0x00000210a9334c60, 0x00000210a9334f48]
Event: 18904.895 Thread 0x00000210fe121fd0 12951       3       java.util.concurrent.ForkJoinTask::compareAndSetForkJoinTaskTag (34 bytes)
Event: 18904.895 Thread 0x00000210fe121fd0 nmethod 12951 0x00000210a9335010 code [0x00000210a93351c0, 0x00000210a9335448]
Event: 18904.895 Thread 0x00000210fe121fd0 12952       3       java.util.stream.Nodes$SpinedNodeBuilder::accept (29 bytes)
Event: 18904.896 Thread 0x00000210fe121fd0 nmethod 12952 0x00000210a9335510 code [0x00000210a93356c0, 0x00000210a9335810]
Event: 18904.898 Thread 0x00000210fe121fd0 12953       3       org.eclipse.jface.text.AbstractDocument::getLineOffset (11 bytes)
Event: 18904.901 Thread 0x00000210fe121fd0 nmethod 12953 0x00000210a9335890 code [0x00000210a9335a80, 0x00000210a9335f80]
Event: 18904.901 Thread 0x00000210fe121fd0 12954       3       org.eclipse.jface.text.AbstractLineTracker::getLineOffset (15 bytes)
Event: 18904.903 Thread 0x00000210fe121fd0 nmethod 12954 0x00000210a9336190 code [0x00000210a9336360, 0x00000210a9336728]
Event: 18904.903 Thread 0x00000210fe121fd0 12955       3       org.eclipse.jdt.ls.core.internal.handlers.JsonRpcHelpers::toDocument (52 bytes)
Event: 18904.907 Thread 0x00000210fe121fd0 nmethod 12955 0x00000210a9336890 code [0x00000210a9336aa0, 0x00000210a9337308]

GC Heap History (20 events):
Event: 982.256 GC heap before
{Heap before GC invocations=161 (full 3):
 PSYoungGen      total 9728K, used 9600K [0x00000000d5580000, 0x00000000d6180000, 0x0000000100000000)
  eden space 9216K, 100% used [0x00000000d5580000,0x00000000d5e80000,0x00000000d5e80000)
  from space 512K, 75% used [0x00000000d5e80000,0x00000000d5ee0020,0x00000000d5f00000)
  to   space 1536K, 0% used [0x00000000d6000000,0x00000000d6000000,0x00000000d6180000)
 ParOldGen       total 200192K, used 200100K [0x0000000080000000, 0x000000008c380000, 0x00000000d5580000)
  object space 200192K, 99% used [0x0000000080000000,0x000000008c3690d8,0x000000008c380000)
 Metaspace       used 68300K, committed 70016K, reserved 1114112K
  class space    used 7224K, committed 8000K, reserved 1048576K
}
Event: 982.260 GC heap after
{Heap after GC invocations=161 (full 3):
 PSYoungGen      total 10240K, used 889K [0x00000000d5580000, 0x00000000d6100000, 0x0000000100000000)
  eden space 9216K, 0% used [0x00000000d5580000,0x00000000d5580000,0x00000000d5e80000)
  from space 1024K, 86% used [0x00000000d6000000,0x00000000d60de7e0,0x00000000d6100000)
  to   space 1024K, 0% used [0x00000000d5f00000,0x00000000d5f00000,0x00000000d6000000)
 ParOldGen       total 200704K, used 200276K [0x0000000080000000, 0x000000008c400000, 0x00000000d5580000)
  object space 200704K, 99% used [0x0000000080000000,0x000000008c3950f8,0x000000008c400000)
 Metaspace       used 68300K, committed 70016K, reserved 1114112K
  class space    used 7224K, committed 8000K, reserved 1048576K
}
Event: 18425.246 GC heap before
{Heap before GC invocations=162 (full 3):
 PSYoungGen      total 10240K, used 10105K [0x00000000d5580000, 0x00000000d6100000, 0x0000000100000000)
  eden space 9216K, 100% used [0x00000000d5580000,0x00000000d5e80000,0x00000000d5e80000)
  from space 1024K, 86% used [0x00000000d6000000,0x00000000d60de7e0,0x00000000d6100000)
  to   space 1024K, 0% used [0x00000000d5f00000,0x00000000d5f00000,0x00000000d6000000)
 ParOldGen       total 200704K, used 200276K [0x0000000080000000, 0x000000008c400000, 0x00000000d5580000)
  object space 200704K, 99% used [0x0000000080000000,0x000000008c3950f8,0x000000008c400000)
 Metaspace       used 68407K, committed 70144K, reserved 1114112K
  class space    used 7224K, committed 8000K, reserved 1048576K
}
Event: 18425.322 GC heap after
{Heap after GC invocations=162 (full 3):
 PSYoungGen      total 10240K, used 1006K [0x00000000d5580000, 0x00000000d6380000, 0x0000000100000000)
  eden space 9216K, 0% used [0x00000000d5580000,0x00000000d5580000,0x00000000d5e80000)
  from space 1024K, 98% used [0x00000000d5f00000,0x00000000d5ffbb60,0x00000000d6000000)
  to   space 2560K, 0% used [0x00000000d6100000,0x00000000d6100000,0x00000000d6380000)
 ParOldGen       total 201728K, used 201289K [0x0000000080000000, 0x000000008c500000, 0x00000000d5580000)
  object space 201728K, 99% used [0x0000000080000000,0x000000008c492760,0x000000008c500000)
 Metaspace       used 68407K, committed 70144K, reserved 1114112K
  class space    used 7224K, committed 8000K, reserved 1048576K
}
Event: 18425.594 GC heap before
{Heap before GC invocations=163 (full 3):
 PSYoungGen      total 10240K, used 10222K [0x00000000d5580000, 0x00000000d6380000, 0x0000000100000000)
  eden space 9216K, 100% used [0x00000000d5580000,0x00000000d5e80000,0x00000000d5e80000)
  from space 1024K, 98% used [0x00000000d5f00000,0x00000000d5ffbb60,0x00000000d6000000)
  to   space 2560K, 0% used [0x00000000d6100000,0x00000000d6100000,0x00000000d6380000)
 ParOldGen       total 201728K, used 201289K [0x0000000080000000, 0x000000008c500000, 0x00000000d5580000)
  object space 201728K, 99% used [0x0000000080000000,0x000000008c492760,0x000000008c500000)
 Metaspace       used 68437K, committed 70144K, reserved 1114112K
  class space    used 7224K, committed 8000K, reserved 1048576K
}
Event: 18425.600 GC heap after
{Heap after GC invocations=163 (full 3):
 PSYoungGen      total 10752K, used 1056K [0x00000000d5580000, 0x00000000d6280000, 0x0000000100000000)
  eden space 9216K, 0% used [0x00000000d5580000,0x00000000d5580000,0x00000000d5e80000)
  from space 1536K, 68% used [0x00000000d6100000,0x00000000d6208000,0x00000000d6280000)
  to   space 1536K, 0% used [0x00000000d5f80000,0x00000000d5f80000,0x00000000d6100000)
 ParOldGen       total 202752K, used 202313K [0x0000000080000000, 0x000000008c600000, 0x00000000d5580000)
  object space 202752K, 99% used [0x0000000080000000,0x000000008c5927d0,0x000000008c600000)
 Metaspace       used 68437K, committed 70144K, reserved 1114112K
  class space    used 7224K, committed 8000K, reserved 1048576K
}
Event: 18426.072 GC heap before
{Heap before GC invocations=164 (full 3):
 PSYoungGen      total 10752K, used 10272K [0x00000000d5580000, 0x00000000d6280000, 0x0000000100000000)
  eden space 9216K, 100% used [0x00000000d5580000,0x00000000d5e80000,0x00000000d5e80000)
  from space 1536K, 68% used [0x00000000d6100000,0x00000000d6208000,0x00000000d6280000)
  to   space 1536K, 0% used [0x00000000d5f80000,0x00000000d5f80000,0x00000000d6100000)
 ParOldGen       total 202752K, used 202313K [0x0000000080000000, 0x000000008c600000, 0x00000000d5580000)
  object space 202752K, 99% used [0x0000000080000000,0x000000008c5927d0,0x000000008c600000)
 Metaspace       used 68506K, committed 70272K, reserved 1114112K
  class space    used 7224K, committed 8000K, reserved 1048576K
}
Event: 18426.128 GC heap after
{Heap after GC invocations=164 (full 3):
 PSYoungGen      total 10752K, used 1476K [0x00000000d5580000, 0x00000000d6280000, 0x0000000100000000)
  eden space 9216K, 0% used [0x00000000d5580000,0x00000000d5580000,0x00000000d5e80000)
  from space 1536K, 96% used [0x00000000d5f80000,0x00000000d60f1210,0x00000000d6100000)
  to   space 1536K, 0% used [0x00000000d6100000,0x00000000d6100000,0x00000000d6280000)
 ParOldGen       total 203264K, used 203198K [0x0000000080000000, 0x000000008c680000, 0x00000000d5580000)
  object space 203264K, 99% used [0x0000000080000000,0x000000008c66fa08,0x000000008c680000)
 Metaspace       used 68506K, committed 70272K, reserved 1114112K
  class space    used 7224K, committed 8000K, reserved 1048576K
}
Event: 18426.273 GC heap before
{Heap before GC invocations=165 (full 3):
 PSYoungGen      total 10752K, used 10692K [0x00000000d5580000, 0x00000000d6280000, 0x0000000100000000)
  eden space 9216K, 100% used [0x00000000d5580000,0x00000000d5e80000,0x00000000d5e80000)
  from space 1536K, 96% used [0x00000000d5f80000,0x00000000d60f1210,0x00000000d6100000)
  to   space 1536K, 0% used [0x00000000d6100000,0x00000000d6100000,0x00000000d6280000)
 ParOldGen       total 203264K, used 203198K [0x0000000080000000, 0x000000008c680000, 0x00000000d5580000)
  object space 203264K, 99% used [0x0000000080000000,0x000000008c66fa08,0x000000008c680000)
 Metaspace       used 68560K, committed 70272K, reserved 1114112K
  class space    used 7226K, committed 8000K, reserved 1048576K
}
Event: 18426.285 GC heap after
{Heap after GC invocations=165 (full 3):
 PSYoungGen      total 10752K, used 1252K [0x00000000d5580000, 0x00000000d6280000, 0x0000000100000000)
  eden space 9216K, 0% used [0x00000000d5580000,0x00000000d5580000,0x00000000d5e80000)
  from space 1536K, 81% used [0x00000000d6100000,0x00000000d6239210,0x00000000d6280000)
  to   space 1536K, 0% used [0x00000000d5f80000,0x00000000d5f80000,0x00000000d6100000)
 ParOldGen       total 204800K, used 204504K [0x0000000080000000, 0x000000008c800000, 0x00000000d5580000)
  object space 204800K, 99% used [0x0000000080000000,0x000000008c7b63b0,0x000000008c800000)
 Metaspace       used 68560K, committed 70272K, reserved 1114112K
  class space    used 7226K, committed 8000K, reserved 1048576K
}
Event: 18443.447 GC heap before
{Heap before GC invocations=166 (full 3):
 PSYoungGen      total 10752K, used 10468K [0x00000000d5580000, 0x00000000d6280000, 0x0000000100000000)
  eden space 9216K, 100% used [0x00000000d5580000,0x00000000d5e80000,0x00000000d5e80000)
  from space 1536K, 81% used [0x00000000d6100000,0x00000000d6239210,0x00000000d6280000)
  to   space 1536K, 0% used [0x00000000d5f80000,0x00000000d5f80000,0x00000000d6100000)
 ParOldGen       total 204800K, used 204504K [0x0000000080000000, 0x000000008c800000, 0x00000000d5580000)
  object space 204800K, 99% used [0x0000000080000000,0x000000008c7b63b0,0x000000008c800000)
 Metaspace       used 68599K, committed 70336K, reserved 1114112K
  class space    used 7227K, committed 8000K, reserved 1048576K
}
Event: 18443.451 GC heap after
{Heap after GC invocations=166 (full 3):
 PSYoungGen      total 10752K, used 1140K [0x00000000d5580000, 0x00000000d6180000, 0x0000000100000000)
  eden space 9216K, 0% used [0x00000000d5580000,0x00000000d5580000,0x00000000d5e80000)
  from space 1536K, 74% used [0x00000000d5f80000,0x00000000d609d200,0x00000000d6100000)
  to   space 512K, 0% used [0x00000000d6100000,0x00000000d6100000,0x00000000d6180000)
 ParOldGen       total 205824K, used 205573K [0x0000000080000000, 0x000000008c900000, 0x00000000d5580000)
  object space 205824K, 99% used [0x0000000080000000,0x000000008c8c15e0,0x000000008c900000)
 Metaspace       used 68599K, committed 70336K, reserved 1114112K
  class space    used 7227K, committed 8000K, reserved 1048576K
}
Event: 18443.471 GC heap before
{Heap before GC invocations=167 (full 3):
 PSYoungGen      total 10752K, used 10356K [0x00000000d5580000, 0x00000000d6180000, 0x0000000100000000)
  eden space 9216K, 100% used [0x00000000d5580000,0x00000000d5e80000,0x00000000d5e80000)
  from space 1536K, 74% used [0x00000000d5f80000,0x00000000d609d200,0x00000000d6100000)
  to   space 512K, 0% used [0x00000000d6100000,0x00000000d6100000,0x00000000d6180000)
 ParOldGen       total 205824K, used 205573K [0x0000000080000000, 0x000000008c900000, 0x00000000d5580000)
  object space 205824K, 99% used [0x0000000080000000,0x000000008c8c15e0,0x000000008c900000)
 Metaspace       used 68606K, committed 70336K, reserved 1114112K
  class space    used 7227K, committed 8000K, reserved 1048576K
}
Event: 18443.476 GC heap after
{Heap after GC invocations=167 (full 3):
 PSYoungGen      total 9728K, used 500K [0x00000000d5580000, 0x00000000d6380000, 0x0000000100000000)
  eden space 9216K, 0% used [0x00000000d5580000,0x00000000d5580000,0x00000000d5e80000)
  from space 512K, 97% used [0x00000000d6100000,0x00000000d617d200,0x00000000d6180000)
  to   space 2560K, 0% used [0x00000000d5e80000,0x00000000d5e80000,0x00000000d6100000)
 ParOldGen       total 207360K, used 207212K [0x0000000080000000, 0x000000008ca80000, 0x00000000d5580000)
  object space 207360K, 99% used [0x0000000080000000,0x000000008ca5b198,0x000000008ca80000)
 Metaspace       used 68606K, committed 70336K, reserved 1114112K
  class space    used 7227K, committed 8000K, reserved 1048576K
}
Event: 18443.493 GC heap before
{Heap before GC invocations=168 (full 3):
 PSYoungGen      total 9728K, used 9716K [0x00000000d5580000, 0x00000000d6380000, 0x0000000100000000)
  eden space 9216K, 100% used [0x00000000d5580000,0x00000000d5e80000,0x00000000d5e80000)
  from space 512K, 97% used [0x00000000d6100000,0x00000000d617d200,0x00000000d6180000)
  to   space 2560K, 0% used [0x00000000d5e80000,0x00000000d5e80000,0x00000000d6100000)
 ParOldGen       total 207360K, used 207212K [0x0000000080000000, 0x000000008ca80000, 0x00000000d5580000)
  object space 207360K, 99% used [0x0000000080000000,0x000000008ca5b198,0x000000008ca80000)
 Metaspace       used 68620K, committed 70336K, reserved 1114112K
  class space    used 7227K, committed 8000K, reserved 1048576K
}
Event: 18443.495 GC heap after
{Heap after GC invocations=168 (full 3):
 PSYoungGen      total 10752K, used 1140K [0x00000000d5580000, 0x00000000d6180000, 0x0000000100000000)
  eden space 9216K, 0% used [0x00000000d5580000,0x00000000d5580000,0x00000000d5e80000)
  from space 1536K, 74% used [0x00000000d5e80000,0x00000000d5f9d200,0x00000000d6000000)
  to   space 1536K, 0% used [0x00000000d6000000,0x00000000d6000000,0x00000000d6180000)
 ParOldGen       total 207872K, used 207717K [0x0000000080000000, 0x000000008cb00000, 0x00000000d5580000)
  object space 207872K, 99% used [0x0000000080000000,0x000000008cad9630,0x000000008cb00000)
 Metaspace       used 68620K, committed 70336K, reserved 1114112K
  class space    used 7227K, committed 8000K, reserved 1048576K
}
Event: 18443.543 GC heap before
{Heap before GC invocations=169 (full 3):
 PSYoungGen      total 10752K, used 10356K [0x00000000d5580000, 0x00000000d6180000, 0x0000000100000000)
  eden space 9216K, 100% used [0x00000000d5580000,0x00000000d5e80000,0x00000000d5e80000)
  from space 1536K, 74% used [0x00000000d5e80000,0x00000000d5f9d200,0x00000000d6000000)
  to   space 1536K, 0% used [0x00000000d6000000,0x00000000d6000000,0x00000000d6180000)
 ParOldGen       total 207872K, used 207717K [0x0000000080000000, 0x000000008cb00000, 0x00000000d5580000)
  object space 207872K, 99% used [0x0000000080000000,0x000000008cad9630,0x000000008cb00000)
 Metaspace       used 68633K, committed 70336K, reserved 1114112K
  class space    used 7228K, committed 8000K, reserved 1048576K
}
Event: 18443.546 GC heap after
{Heap after GC invocations=169 (full 3):
 PSYoungGen      total 10752K, used 1460K [0x00000000d5580000, 0x00000000d6180000, 0x0000000100000000)
  eden space 9216K, 0% used [0x00000000d5580000,0x00000000d5580000,0x00000000d5e80000)
  from space 1536K, 95% used [0x00000000d6000000,0x00000000d616d200,0x00000000d6180000)
  to   space 1536K, 0% used [0x00000000d5e80000,0x00000000d5e80000,0x00000000d6000000)
 ParOldGen       total 208896K, used 208643K [0x0000000080000000, 0x000000008cc00000, 0x00000000d5580000)
  object space 208896K, 99% used [0x0000000080000000,0x000000008cbc0ce0,0x000000008cc00000)
 Metaspace       used 68633K, committed 70336K, reserved 1114112K
  class space    used 7228K, committed 8000K, reserved 1048576K
}
Event: 18904.718 GC heap before
{Heap before GC invocations=170 (full 3):
 PSYoungGen      total 10752K, used 10676K [0x00000000d5580000, 0x00000000d6180000, 0x0000000100000000)
  eden space 9216K, 100% used [0x00000000d5580000,0x00000000d5e80000,0x00000000d5e80000)
  from space 1536K, 95% used [0x00000000d6000000,0x00000000d616d200,0x00000000d6180000)
  to   space 1536K, 0% used [0x00000000d5e80000,0x00000000d5e80000,0x00000000d6000000)
 ParOldGen       total 208896K, used 208643K [0x0000000080000000, 0x000000008cc00000, 0x00000000d5580000)
  object space 208896K, 99% used [0x0000000080000000,0x000000008cbc0ce0,0x000000008cc00000)
 Metaspace       used 68695K, committed 70464K, reserved 1114112K
  class space    used 7230K, committed 8000K, reserved 1048576K
}
Event: 18904.778 GC heap after
{Heap after GC invocations=170 (full 3):
 PSYoungGen      total 10752K, used 1012K [0x00000000d5580000, 0x00000000d6180000, 0x0000000100000000)
  eden space 9216K, 0% used [0x00000000d5580000,0x00000000d5580000,0x00000000d5e80000)
  from space 1536K, 65% used [0x00000000d5e80000,0x00000000d5f7d240,0x00000000d6000000)
  to   space 1536K, 0% used [0x00000000d6000000,0x00000000d6000000,0x00000000d6180000)
 ParOldGen       total 210432K, used 209920K [0x0000000080000000, 0x000000008cd80000, 0x00000000d5580000)
  object space 210432K, 99% used [0x0000000080000000,0x000000008cd00370,0x000000008cd80000)
 Metaspace       used 68695K, committed 70464K, reserved 1114112K
  class space    used 7230K, committed 8000K, reserved 1048576K
}

Dll operation events (11 events):
Event: 0.017 Loaded shared library c:\Users\pedro\.vscode\extensions\redhat.java-1.46.0-win32-x64\jre\21.0.8-win32-x86_64\bin\java.dll
Event: 0.114 Loaded shared library c:\Users\pedro\.vscode\extensions\redhat.java-1.46.0-win32-x64\jre\21.0.8-win32-x86_64\bin\zip.dll
Event: 0.142 Loaded shared library C:\Users\pedro\.vscode\extensions\redhat.java-1.46.0-win32-x64\jre\21.0.8-win32-x86_64\bin\instrument.dll
Event: 0.150 Loaded shared library C:\Users\pedro\.vscode\extensions\redhat.java-1.46.0-win32-x64\jre\21.0.8-win32-x86_64\bin\net.dll
Event: 0.153 Loaded shared library C:\Users\pedro\.vscode\extensions\redhat.java-1.46.0-win32-x64\jre\21.0.8-win32-x86_64\bin\nio.dll
Event: 0.159 Loaded shared library C:\Users\pedro\.vscode\extensions\redhat.java-1.46.0-win32-x64\jre\21.0.8-win32-x86_64\bin\zip.dll
Event: 0.188 Loaded shared library C:\Users\pedro\.vscode\extensions\redhat.java-1.46.0-win32-x64\jre\21.0.8-win32-x86_64\bin\jimage.dll
Event: 0.283 Loaded shared library c:\Users\pedro\.vscode\extensions\redhat.java-1.46.0-win32-x64\jre\21.0.8-win32-x86_64\bin\verify.dll
Event: 1.706 Loaded shared library C:\Users\pedro\AppData\Roaming\Code\User\globalStorage\redhat.java\1.46.0\config_win\org.eclipse.equinox.launcher\org.eclipse.equinox.launcher.win32.win32.x86_64_1.2.1400.v20250801-0854\eclipse_11916.dll
Event: 3.305 Loaded shared library C:\Users\pedro\AppData\Local\Temp\jna-106542988\jna8469518334404575401.dll
Event: 10.463 Loaded shared library C:\Users\pedro\.vscode\extensions\redhat.java-1.46.0-win32-x64\jre\21.0.8-win32-x86_64\bin\sunmscapi.dll

Deoptimization events (20 events):
Event: 18425.780 Thread 0x0000021086bca230 DEOPT PACKING pc=0x00000210af938964 sp=0x00000092436fdba0
Event: 18425.780 Thread 0x0000021086bc87f0 DEOPT UNPACKING pc=0x00000210aedd3aa2 sp=0x00000092413fdef8 mode 2
Event: 18425.780 Thread 0x0000021086bc9ba0 DEOPT UNPACKING pc=0x00000210aedd3aa2 sp=0x00000092412fdf38 mode 2
Event: 18425.781 Thread 0x0000021086bca230 DEOPT UNPACKING pc=0x00000210aedd3aa2 sp=0x00000092436fda88 mode 2
Event: 18426.135 Thread 0x0000021086bc87f0 DEOPT PACKING pc=0x00000210a8f26078 sp=0x00000092413fced0
Event: 18426.135 Thread 0x0000021086bc87f0 DEOPT UNPACKING pc=0x00000210aedd4242 sp=0x00000092413fc358 mode 0
Event: 18426.184 Thread 0x0000021086bc87f0 DEOPT PACKING pc=0x00000210a8d49f60 sp=0x00000092413fbd30
Event: 18426.184 Thread 0x0000021086bc87f0 DEOPT UNPACKING pc=0x00000210aedd4242 sp=0x00000092413fb238 mode 0
Event: 18426.257 Thread 0x0000021086bc87f0 DEOPT PACKING pc=0x00000210a8f26078 sp=0x00000092413fccd0
Event: 18426.257 Thread 0x0000021086bc87f0 DEOPT UNPACKING pc=0x00000210aedd4242 sp=0x00000092413fc158 mode 0
Event: 18426.354 Thread 0x0000021086bc87f0 Uncommon trap: trap_request=0xffffffde fr.pc=0x00000210af656398 relative=0x0000000000000078
Event: 18426.354 Thread 0x0000021086bc87f0 Uncommon trap: reason=class_check action=maybe_recompile pc=0x00000210af656398 method=java.util.LinkedHashMap.afterNodeInsertion(Z)V @ 15 c2
Event: 18426.354 Thread 0x0000021086bc87f0 DEOPT PACKING pc=0x00000210af656398 sp=0x00000092413fef50
Event: 18426.354 Thread 0x0000021086bc87f0 DEOPT UNPACKING pc=0x00000210aedd3aa2 sp=0x00000092413feec8 mode 2
Event: 18443.443 Thread 0x0000021086bc87f0 DEOPT PACKING pc=0x00000210a8d07aff sp=0x00000092413f9600
Event: 18443.443 Thread 0x0000021086bc87f0 DEOPT UNPACKING pc=0x00000210aedd4242 sp=0x00000092413f8ab8 mode 0
Event: 18443.528 Thread 0x0000021086bc87f0 DEOPT PACKING pc=0x00000210a8d6bc57 sp=0x00000092413fe010
Event: 18443.528 Thread 0x0000021086bc87f0 DEOPT UNPACKING pc=0x00000210aedd4242 sp=0x00000092413fd4f0 mode 0
Event: 18904.790 Thread 0x0000021086bc7440 DEOPT PACKING pc=0x00000210a8e6d961 sp=0x00000092413fd810
Event: 18904.791 Thread 0x0000021086bc7440 DEOPT UNPACKING pc=0x00000210aedd4242 sp=0x00000092413fcd40 mode 0

Classes loaded (20 events):
Event: 13.474 Loading class java/util/stream/Node$Builder$OfInt done
Event: 13.474 Loading class java/util/stream/Nodes$IntArrayNode
Event: 13.474 Loading class java/util/stream/Nodes$IntArrayNode done
Event: 13.474 Loading class java/util/stream/Nodes$IntFixedNodeBuilder done
Event: 13.475 Loading class java/util/stream/ReferencePipeline$4$1
Event: 13.475 Loading class java/util/stream/ReferencePipeline$4$1 done
Event: 13.518 Loading class java/lang/StringLatin1$LinesSpliterator
Event: 13.518 Loading class java/lang/StringLatin1$LinesSpliterator done
Event: 14.357 Loading class java/util/AbstractList$RandomAccessSubList
Event: 14.358 Loading class java/util/AbstractList$SubList
Event: 14.358 Loading class java/util/AbstractList$SubList done
Event: 14.358 Loading class java/util/AbstractList$RandomAccessSubList done
Event: 14.358 Loading class java/util/AbstractList$SubList$1
Event: 14.358 Loading class java/util/AbstractList$SubList$1 done
Event: 31.586 Loading class sun/nio/cs/ISO_8859_1$Encoder
Event: 31.586 Loading class sun/nio/cs/ISO_8859_1$Encoder done
Event: 31.586 Loading class sun/nio/cs/Surrogate$Parser
Event: 31.587 Loading class sun/nio/cs/Surrogate$Parser done
Event: 31.587 Loading class sun/nio/cs/Surrogate
Event: 31.587 Loading class sun/nio/cs/Surrogate done

Classes unloaded (7 events):
Event: 4.059 Thread 0x00000210fc1e4000 Unloading class 0x00000210bc1ab400 'java/lang/invoke/LambdaForm$MH+0x00000210bc1ab400'
Event: 4.059 Thread 0x00000210fc1e4000 Unloading class 0x00000210bc1ab000 'java/lang/invoke/LambdaForm$MH+0x00000210bc1ab000'
Event: 4.059 Thread 0x00000210fc1e4000 Unloading class 0x00000210bc1aac00 'java/lang/invoke/LambdaForm$MH+0x00000210bc1aac00'
Event: 4.059 Thread 0x00000210fc1e4000 Unloading class 0x00000210bc1aa800 'java/lang/invoke/LambdaForm$MH+0x00000210bc1aa800'
Event: 4.059 Thread 0x00000210fc1e4000 Unloading class 0x00000210bc1aa400 'java/lang/invoke/LambdaForm$BMH+0x00000210bc1aa400'
Event: 4.059 Thread 0x00000210fc1e4000 Unloading class 0x00000210bc1aa000 'java/lang/invoke/LambdaForm$DMH+0x00000210bc1aa000'
Event: 4.059 Thread 0x00000210fc1e4000 Unloading class 0x00000210bc1a8c00 'java/lang/invoke/LambdaForm$DMH+0x00000210bc1a8c00'

Classes redefined (0 events):
No events

Internal exceptions (20 events):
Event: 13.457 Thread 0x00000210ff398df0 Exception <a 'java/lang/NoSuchMethodError'{0x00000000d58c55c8}: 'java.lang.Object java.lang.invoke.DirectMethodHandle$Holder.newInvokeSpecial(java.lang.Object, java.lang.Object, int)'> (0x00000000d58c55c8) 
thrown [s\src\hotspot\share\interpreter\linkResolver.cpp, line 773]
Event: 13.469 Thread 0x00000210ff398df0 Implicit null exception at 0x00000210af805dc3 to 0x00000210af806222
Event: 13.501 Thread 0x00000210ff398df0 Implicit null exception at 0x00000210af7fa4a3 to 0x00000210af7fa810
Event: 13.519 Thread 0x00000210ff398df0 Exception <a 'java/lang/NoSuchMethodError'{0x00000000d5dc09a8}: 'java.lang.Object java.lang.invoke.DirectMethodHandle$Holder.invokeStatic(java.lang.Object, int, java.lang.Object)'> (0x00000000d5dc09a8) 
thrown [s\src\hotspot\share\interpreter\linkResolver.cpp, line 773]
Event: 13.848 Thread 0x000002108568c940 Exception <a 'sun/nio/fs/WindowsException'{0x00000000d5b853d0}> (0x00000000d5b853d0) 
thrown [s\src\hotspot\share\prims\jni.cpp, line 520]
Event: 13.849 Thread 0x000002108568c940 Exception <a 'sun/nio/fs/WindowsException'{0x00000000d5b8ab60}> (0x00000000d5b8ab60) 
thrown [s\src\hotspot\share\prims\jni.cpp, line 520]
Event: 13.849 Thread 0x000002108568c940 Exception <a 'sun/nio/fs/WindowsException'{0x00000000d5b9d7b0}> (0x00000000d5b9d7b0) 
thrown [s\src\hotspot\share\prims\jni.cpp, line 520]
Event: 13.849 Thread 0x000002108568c940 Exception <a 'sun/nio/fs/WindowsException'{0x00000000d5b9e090}> (0x00000000d5b9e090) 
thrown [s\src\hotspot\share\prims\jni.cpp, line 520]
Event: 13.850 Thread 0x000002108568c940 Exception <a 'sun/nio/fs/WindowsException'{0x00000000d5b9fd60}> (0x00000000d5b9fd60) 
thrown [s\src\hotspot\share\prims\jni.cpp, line 520]
Event: 13.850 Thread 0x000002108568c940 Exception <a 'sun/nio/fs/WindowsException'{0x00000000d5ba0898}> (0x00000000d5ba0898) 
thrown [s\src\hotspot\share\prims\jni.cpp, line 520]
Event: 13.856 Thread 0x000002108568c940 Exception <a 'sun/nio/fs/WindowsException'{0x00000000d5bd5b18}> (0x00000000d5bd5b18) 
thrown [s\src\hotspot\share\prims\jni.cpp, line 520]
Event: 13.856 Thread 0x000002108568c940 Exception <a 'sun/nio/fs/WindowsException'{0x00000000d5bd6648}> (0x00000000d5bd6648) 
thrown [s\src\hotspot\share\prims\jni.cpp, line 520]
Event: 14.389 Thread 0x000002108568f730 Exception <a 'sun/nio/fs/WindowsException'{0x00000000d561f1c0}> (0x00000000d561f1c0) 
thrown [s\src\hotspot\share\prims\jni.cpp, line 520]
Event: 14.389 Thread 0x000002108568f730 Exception <a 'sun/nio/fs/WindowsException'{0x00000000d561faa0}> (0x00000000d561faa0) 
thrown [s\src\hotspot\share\prims\jni.cpp, line 520]
Event: 14.766 Thread 0x000002108568f0a0 Exception <a 'java/lang/IncompatibleClassChangeError'{0x00000000d5844330}: Found class java.lang.Object, but interface was expected> (0x00000000d5844330) 
thrown [s\src\hotspot\share\interpreter\linkResolver.cpp, line 840]
Event: 14.778 Thread 0x000002108568c940 Exception <a 'java/lang/NoSuchMethodError'{0x00000000d58ccb90}: 'java.lang.Object java.lang.invoke.DirectMethodHandle$Holder.invokeSpecial(java.lang.Object, java.lang.Object, java.lang.Object, java.lang.Object, int, java.lang.Object, java.lang.Object)'> (0x00000000d58ccb90) 
thrown [s\src\hotspot\share\interpreter\linkResolver.cpp, line 773]
Event: 15.009 Thread 0x00000210ff397a40 Exception <a 'sun/nio/fs/WindowsException'{0x00000000d56f3d88}> (0x00000000d56f3d88) 
thrown [s\src\hotspot\share\prims\jni.cpp, line 520]
Event: 15.009 Thread 0x00000210ff397a40 Exception <a 'sun/nio/fs/WindowsException'{0x00000000d56f8d70}> (0x00000000d56f8d70) 
thrown [s\src\hotspot\share\prims\jni.cpp, line 520]
Event: 192.363 Thread 0x000002108568f0a0 Exception <a 'java/lang/IncompatibleClassChangeError'{0x00000000d5b86aa8}: Found class java.lang.Object, but interface was expected> (0x00000000d5b86aa8) 
thrown [s\src\hotspot\share\interpreter\linkResolver.cpp, line 840]
Event: 378.785 Thread 0x000002108568f0a0 Exception <a 'java/lang/IncompatibleClassChangeError'{0x00000000d5744f78}: Found class java.lang.Object, but interface was expected> (0x00000000d5744f78) 
thrown [s\src\hotspot\share\interpreter\linkResolver.cpp, line 840]

ZGC Phase Switch (0 events):
No events

VM Operations (20 events):
Event: 18700.172 Executing VM operation: RendezvousGCThreads
Event: 18700.172 Executing VM operation: RendezvousGCThreads done
Event: 18760.401 Executing VM operation: HandshakeAllThreads (HandshakeForDeflation)
Event: 18760.406 Executing VM operation: HandshakeAllThreads (HandshakeForDeflation) done
Event: 18760.406 Executing VM operation: RendezvousGCThreads
Event: 18760.406 Executing VM operation: RendezvousGCThreads done
Event: 18817.965 Executing VM operation: Cleanup
Event: 18817.968 Executing VM operation: Cleanup done
Event: 18820.544 Executing VM operation: HandshakeAllThreads (HandshakeForDeflation)
Event: 18820.545 Executing VM operation: HandshakeAllThreads (HandshakeForDeflation) done
Event: 18820.545 Executing VM operation: RendezvousGCThreads
Event: 18820.545 Executing VM operation: RendezvousGCThreads done
Event: 18822.558 Executing VM operation: Cleanup
Event: 18822.558 Executing VM operation: Cleanup done
Event: 18880.793 Executing VM operation: HandshakeAllThreads (HandshakeForDeflation)
Event: 18880.795 Executing VM operation: HandshakeAllThreads (HandshakeForDeflation) done
Event: 18880.795 Executing VM operation: RendezvousGCThreads
Event: 18880.796 Executing VM operation: RendezvousGCThreads done
Event: 18904.717 Executing VM operation: ParallelGCFailedAllocation (Allocation Failure)
Event: 18904.778 Executing VM operation: ParallelGCFailedAllocation (Allocation Failure) done

Memory protections (0 events):
No events

Nmethod flushes (20 events):
Event: 10.359 Thread 0x00000210fc1e4000 flushing  nmethod 0x00000210a7ff2c10
Event: 10.359 Thread 0x00000210fc1e4000 flushing  nmethod 0x00000210a7ff5610
Event: 10.359 Thread 0x00000210fc1e4000 flushing  nmethod 0x00000210a7ff6090
Event: 10.359 Thread 0x00000210fc1e4000 flushing  nmethod 0x00000210a7ff8690
Event: 10.359 Thread 0x00000210fc1e4000 flushing  nmethod 0x00000210a8000b90
Event: 10.359 Thread 0x00000210fc1e4000 flushing  nmethod 0x00000210a8024a10
Event: 10.359 Thread 0x00000210fc1e4000 flushing osr nmethod 0x00000210a8033a90
Event: 10.359 Thread 0x00000210fc1e4000 flushing osr nmethod 0x00000210a8037690
Event: 10.359 Thread 0x00000210fc1e4000 flushing osr nmethod 0x00000210a8073590
Event: 10.359 Thread 0x00000210fc1e4000 flushing  nmethod 0x00000210a8098390
Event: 10.359 Thread 0x00000210fc1e4000 flushing  nmethod 0x00000210a80b1010
Event: 10.359 Thread 0x00000210fc1e4000 flushing  nmethod 0x00000210a80b1f10
Event: 10.359 Thread 0x00000210fc1e4000 flushing  nmethod 0x00000210a80cc710
Event: 10.359 Thread 0x00000210fc1e4000 flushing  nmethod 0x00000210a80cce10
Event: 10.359 Thread 0x00000210fc1e4000 flushing  nmethod 0x00000210a80cd410
Event: 10.359 Thread 0x00000210fc1e4000 flushing  nmethod 0x00000210a80cdc90
Event: 10.359 Thread 0x00000210fc1e4000 flushing  nmethod 0x00000210a80d2310
Event: 10.359 Thread 0x00000210fc1e4000 flushing  nmethod 0x00000210a80db790
Event: 10.359 Thread 0x00000210fc1e4000 flushing  nmethod 0x00000210a80f1190
Event: 10.359 Thread 0x00000210fc1e4000 flushing  nmethod 0x00000210a8102010

Events (20 events):
Event: 18424.430 Thread 0x0000021086bc87f0 Thread added: 0x0000021086bc7440
Event: 18426.299 Thread 0x00000210fe121540 Thread added: 0x00000210fe27d540
Event: 18431.374 Thread 0x00000210fe27d540 Thread exited: 0x00000210fe27d540
Event: 18443.421 Thread 0x00000210fe121fd0 Thread added: 0x00000210fe27d540
Event: 18443.430 Thread 0x00000210fe121fd0 Thread added: 0x00000210fe27c7a0
Event: 18448.599 Thread 0x00000210fe27c7a0 Thread exited: 0x00000210fe27c7a0
Event: 18448.929 Thread 0x00000210fe27d540 Thread exited: 0x00000210fe27d540
Event: 18503.601 Thread 0x0000021086bc87f0 Thread exited: 0x0000021086bc87f0
Event: 18563.615 Thread 0x0000021086bc9ba0 Thread exited: 0x0000021086bc9ba0
Event: 18623.629 Thread 0x0000021086bca230 Thread exited: 0x0000021086bca230
Event: 18683.680 Thread 0x0000021086bc6720 Thread exited: 0x0000021086bc6720
Event: 18743.687 Thread 0x0000021086bca8c0 Thread exited: 0x0000021086bca8c0
Event: 18803.691 Thread 0x0000021086bc7440 Thread exited: 0x0000021086bc7440
Event: 18816.961 Thread 0x000002108568f0a0 Thread added: 0x0000021086bc7440
Event: 18882.492 Thread 0x0000021086bc7440 Thread exited: 0x0000021086bc7440
Event: 18904.319 Thread 0x000002108568f0a0 Thread added: 0x0000021086bc87f0
Event: 18904.466 Thread 0x000002108568f0a0 Thread added: 0x0000021086bc7440
Event: 18904.469 Thread 0x000002108568f0a0 Thread added: 0x0000021086bc9ba0
Event: 18904.484 Thread 0x0000021086bc7440 Thread added: 0x0000021086bc7ad0
Event: 18904.539 Thread 0x00000210fe121fd0 Thread added: 0x00000210fe27dc10


Dynamic libraries:
0x00007ff6db0d0000 - 0x00007ff6db0de000 	c:\Users\pedro\.vscode\extensions\redhat.java-1.46.0-win32-x64\jre\21.0.8-win32-x86_64\bin\java.exe
0x00007ffa30600000 - 0x00007ffa30869000 	C:\WINDOWS\SYSTEM32\ntdll.dll
0x00007ffa2ebc0000 - 0x00007ffa2ec89000 	C:\WINDOWS\System32\KERNEL32.DLL
0x00007ffa2d870000 - 0x00007ffa2dc63000 	C:\WINDOWS\System32\KERNELBASE.dll
0x00007ffa2dfe0000 - 0x00007ffa2e12b000 	C:\WINDOWS\System32\ucrtbase.dll
0x00007ffa27e00000 - 0x00007ffa27e18000 	c:\Users\pedro\.vscode\extensions\redhat.java-1.46.0-win32-x64\jre\21.0.8-win32-x86_64\bin\jli.dll
0x00007ffa27860000 - 0x00007ffa2787e000 	c:\Users\pedro\.vscode\extensions\redhat.java-1.46.0-win32-x64\jre\21.0.8-win32-x86_64\bin\VCRUNTIME140.dll
0x00007ffa2f690000 - 0x00007ffa2f854000 	C:\WINDOWS\System32\USER32.dll
0x00007ffa2d790000 - 0x00007ffa2d7b7000 	C:\WINDOWS\System32\win32u.dll
0x00007ffa12ae0000 - 0x00007ffa12d73000 	C:\WINDOWS\WinSxS\amd64_microsoft.windows.common-controls_6595b64144ccf1df_6.0.26100.5074_none_3e0d6f78e32fd63f\COMCTL32.dll
0x00007ffa304b0000 - 0x00007ffa304db000 	C:\WINDOWS\System32\GDI32.dll
0x00007ffa2e870000 - 0x00007ffa2e919000 	C:\WINDOWS\System32\msvcrt.dll
0x00007ffa2deb0000 - 0x00007ffa2dfdd000 	C:\WINDOWS\System32\gdi32full.dll
0x00007ffa2d7c0000 - 0x00007ffa2d863000 	C:\WINDOWS\System32\msvcp_win.dll
0x00007ffa2e6d0000 - 0x00007ffa2e6ff000 	C:\WINDOWS\System32\IMM32.DLL
0x00007ffa287a0000 - 0x00007ffa287ac000 	c:\Users\pedro\.vscode\extensions\redhat.java-1.46.0-win32-x64\jre\21.0.8-win32-x86_64\bin\vcruntime140_1.dll
0x00007ff9db450000 - 0x00007ff9db4dd000 	c:\Users\pedro\.vscode\extensions\redhat.java-1.46.0-win32-x64\jre\21.0.8-win32-x86_64\bin\msvcp140.dll
0x00007ff99c050000 - 0x00007ff99cde7000 	c:\Users\pedro\.vscode\extensions\redhat.java-1.46.0-win32-x64\jre\21.0.8-win32-x86_64\bin\server\jvm.dll
0x00007ffa2eb00000 - 0x00007ffa2ebb4000 	C:\WINDOWS\System32\ADVAPI32.dll
0x00007ffa2ec90000 - 0x00007ffa2ed36000 	C:\WINDOWS\System32\sechost.dll
0x00007ffa2ef40000 - 0x00007ffa2f058000 	C:\WINDOWS\System32\RPCRT4.dll
0x00007ffa2f870000 - 0x00007ffa2f8e4000 	C:\WINDOWS\System32\WS2_32.dll
0x00007ffa2d5f0000 - 0x00007ffa2d64e000 	C:\WINDOWS\SYSTEM32\POWRPROF.dll
0x00007ffa264a0000 - 0x00007ffa264d5000 	C:\WINDOWS\SYSTEM32\WINMM.dll
0x00007ffa21a40000 - 0x00007ffa21a4b000 	C:\WINDOWS\SYSTEM32\VERSION.dll
0x00007ffa2d5d0000 - 0x00007ffa2d5e4000 	C:\WINDOWS\SYSTEM32\UMPDC.dll
0x00007ffa2c570000 - 0x00007ffa2c58b000 	C:\WINDOWS\SYSTEM32\kernel.appcore.dll
0x00007ffa173a0000 - 0x00007ffa173aa000 	c:\Users\pedro\.vscode\extensions\redhat.java-1.46.0-win32-x64\jre\21.0.8-win32-x86_64\bin\jimage.dll
0x00007ffa20c60000 - 0x00007ffa20ea2000 	C:\WINDOWS\SYSTEM32\DBGHELP.DLL
0x00007ffa2f980000 - 0x00007ffa2fcfb000 	C:\WINDOWS\System32\combase.dll
0x00007ffa304e0000 - 0x00007ffa305b7000 	C:\WINDOWS\System32\OLEAUT32.dll
0x00007ffa12ea0000 - 0x00007ffa12edd000 	C:\WINDOWS\SYSTEM32\dbgcore.DLL
0x00007ffa2e330000 - 0x00007ffa2e3c9000 	C:\WINDOWS\System32\bcryptPrimitives.dll
0x00007ffa15610000 - 0x00007ffa1561f000 	c:\Users\pedro\.vscode\extensions\redhat.java-1.46.0-win32-x64\jre\21.0.8-win32-x86_64\bin\instrument.dll
0x00007ff9de1d0000 - 0x00007ff9de1ef000 	c:\Users\pedro\.vscode\extensions\redhat.java-1.46.0-win32-x64\jre\21.0.8-win32-x86_64\bin\java.dll
0x00007ffa2fd00000 - 0x00007ffa3044d000 	C:\WINDOWS\System32\SHELL32.dll
0x00007ffa2e130000 - 0x00007ffa2e29c000 	C:\WINDOWS\System32\wintypes.dll
0x00007ffa2b3c0000 - 0x00007ffa2bc19000 	C:\WINDOWS\SYSTEM32\windows.storage.dll
0x00007ffa2ea00000 - 0x00007ffa2eaf0000 	C:\WINDOWS\System32\SHCORE.dll
0x00007ffa2eed0000 - 0x00007ffa2ef32000 	C:\WINDOWS\System32\shlwapi.dll
0x00007ffa2d6b0000 - 0x00007ffa2d6d9000 	C:\WINDOWS\SYSTEM32\profapi.dll
0x00007ff9dfc00000 - 0x00007ff9dfc18000 	c:\Users\pedro\.vscode\extensions\redhat.java-1.46.0-win32-x64\jre\21.0.8-win32-x86_64\bin\zip.dll
0x00007ffa14ec0000 - 0x00007ffa14ed0000 	C:\Users\pedro\.vscode\extensions\redhat.java-1.46.0-win32-x64\jre\21.0.8-win32-x86_64\bin\net.dll
0x00007ffa233c0000 - 0x00007ffa234df000 	C:\WINDOWS\SYSTEM32\WINHTTP.dll
0x00007ffa2caf0000 - 0x00007ffa2cb5b000 	C:\WINDOWS\system32\mswsock.dll
0x00007ff9db430000 - 0x00007ff9db446000 	C:\Users\pedro\.vscode\extensions\redhat.java-1.46.0-win32-x64\jre\21.0.8-win32-x86_64\bin\nio.dll
0x00007ffa14d50000 - 0x00007ffa14d60000 	c:\Users\pedro\.vscode\extensions\redhat.java-1.46.0-win32-x64\jre\21.0.8-win32-x86_64\bin\verify.dll
0x00007ff9db3e0000 - 0x00007ff9db424000 	C:\Users\pedro\AppData\Roaming\Code\User\globalStorage\redhat.java\1.46.0\config_win\org.eclipse.equinox.launcher\org.eclipse.equinox.launcher.win32.win32.x86_64_1.2.1400.v20250801-0854\eclipse_11916.dll
0x00007ffa2f4f0000 - 0x00007ffa2f688000 	C:\WINDOWS\System32\ole32.dll
0x00007ffa2cd90000 - 0x00007ffa2cdab000 	C:\WINDOWS\SYSTEM32\CRYPTSP.dll
0x00007ffa2c4d0000 - 0x00007ffa2c50b000 	C:\WINDOWS\system32\rsaenh.dll
0x00007ffa2cb90000 - 0x00007ffa2cbbb000 	C:\WINDOWS\SYSTEM32\USERENV.dll
0x00007ffa2d680000 - 0x00007ffa2d6a6000 	C:\WINDOWS\SYSTEM32\bcrypt.dll
0x00007ffa2cdb0000 - 0x00007ffa2cdbc000 	C:\WINDOWS\SYSTEM32\CRYPTBASE.dll
0x00007ffa2bfa0000 - 0x00007ffa2bfd4000 	C:\WINDOWS\SYSTEM32\IPHLPAPI.DLL
0x00007ffa2e920000 - 0x00007ffa2e92a000 	C:\WINDOWS\System32\NSI.dll
0x00007ff9d4b70000 - 0x00007ff9d4bb9000 	C:\Users\pedro\AppData\Local\Temp\jna-106542988\jna8469518334404575401.dll
0x00007ffa2f860000 - 0x00007ffa2f868000 	C:\WINDOWS\System32\PSAPI.DLL
0x00007ffa267a0000 - 0x00007ffa267be000 	C:\WINDOWS\SYSTEM32\dhcpcsvc6.DLL
0x00007ffa26680000 - 0x00007ffa266a3000 	C:\WINDOWS\SYSTEM32\dhcpcsvc.DLL
0x00007ffa13b90000 - 0x00007ffa13b9e000 	C:\Users\pedro\.vscode\extensions\redhat.java-1.46.0-win32-x64\jre\21.0.8-win32-x86_64\bin\sunmscapi.dll
0x00007ffa2dd30000 - 0x00007ffa2dea7000 	C:\WINDOWS\System32\CRYPT32.dll
0x00007ffa2cfb0000 - 0x00007ffa2cfe0000 	C:\WINDOWS\SYSTEM32\ncrypt.dll
0x00007ffa2cf60000 - 0x00007ffa2cf9f000 	C:\WINDOWS\SYSTEM32\NTASN1.dll

JVMTI agents:
c:\Users\pedro\.vscode\extensions\redhat.java-1.46.0-win32-x64\lombok\lombok-1.18.39-4050.jar path:c:\Users\pedro\.vscode\extensions\redhat.java-1.46.0-win32-x64\jre\21.0.8-win32-x86_64\bin\instrument.dll, loaded, initialized, instrumentlib options:none

dbghelp: loaded successfully - version: 4.0.5 - missing functions: none
symbol engine: initialized successfully - sym options: 0x614 - pdb path: .;c:\Users\pedro\.vscode\extensions\redhat.java-1.46.0-win32-x64\jre\21.0.8-win32-x86_64\bin;C:\WINDOWS\SYSTEM32;C:\WINDOWS\WinSxS\amd64_microsoft.windows.common-controls_6595b64144ccf1df_6.0.26100.5074_none_3e0d6f78e32fd63f;c:\Users\pedro\.vscode\extensions\redhat.java-1.46.0-win32-x64\jre\21.0.8-win32-x86_64\bin\server;C:\Users\pedro\AppData\Roaming\Code\User\globalStorage\redhat.java\1.46.0\config_win\org.eclipse.equinox.launcher\org.eclipse.equinox.launcher.win32.win32.x86_64_1.2.1400.v20250801-0854;C:\Users\pedro\AppData\Local\Temp\jna-106542988

VM Arguments:
jvm_args: --add-modules=ALL-SYSTEM --add-opens=java.base/java.util=ALL-UNNAMED --add-opens=java.base/java.lang=ALL-UNNAMED --add-opens=java.base/sun.nio.fs=ALL-UNNAMED -Declipse.application=org.eclipse.jdt.ls.core.id1 -Dosgi.bundles.defaultStartLevel=4 -Declipse.product=org.eclipse.jdt.ls.core.product -Djava.import.generatesMetadataFilesAtProjectRoot=false -DDetectVMInstallationsJob.disabled=true -Dfile.encoding=utf8 -XX:+UseParallelGC -XX:GCTimeRatio=4 -XX:AdaptiveSizePolicyWeight=90 -Dsun.zip.disableMemoryMapping=true -Xmx2G -Xms100m -Xlog:disable -javaagent:c:\Users\pedro\.vscode\extensions\redhat.java-1.46.0-win32-x64\lombok\lombok-1.18.39-4050.jar -XX:+HeapDumpOnOutOfMemoryError -XX:HeapDumpPath=c:\Users\pedro\AppData\Roaming\Code\User\workspaceStorage\ace0eeac375cda41ba0dfc4af69d8916\redhat.java -Daether.dependencyCollector.impl=bf 
java_command: c:\Users\pedro\.vscode\extensions\redhat.java-1.46.0-win32-x64\server\plugins\org.eclipse.equinox.launcher_1.7.0.v20250519-0528.jar -configuration c:\Users\pedro\AppData\Roaming\Code\User\globalStorage\redhat.java\1.46.0\config_win -data c:\Users\pedro\AppData\Roaming\Code\User\workspaceStorage\ace0eeac375cda41ba0dfc4af69d8916\redhat.java\jdt_ws --pipe=\\.\pipe\lsp-88acc148a20f1fc39c5cb9f5c72157ff-sock
java_class_path (initial): c:\Users\pedro\.vscode\extensions\redhat.java-1.46.0-win32-x64\server\plugins\org.eclipse.equinox.launcher_1.7.0.v20250519-0528.jar
Launcher Type: SUN_STANDARD

[Global flags]
    uintx AdaptiveSizePolicyWeight                 = 90                                        {product} {command line}
     intx CICompilerCount                          = 4                                         {product} {ergonomic}
    uintx GCTimeRatio                              = 4                                         {product} {command line}
     bool HeapDumpOnOutOfMemoryError               = true                                   {manageable} {command line}
    ccstr HeapDumpPath                             = c:\Users\pedro\AppData\Roaming\Code\User\workspaceStorage\ace0eeac375cda41ba0dfc4af69d8916\redhat.java         {manageable} {command line}
   size_t InitialHeapSize                          = 104857600                                 {product} {command line}
   size_t MaxHeapSize                              = 2147483648                                {product} {command line}
   size_t MaxNewSize                               = 715653120                                 {product} {ergonomic}
   size_t MinHeapDeltaBytes                        = 524288                                    {product} {ergonomic}
   size_t MinHeapSize                              = 104857600                                 {product} {command line}
   size_t NewSize                                  = 34603008                                  {product} {ergonomic}
    uintx NonNMethodCodeHeapSize                   = 5839372                                {pd product} {ergonomic}
    uintx NonProfiledCodeHeapSize                  = 122909434                              {pd product} {ergonomic}
   size_t OldSize                                  = 70254592                                  {product} {ergonomic}
    uintx ProfiledCodeHeapSize                     = 122909434                              {pd product} {ergonomic}
    uintx ReservedCodeCacheSize                    = 251658240                              {pd product} {ergonomic}
     bool SegmentedCodeCache                       = true                                      {product} {ergonomic}
   size_t SoftMaxHeapSize                          = 2147483648                             {manageable} {ergonomic}
     bool UseCompressedOops                        = true                           {product lp64_product} {ergonomic}
     bool UseLargePagesIndividualAllocation        = false                                  {pd product} {ergonomic}
     bool UseParallelGC                            = true                                      {product} {command line}

Logging:
Log output configuration:
 #0: stdout all=off uptime,level,tags foldmultilines=false
 #1: stderr all=off uptime,level,tags foldmultilines=false

Environment Variables:
JAVA_HOME=C:\Program Files\Java\jdk-24
PATH=C:\Program Files\Common Files\Oracle\Java\javapath;C:\WINDOWS\system32;C:\WINDOWS;C:\WINDOWS\System32\Wbem;C:\WINDOWS\System32\WindowsPowerShell\v1.0\;C:\WINDOWS\System32\OpenSSH\;C:\Program Files\nodejs\;C:\Program Files\Java\jdk-24\bin;C:\Program Files\Docker\Docker\resources\bin;C:\Program Files\Git\cmd;C:\Users\pedro\AppData\Local\Microsoft\WindowsApps;C:\Users\pedro\AppData\Local\Programs\Microsoft VS Code\bin;C:\Users\pedro\AppData\Roaming\npm;C:\Users\pedro\AppData\Local\GitHubDesktop\bin;C:\maven\maven-mvnd-1.0.2-windows-amd64\bin;
USERNAME=pedro
OS=Windows_NT
PROCESSOR_IDENTIFIER=AMD64 Family 25 Model 68 Stepping 1, AuthenticAMD
TMP=C:\Users\pedro\AppData\Local\Temp
TEMP=C:\Users\pedro\AppData\Local\Temp




Periodic native trim disabled

---------------  S Y S T E M  ---------------

OS:
 Windows 11 , 64 bit Build 26100 (10.0.26100.5074)
OS uptime: 2 days 9:53 hours
Hyper-V role detected

CPU: total 12 (initial active 12) (12 cores per cpu, 2 threads per core) family 25 model 68 stepping 1 microcode 0xa404107, cx8, cmov, fxsr, ht, mmx, 3dnowpref, sse, sse2, sse3, ssse3, sse4a, sse4.1, sse4.2, popcnt, lzcnt, tsc, tscinvbit, avx, avx2, aes, erms, clmul, bmi1, bmi2, adx, sha, fma, vzeroupper, clflush, clflushopt, hv, rdtscp, rdpid, fsrm, f16c, cet_ss
Processor Information for processor 0
  Max Mhz: 3301, Current Mhz: 2024, Mhz Limit: 3301
Processor Information for processor 1
  Max Mhz: 3301, Current Mhz: 2024, Mhz Limit: 3301
Processor Information for processor 2
  Max Mhz: 3301, Current Mhz: 2496, Mhz Limit: 3301
Processor Information for processor 3
  Max Mhz: 3301, Current Mhz: 2496, Mhz Limit: 3301
Processor Information for processor 4
  Max Mhz: 3301, Current Mhz: 2024, Mhz Limit: 3301
Processor Information for processor 5
  Max Mhz: 3301, Current Mhz: 2024, Mhz Limit: 3301
Processor Information for processor 6
  Max Mhz: 3301, Current Mhz: 2496, Mhz Limit: 3301
Processor Information for processor 7
  Max Mhz: 3301, Current Mhz: 2496, Mhz Limit: 3301
Processor Information for processor 8
  Max Mhz: 3301, Current Mhz: 2024, Mhz Limit: 3301
Processor Information for processor 9
  Max Mhz: 3301, Current Mhz: 2024, Mhz Limit: 3301
Processor Information for processor 10
  Max Mhz: 3301, Current Mhz: 2024, Mhz Limit: 3301
Processor Information for processor 11
  Max Mhz: 3301, Current Mhz: 2024, Mhz Limit: 3301

Memory: 4k page, system-wide physical 7381M (728M free)
TotalPageFile size 29909M (AvailPageFile size 0M)
current process WorkingSet (physical memory assigned to process): 107M, peak: 454M
current process commit charge ("private bytes"): 512M, peak: 665M

vm_info: OpenJDK 64-Bit Server VM (21.0.8+9-LTS) for windows-amd64 JRE (21.0.8+9-LTS), built on 2025-07-15T00:00:00Z by "admin" with MS VC++ 17.7 (VS2022)

END.
