#
# There is insufficient memory for the Java Runtime Environment to continue.
# Native memory allocation (malloc) failed to allocate 2798592 bytes. Error detail: Chunk::new
# Possible reasons:
#   The system is out of physical RAM or swap space
#   This process is running with CompressedOops enabled, and the Java Heap may be blocking the growth of the native heap
# Possible solutions:
#   Reduce memory load on the system
#   Increase physical memory or swap space
#   Check if swap backing store is full
#   Decrease Java heap size (-Xmx/-Xms)
#   Decrease number of Java threads
#   Decrease Java thread stack sizes (-Xss)
#   Set larger code cache with -XX:ReservedCodeCacheSize=
#   JVM is running with Unscaled Compressed Oops mode in which the Java heap is
#     placed in the first 4GB address space. The Java Heap base address is the
#     maximum limit for the native heap growth. Please use -XX:HeapBaseMinAddress
#     to set the Java Heap base and to place the Java Heap above 4GB virtual address.
# This output file may be truncated or incomplete.
#
#  Out of Memory Error (arena.cpp:168), pid=22288, tid=11352
#
# JRE version: OpenJDK Runtime Environment Temurin-21.0.8+9 (21.0.8+9) (build 21.0.8+9-LTS)
# Java VM: OpenJDK 64-Bit Server VM Temurin-21.0.8+9 (21.0.8+9-LTS, mixed mode, sharing, tiered, compressed oops, compressed class ptrs, parallel gc, windows-amd64)
# No core dump will be written. Minidumps are not enabled by default on client versions of Windows
#

---------------  S U M M A R Y ------------

Command Line: --add-modules=ALL-SYSTEM --add-opens=java.base/java.util=ALL-UNNAMED --add-opens=java.base/java.lang=ALL-UNNAMED --add-opens=java.base/sun.nio.fs=ALL-UNNAMED -Declipse.application=org.eclipse.jdt.ls.core.id1 -Dosgi.bundles.defaultStartLevel=4 -Declipse.product=org.eclipse.jdt.ls.core.product -Djava.import.generatesMetadataFilesAtProjectRoot=false -DDetectVMInstallationsJob.disabled=true -Dfile.encoding=utf8 -XX:+UseParallelGC -XX:GCTimeRatio=4 -XX:AdaptiveSizePolicyWeight=90 -Dsun.zip.disableMemoryMapping=true -Xmx2G -Xms100m -Xlog:disable -javaagent:c:\Users\pedro\.vscode\extensions\redhat.java-1.46.0-win32-x64\lombok\lombok-1.18.39-4050.jar -XX:+HeapDumpOnOutOfMemoryError -XX:HeapDumpPath=c:\Users\pedro\AppData\Roaming\Code\User\workspaceStorage\ace0eeac375cda41ba0dfc4af69d8916\redhat.java -Daether.dependencyCollector.impl=bf c:\Users\pedro\.vscode\extensions\redhat.java-1.46.0-win32-x64\server\plugins\org.eclipse.equinox.launcher_1.7.0.v20250519-0528.jar -configuration c:\Users\pedro\AppData\Roaming\Code\User\globalStorage\redhat.java\1.46.0\config_win -data c:\Users\pedro\AppData\Roaming\Code\User\workspaceStorage\ace0eeac375cda41ba0dfc4af69d8916\redhat.java\jdt_ws --pipe=\\.\pipe\lsp-d6173d4a459837310d90451ff842bbc4-sock

Host: AMD Ryzen 5 7535HS with Radeon Graphics        , 12 cores, 7G,  Windows 11 , 64 bit Build 26100 (10.0.26100.5074)
Time: Thu Oct  9 17:05:31 2025 Hora oficial do Brasil elapsed time: 11.549943 seconds (0d 0h 0m 11s)

---------------  T H R E A D  ---------------

Current thread (0x000002b1d8023470):  JavaThread "C2 CompilerThread0" daemon [_thread_in_native, id=11352, stack(0x000000cce6c00000,0x000000cce6d00000) (1024K)]


Current CompileTask:
C2:11550 7418 %     4       org.lombokweb.asm.ClassReader::readCode @ 1561 (5117 bytes)

Stack: [0x000000cce6c00000,0x000000cce6d00000]
Native frames: (J=compiled Java code, j=interpreted, Vv=VM code, C=native code)
V  [jvm.dll+0x6d2449]
V  [jvm.dll+0x8ae341]
V  [jvm.dll+0x8b08be]
V  [jvm.dll+0x8b0fa3]
V  [jvm.dll+0x280c96]
V  [jvm.dll+0xc581d]
V  [jvm.dll+0xc5d53]
V  [jvm.dll+0x3b919c]
V  [jvm.dll+0x1e1409]
V  [jvm.dll+0x249022]
V  [jvm.dll+0x2484af]
V  [jvm.dll+0x1c89ee]
V  [jvm.dll+0x257d4d]
V  [jvm.dll+0x2562ea]
V  [jvm.dll+0x3f2d16]
V  [jvm.dll+0x857e6b]
V  [jvm.dll+0x6d0b0d]
C  [ucrtbase.dll+0x37b0]
C  [KERNEL32.DLL+0x2e8d7]
C  [ntdll.dll+0x8d9c]


---------------  P R O C E S S  ---------------

Threads class SMR info:
_java_thread_list=0x000002b1db986800, length=53, elements={
0x000002b1fa73ab00, 0x000002b1fa6ee650, 0x000002b1d8006d50, 0x000002b1d800a780,
0x000002b1d800b470, 0x000002b1d8012a00, 0x000002b1d801cbf0, 0x000002b1d8023470,
0x000002b1d8025bd0, 0x000002b1d801a490, 0x000002b1d801b1b0, 0x000002b1d801bed0,
0x000002b1d801c560, 0x000002b1d8019770, 0x000002b1d8019e00, 0x000002b1d801ab20,
0x000002b1d94aa720, 0x000002b1d94aadb0, 0x000002b1d94ac160, 0x000002b1d94abad0,
0x000002b1d94a9370, 0x000002b1d94a8ce0, 0x000002b1d94ac7f0, 0x000002b1d94ab440,
0x000002b1d94ace80, 0x000002b1d94a9a00, 0x000002b1d94b0300, 0x000002b1d94ad510,
0x000002b1d94adba0, 0x000002b1d94afc70, 0x000002b1d94ae230, 0x000002b1d94ae8c0,
0x000002b1d94aef50, 0x000002b1d94af5e0, 0x000002b1dbabfdc0, 0x000002b1dbac0450,
0x000002b1dbac1170, 0x000002b1dbac0ae0, 0x000002b1dbac1800, 0x000002b1dbac1e90,
0x000002b1dbabf730, 0x000002b1dbac4c80, 0x000002b1dbac45f0, 0x000002b1dbac5310,
0x000002b1dbac3240, 0x000002b1dbac38d0, 0x000002b1dbac2bb0, 0x000002b1dbac3f60,
0x000002b1dbac2520, 0x000002b1dbac59a0, 0x000002b1dbac6030, 0x000002b1dbac66c0,
0x000002b1d921fb70
}

Java Threads: ( => current thread )
  0x000002b1fa73ab00 JavaThread "main"                              [_thread_blocked, id=4016, stack(0x000000cce6200000,0x000000cce6300000) (1024K)]
  0x000002b1fa6ee650 JavaThread "Reference Handler"          daemon [_thread_blocked, id=30384, stack(0x000000cce6600000,0x000000cce6700000) (1024K)]
  0x000002b1d8006d50 JavaThread "Finalizer"                  daemon [_thread_blocked, id=4724, stack(0x000000cce6700000,0x000000cce6800000) (1024K)]
  0x000002b1d800a780 JavaThread "Signal Dispatcher"          daemon [_thread_blocked, id=4004, stack(0x000000cce6800000,0x000000cce6900000) (1024K)]
  0x000002b1d800b470 JavaThread "Attach Listener"            daemon [_thread_blocked, id=28648, stack(0x000000cce6900000,0x000000cce6a00000) (1024K)]
  0x000002b1d8012a00 JavaThread "Service Thread"             daemon [_thread_blocked, id=28368, stack(0x000000cce6a00000,0x000000cce6b00000) (1024K)]
  0x000002b1d801cbf0 JavaThread "Monitor Deflation Thread"   daemon [_thread_blocked, id=19948, stack(0x000000cce6b00000,0x000000cce6c00000) (1024K)]
=>0x000002b1d8023470 JavaThread "C2 CompilerThread0"         daemon [_thread_in_native, id=11352, stack(0x000000cce6c00000,0x000000cce6d00000) (1024K)]
  0x000002b1d8025bd0 JavaThread "C1 CompilerThread0"         daemon [_thread_blocked, id=17716, stack(0x000000cce6d00000,0x000000cce6e00000) (1024K)]
  0x000002b1d801a490 JavaThread "Common-Cleaner"             daemon [_thread_blocked, id=23464, stack(0x000000cce6e00000,0x000000cce6f00000) (1024K)]
  0x000002b1d801b1b0 JavaThread "Notification Thread"        daemon [_thread_blocked, id=14484, stack(0x000000cce7000000,0x000000cce7100000) (1024K)]
  0x000002b1d801bed0 JavaThread "Active Thread: Equinox Container: bbe1dad9-61a3-40f9-b65a-457493df5e2b"        [_thread_blocked, id=30460, stack(0x000000cce7800000,0x000000cce7900000) (1024K)]
  0x000002b1d801c560 JavaThread "Refresh Thread: Equinox Container: bbe1dad9-61a3-40f9-b65a-457493df5e2b" daemon [_thread_blocked, id=18268, stack(0x000000cce7a00000,0x000000cce7b00000) (1024K)]
  0x000002b1d8019770 JavaThread "Framework Event Dispatcher: Equinox Container: bbe1dad9-61a3-40f9-b65a-457493df5e2b" daemon [_thread_blocked, id=8468, stack(0x000000cce7b00000,0x000000cce7c00000) (1024K)]
  0x000002b1d8019e00 JavaThread "Start Level: Equinox Container: bbe1dad9-61a3-40f9-b65a-457493df5e2b" daemon [_thread_blocked, id=20176, stack(0x000000cce7c00000,0x000000cce7d00000) (1024K)]
  0x000002b1d801ab20 JavaThread "Bundle File Closer"         daemon [_thread_blocked, id=30880, stack(0x000000cce7f00000,0x000000cce8000000) (1024K)]
  0x000002b1d94aa720 JavaThread "SCR Component Actor"        daemon [_thread_blocked, id=24436, stack(0x000000cce8000000,0x000000cce8100000) (1024K)]
  0x000002b1d94aadb0 JavaThread "Worker-JM"                         [_thread_blocked, id=10944, stack(0x000000cce8100000,0x000000cce8200000) (1024K)]
  0x000002b1d94ac160 JavaThread "JNA Cleaner"                daemon [_thread_blocked, id=1040, stack(0x000000cce7100000,0x000000cce7200000) (1024K)]
  0x000002b1d94abad0 JavaThread "Worker-0"                          [_thread_blocked, id=18996, stack(0x000000cce8200000,0x000000cce8300000) (1024K)]
  0x000002b1d94a9370 JavaThread "Worker-1: Initialize workspace"        [_thread_in_Java, id=29844, stack(0x000000cce8300000,0x000000cce8400000) (1024K)]
  0x000002b1d94a8ce0 JavaThread "Java indexing"              daemon [_thread_blocked, id=11444, stack(0x000000cce8500000,0x000000cce8600000) (1024K)]
  0x000002b1d94ac7f0 JavaThread "Worker-2"                          [_thread_blocked, id=4868, stack(0x000000cce8800000,0x000000cce8900000) (1024K)]
  0x000002b1d94ab440 JavaThread "Worker-3"                          [_thread_blocked, id=6264, stack(0x000000cce8900000,0x000000cce8a00000) (1024K)]
  0x000002b1d94ace80 JavaThread "Worker-4"                          [_thread_blocked, id=17576, stack(0x000000cce8a00000,0x000000cce8b00000) (1024K)]
  0x000002b1d94a9a00 JavaThread "Thread-1"                   daemon [_thread_in_native, id=30068, stack(0x000000cce8b00000,0x000000cce8c00000) (1024K)]
  0x000002b1d94b0300 JavaThread "Thread-2"                   daemon [_thread_in_native, id=6328, stack(0x000000cce8c00000,0x000000cce8d00000) (1024K)]
  0x000002b1d94ad510 JavaThread "Thread-3"                   daemon [_thread_in_native, id=30100, stack(0x000000cce8d00000,0x000000cce8e00000) (1024K)]
  0x000002b1d94adba0 JavaThread "Thread-4"                   daemon [_thread_in_native, id=25484, stack(0x000000cce8e00000,0x000000cce8f00000) (1024K)]
  0x000002b1d94afc70 JavaThread "Thread-5"                   daemon [_thread_in_native, id=24444, stack(0x000000cce8f00000,0x000000cce9000000) (1024K)]
  0x000002b1d94ae230 JavaThread "Thread-6"                   daemon [_thread_in_native, id=6064, stack(0x000000cce9000000,0x000000cce9100000) (1024K)]
  0x000002b1d94ae8c0 JavaThread "Thread-7"                   daemon [_thread_in_native, id=10172, stack(0x000000cce9100000,0x000000cce9200000) (1024K)]
  0x000002b1d94aef50 JavaThread "Thread-8"                   daemon [_thread_in_native, id=17468, stack(0x000000cce9200000,0x000000cce9300000) (1024K)]
  0x000002b1d94af5e0 JavaThread "Thread-9"                   daemon [_thread_in_native, id=22416, stack(0x000000cce9300000,0x000000cce9400000) (1024K)]
  0x000002b1dbabfdc0 JavaThread "Thread-10"                  daemon [_thread_in_native, id=9996, stack(0x000000cce9400000,0x000000cce9500000) (1024K)]
  0x000002b1dbac0450 JavaThread "Thread-11"                  daemon [_thread_in_native, id=28352, stack(0x000000cce9500000,0x000000cce9600000) (1024K)]
  0x000002b1dbac1170 JavaThread "Thread-12"                  daemon [_thread_in_native, id=17700, stack(0x000000cce9600000,0x000000cce9700000) (1024K)]
  0x000002b1dbac0ae0 JavaThread "Thread-13"                  daemon [_thread_in_native, id=7356, stack(0x000000cce9700000,0x000000cce9800000) (1024K)]
  0x000002b1dbac1800 JavaThread "pool-2-thread-1"                   [_thread_blocked, id=31408, stack(0x000000cce9800000,0x000000cce9900000) (1024K)]
  0x000002b1dbac1e90 JavaThread "WorkspaceEventsHandler"            [_thread_blocked, id=19600, stack(0x000000cce9900000,0x000000cce9a00000) (1024K)]
  0x000002b1dbabf730 JavaThread "pool-1-thread-1"                   [_thread_blocked, id=8196, stack(0x000000cce9a00000,0x000000cce9b00000) (1024K)]
  0x000002b1dbac4c80 JavaThread "ForkJoinPool.commonPool-worker-1" daemon [_thread_blocked, id=31512, stack(0x000000cce9b00000,0x000000cce9c00000) (1024K)]
  0x000002b1dbac45f0 JavaThread "ForkJoinPool.commonPool-worker-2" daemon [_thread_blocked, id=31580, stack(0x000000cce9c00000,0x000000cce9d00000) (1024K)]
  0x000002b1dbac5310 JavaThread "ForkJoinPool.commonPool-worker-3" daemon [_thread_in_native, id=20040, stack(0x000000cce9d00000,0x000000cce9e00000) (1024K)]
  0x000002b1dbac3240 JavaThread "ForkJoinPool.commonPool-worker-4" daemon [_thread_blocked, id=22756, stack(0x000000cce9e00000,0x000000cce9f00000) (1024K)]
  0x000002b1dbac38d0 JavaThread "ForkJoinPool.commonPool-worker-5" daemon [_thread_blocked, id=20900, stack(0x000000cce9f00000,0x000000ccea000000) (1024K)]
  0x000002b1dbac2bb0 JavaThread "ForkJoinPool.commonPool-worker-6" daemon [_thread_blocked, id=18132, stack(0x000000ccea000000,0x000000ccea100000) (1024K)]
  0x000002b1dbac3f60 JavaThread "ForkJoinPool.commonPool-worker-7" daemon [_thread_blocked, id=1900, stack(0x000000ccea100000,0x000000ccea200000) (1024K)]
  0x000002b1dbac2520 JavaThread "ForkJoinPool.commonPool-worker-8" daemon [_thread_blocked, id=19024, stack(0x000000ccea200000,0x000000ccea300000) (1024K)]
  0x000002b1dbac59a0 JavaThread "ForkJoinPool.commonPool-worker-9" daemon [_thread_blocked, id=27596, stack(0x000000ccea300000,0x000000ccea400000) (1024K)]
  0x000002b1dbac6030 JavaThread "ForkJoinPool.commonPool-worker-10" daemon [_thread_blocked, id=17220, stack(0x000000ccea400000,0x000000ccea500000) (1024K)]
  0x000002b1dbac66c0 JavaThread "ForkJoinPool.commonPool-worker-11" daemon [_thread_blocked, id=26732, stack(0x000000ccea500000,0x000000ccea600000) (1024K)]
  0x000002b1d921fb70 JavaThread "C2 CompilerThread1"         daemon [_thread_in_native, id=29904, stack(0x000000cce6f00000,0x000000cce7000000) (1024K)]
Total: 53

Other Threads:
  0x000002b1fa7febd0 VMThread "VM Thread"                           [id=23380, stack(0x000000cce6500000,0x000000cce6600000) (1024K)]
  0x000002b1fa5cca10 WatcherThread "VM Periodic Task Thread"        [id=19496, stack(0x000000cce6400000,0x000000cce6500000) (1024K)]
  0x000002b1fa758ec0 WorkerThread "GC Thread#0"                     [id=8680, stack(0x000000cce6300000,0x000000cce6400000) (1024K)]
  0x000002b1d882ece0 WorkerThread "GC Thread#1"                     [id=2720, stack(0x000000cce7200000,0x000000cce7300000) (1024K)]
  0x000002b1d83d0010 WorkerThread "GC Thread#2"                     [id=10788, stack(0x000000cce7300000,0x000000cce7400000) (1024K)]
  0x000002b1d88dc750 WorkerThread "GC Thread#3"                     [id=29944, stack(0x000000cce7400000,0x000000cce7500000) (1024K)]
  0x000002b1d88dcaf0 WorkerThread "GC Thread#4"                     [id=13808, stack(0x000000cce7500000,0x000000cce7600000) (1024K)]
  0x000002b1d8af7370 WorkerThread "GC Thread#5"                     [id=29812, stack(0x000000cce7600000,0x000000cce7700000) (1024K)]
  0x000002b1d8af7710 WorkerThread "GC Thread#6"                     [id=15732, stack(0x000000cce7700000,0x000000cce7800000) (1024K)]
  0x000002b1d8d331a0 WorkerThread "GC Thread#7"                     [id=10532, stack(0x000000cce7900000,0x000000cce7a00000) (1024K)]
  0x000002b1d8d33c80 WorkerThread "GC Thread#8"                     [id=27756, stack(0x000000cce7d00000,0x000000cce7e00000) (1024K)]
  0x000002b1d8d32e00 WorkerThread "GC Thread#9"                     [id=26964, stack(0x000000cce7e00000,0x000000cce7f00000) (1024K)]
Total: 12

Threads with active compile tasks:
C2 CompilerThread0  11592 7418 %     4       org.lombokweb.asm.ClassReader::readCode @ 1561 (5117 bytes)
C2 CompilerThread1  11592 7427       4       org.lombokweb.asm.ClassReader::readMethod (1070 bytes)
Total: 2

VM state: not at safepoint (normal execution)

VM Mutex/Monitor currently owned by a thread: None

Heap address: 0x0000000080000000, size: 2048 MB, Compressed Oops mode: 32-bit

CDS archive(s) mapped at: [0x000002b193000000-0x000002b193ba0000-0x000002b193ba0000), size 12189696, SharedBaseAddress: 0x000002b193000000, ArchiveRelocationMode: 1.
Compressed class space mapped at: 0x000002b194000000-0x000002b1d4000000, reserved size: 1073741824
Narrow klass base: 0x000002b193000000, Narrow klass shift: 0, Narrow klass range: 0x100000000

GC Precious Log:
 CardTable entry size: 512
 CPUs: 12 total, 12 available
 Memory: 7381M
 Large Page Support: Disabled
 NUMA Support: Disabled
 Compressed Oops: Enabled (32-bit)
 Alignments: Space 512K, Generation 512K, Heap 2M
 Heap Min Capacity: 100M
 Heap Initial Capacity: 100M
 Heap Max Capacity: 2G
 Pre-touch: Disabled
 Parallel Workers: 10

Heap:
 PSYoungGen      total 17920K, used 10330K [0x00000000d5580000, 0x00000000d6f00000, 0x0000000100000000)
  eden space 16896K, 55% used [0x00000000d5580000,0x00000000d5ea32a8,0x00000000d6600000)
  from space 1024K, 97% used [0x00000000d6600000,0x00000000d66f9c00,0x00000000d6700000)
  to   space 4608K, 0% used [0x00000000d6a80000,0x00000000d6a80000,0x00000000d6f00000)
 ParOldGen       total 68608K, used 50186K [0x0000000080000000, 0x0000000084300000, 0x00000000d5580000)
  object space 68608K, 73% used [0x0000000080000000,0x0000000083102820,0x0000000084300000)
 Metaspace       used 57038K, committed 58432K, reserved 1114112K
  class space    used 6170K, committed 6784K, reserved 1048576K

Card table byte_map: [0x000002b1fa0e0000,0x000002b1fa4f0000] _byte_map_base: 0x000002b1f9ce0000

Marking Bits: (ParMarkBitMap*) 0x00007ff99cd0a340
 Begin Bits: [0x000002b18f000000, 0x000002b191000000)
 End Bits:   [0x000002b191000000, 0x000002b193000000)

Polling page: 0x000002b1f84a0000

Metaspace:

Usage:
  Non-class:     49.68 MB used.
      Class:      6.03 MB used.
       Both:     55.70 MB used.

Virtual space:
  Non-class space:       64.00 MB reserved,      50.44 MB ( 79%) committed,  1 nodes.
      Class space:        1.00 GB reserved,       6.62 MB ( <1%) committed,  1 nodes.
             Both:        1.06 GB reserved,      57.06 MB (  5%) committed. 

Chunk freelists:
   Non-Class:  13.55 MB
       Class:  9.20 MB
        Both:  22.75 MB

MaxMetaspaceSize: unlimited
CompressedClassSpaceSize: 1.00 GB
Initial GC threshold: 21.00 MB
Current GC threshold: 58.38 MB
CDS: on
 - commit_granule_bytes: 65536.
 - commit_granule_words: 8192.
 - virtual_space_node_default_size: 8388608.
 - enlarge_chunks_in_place: 1.
 - use_allocation_guard: 0.


Internal statistics:

num_allocs_failed_limit: 6.
num_arena_births: 1074.
num_arena_deaths: 14.
num_vsnodes_births: 2.
num_vsnodes_deaths: 0.
num_space_committed: 914.
num_space_uncommitted: 0.
num_chunks_returned_to_freelist: 20.
num_chunks_taken_from_freelist: 3722.
num_chunk_merges: 12.
num_chunk_splits: 2321.
num_chunks_enlarged: 1304.
num_inconsistent_stats: 0.

CodeHeap 'non-profiled nmethods': size=120000Kb used=4036Kb max_used=4036Kb free=115963Kb
 bounds [0x000002b187ad0000, 0x000002b187ed0000, 0x000002b18f000000]
CodeHeap 'profiled nmethods': size=120000Kb used=15388Kb max_used=15388Kb free=104611Kb
 bounds [0x000002b180000000, 0x000002b180f10000, 0x000002b187530000]
CodeHeap 'non-nmethods': size=5760Kb used=1407Kb max_used=1460Kb free=4352Kb
 bounds [0x000002b187530000, 0x000002b1877a0000, 0x000002b187ad0000]
CodeCache: size=245760Kb, used=20831Kb, max_used=20884Kb, free=224926Kb
 total_blobs=7928, nmethods=7211, adapters=623, full_count=0
Compilation: enabled, stopped_count=0, restarted_count=0

Compilation events (20 events):
Event: 10.538 Thread 0x000002b1d8025bd0 nmethod 7739 0x000002b187ebfe10 code [0x000002b187ebffa0, 0x000002b187ec0068]
Event: 10.538 Thread 0x000002b1d8025bd0 7740       1       com.google.inject.internal.ConstructionContext::setCurrentReference (6 bytes)
Event: 10.538 Thread 0x000002b1d8025bd0 nmethod 7740 0x000002b187ec0110 code [0x000002b187ec02a0, 0x000002b187ec0380]
Event: 10.538 Thread 0x000002b1d8025bd0 7741       2       com.google.common.cache.LocalCache$LocalManualCache::cleanUp (8 bytes)
Event: 10.538 Thread 0x000002b1d8025bd0 nmethod 7741 0x000002b180eec290 code [0x000002b180eec440, 0x000002b180eec570]
Event: 10.538 Thread 0x000002b1d8025bd0 7742       2       com.google.common.cache.LocalCache::cleanUp (32 bytes)
Event: 10.539 Thread 0x000002b1d8025bd0 nmethod 7742 0x000002b180eec690 code [0x000002b180eec840, 0x000002b180eec9f8]
Event: 10.539 Thread 0x000002b1d8025bd0 7743       2       org.eclipse.sisu.bean.BeanPropertyField::getType (11 bytes)
Event: 10.540 Thread 0x000002b1d8025bd0 nmethod 7743 0x000002b180eecb90 code [0x000002b180eecda0, 0x000002b180eed390]
Event: 10.540 Thread 0x000002b1d8025bd0 7744       1       org.eclipse.sisu.inject.DefaultRankingFunction::maxRank (3 bytes)
Event: 10.540 Thread 0x000002b1d8025bd0 nmethod 7744 0x000002b187ec0410 code [0x000002b187ec05a0, 0x000002b187ec0668]
Event: 10.540 Thread 0x000002b1d8025bd0 7745       1       com.google.inject.internal.InjectorBindingData::getIndexedExplicitBindings (5 bytes)
Event: 10.540 Thread 0x000002b1d8025bd0 nmethod 7745 0x000002b187ec0710 code [0x000002b187ec08a0, 0x000002b187ec0968]
Event: 10.541 Thread 0x000002b1d8025bd0 7746       2       org.eclipse.sisu.plexus.PlexusPropertyBinder::bindProperty (147 bytes)
Event: 10.541 Thread 0x000002b1d8025bd0 nmethod 7746 0x000002b180eed790 code [0x000002b180eed9e0, 0x000002b180eedf50]
Event: 10.542 Thread 0x000002b1d8025bd0 7747       2       com.google.common.cache.LocalCache$Segment::copyEntry (88 bytes)
Event: 10.543 Thread 0x000002b1d8025bd0 nmethod 7747 0x000002b180eee190 code [0x000002b180eee3a0, 0x000002b180eee6d8]
Event: 10.543 Thread 0x000002b1d8025bd0 7748       2       com.google.common.cache.LocalCache$EntryFactory::copyEntry (15 bytes)
Event: 10.543 Thread 0x000002b1d8025bd0 nmethod 7748 0x000002b180eee890 code [0x000002b180eeea40, 0x000002b180eeebc8]
Event: 10.543 Thread 0x000002b1d8025bd0 7750   !   2       org.eclipse.sisu.inject.RankedBindings$Itr::hasNext (110 bytes)

GC Heap History (20 events):
Event: 7.664 GC heap before
{Heap before GC invocations=28 (full 2):
 PSYoungGen      total 19968K, used 19744K [0x00000000d5580000, 0x00000000d6c00000, 0x0000000100000000)
  eden space 17920K, 100% used [0x00000000d5580000,0x00000000d6700000,0x00000000d6700000)
  from space 2048K, 89% used [0x00000000d6700000,0x00000000d68c8000,0x00000000d6900000)
  to   space 2560K, 0% used [0x00000000d6980000,0x00000000d6980000,0x00000000d6c00000)
 ParOldGen       total 68608K, used 37239K [0x0000000080000000, 0x0000000084300000, 0x00000000d5580000)
  object space 68608K, 54% used [0x0000000080000000,0x000000008245de50,0x0000000084300000)
 Metaspace       used 48810K, committed 50240K, reserved 1114112K
  class space    used 5333K, committed 5952K, reserved 1048576K
}
Event: 7.667 GC heap after
{Heap after GC invocations=28 (full 2):
 PSYoungGen      total 19968K, used 1860K [0x00000000d5580000, 0x00000000d6b80000, 0x0000000100000000)
  eden space 17920K, 0% used [0x00000000d5580000,0x00000000d5580000,0x00000000d6700000)
  from space 2048K, 90% used [0x00000000d6980000,0x00000000d6b51000,0x00000000d6b80000)
  to   space 2048K, 0% used [0x00000000d6700000,0x00000000d6700000,0x00000000d6900000)
 ParOldGen       total 68608K, used 38870K [0x0000000080000000, 0x0000000084300000, 0x00000000d5580000)
  object space 68608K, 56% used [0x0000000080000000,0x00000000825f5800,0x0000000084300000)
 Metaspace       used 48810K, committed 50240K, reserved 1114112K
  class space    used 5333K, committed 5952K, reserved 1048576K
}
Event: 7.725 GC heap before
{Heap before GC invocations=29 (full 2):
 PSYoungGen      total 19968K, used 19780K [0x00000000d5580000, 0x00000000d6b80000, 0x0000000100000000)
  eden space 17920K, 100% used [0x00000000d5580000,0x00000000d6700000,0x00000000d6700000)
  from space 2048K, 90% used [0x00000000d6980000,0x00000000d6b51000,0x00000000d6b80000)
  to   space 2048K, 0% used [0x00000000d6700000,0x00000000d6700000,0x00000000d6900000)
 ParOldGen       total 68608K, used 38870K [0x0000000080000000, 0x0000000084300000, 0x00000000d5580000)
  object space 68608K, 56% used [0x0000000080000000,0x00000000825f5800,0x0000000084300000)
 Metaspace       used 48843K, committed 50304K, reserved 1114112K
  class space    used 5336K, committed 5952K, reserved 1048576K
}
Event: 7.728 GC heap after
{Heap after GC invocations=29 (full 2):
 PSYoungGen      total 19968K, used 1824K [0x00000000d5580000, 0x00000000d6b00000, 0x0000000100000000)
  eden space 17920K, 0% used [0x00000000d5580000,0x00000000d5580000,0x00000000d6700000)
  from space 2048K, 89% used [0x00000000d6700000,0x00000000d68c8010,0x00000000d6900000)
  to   space 2048K, 0% used [0x00000000d6900000,0x00000000d6900000,0x00000000d6b00000)
 ParOldGen       total 68608K, used 40580K [0x0000000080000000, 0x0000000084300000, 0x00000000d5580000)
  object space 68608K, 59% used [0x0000000080000000,0x00000000827a1018,0x0000000084300000)
 Metaspace       used 48843K, committed 50304K, reserved 1114112K
  class space    used 5336K, committed 5952K, reserved 1048576K
}
Event: 7.787 GC heap before
{Heap before GC invocations=30 (full 2):
 PSYoungGen      total 19968K, used 19744K [0x00000000d5580000, 0x00000000d6b00000, 0x0000000100000000)
  eden space 17920K, 100% used [0x00000000d5580000,0x00000000d6700000,0x00000000d6700000)
  from space 2048K, 89% used [0x00000000d6700000,0x00000000d68c8010,0x00000000d6900000)
  to   space 2048K, 0% used [0x00000000d6900000,0x00000000d6900000,0x00000000d6b00000)
 ParOldGen       total 68608K, used 40580K [0x0000000080000000, 0x0000000084300000, 0x00000000d5580000)
  object space 68608K, 59% used [0x0000000080000000,0x00000000827a1018,0x0000000084300000)
 Metaspace       used 48859K, committed 50304K, reserved 1114112K
  class space    used 5336K, committed 5952K, reserved 1048576K
}
Event: 7.791 GC heap after
{Heap after GC invocations=30 (full 2):
 PSYoungGen      total 19968K, used 1624K [0x00000000d5580000, 0x00000000d6b00000, 0x0000000100000000)
  eden space 17920K, 0% used [0x00000000d5580000,0x00000000d5580000,0x00000000d6700000)
  from space 2048K, 79% used [0x00000000d6900000,0x00000000d6a96200,0x00000000d6b00000)
  to   space 2048K, 0% used [0x00000000d6700000,0x00000000d6700000,0x00000000d6900000)
 ParOldGen       total 68608K, used 42316K [0x0000000080000000, 0x0000000084300000, 0x00000000d5580000)
  object space 68608K, 61% used [0x0000000080000000,0x0000000082953028,0x0000000084300000)
 Metaspace       used 48859K, committed 50304K, reserved 1114112K
  class space    used 5336K, committed 5952K, reserved 1048576K
}
Event: 7.896 GC heap before
{Heap before GC invocations=31 (full 2):
 PSYoungGen      total 19968K, used 19544K [0x00000000d5580000, 0x00000000d6b00000, 0x0000000100000000)
  eden space 17920K, 100% used [0x00000000d5580000,0x00000000d6700000,0x00000000d6700000)
  from space 2048K, 79% used [0x00000000d6900000,0x00000000d6a96200,0x00000000d6b00000)
  to   space 2048K, 0% used [0x00000000d6700000,0x00000000d6700000,0x00000000d6900000)
 ParOldGen       total 68608K, used 42316K [0x0000000080000000, 0x0000000084300000, 0x00000000d5580000)
  object space 68608K, 61% used [0x0000000080000000,0x0000000082953028,0x0000000084300000)
 Metaspace       used 49161K, committed 50624K, reserved 1114112K
  class space    used 5376K, committed 6016K, reserved 1048576K
}
Event: 7.900 GC heap after
{Heap after GC invocations=31 (full 2):
 PSYoungGen      total 19456K, used 1440K [0x00000000d5580000, 0x00000000d6a00000, 0x0000000100000000)
  eden space 17920K, 0% used [0x00000000d5580000,0x00000000d5580000,0x00000000d6700000)
  from space 1536K, 93% used [0x00000000d6700000,0x00000000d6868000,0x00000000d6880000)
  to   space 1536K, 0% used [0x00000000d6880000,0x00000000d6880000,0x00000000d6a00000)
 ParOldGen       total 68608K, used 43828K [0x0000000080000000, 0x0000000084300000, 0x00000000d5580000)
  object space 68608K, 63% used [0x0000000080000000,0x0000000082acd228,0x0000000084300000)
 Metaspace       used 49161K, committed 50624K, reserved 1114112K
  class space    used 5376K, committed 6016K, reserved 1048576K
}
Event: 8.293 GC heap before
{Heap before GC invocations=32 (full 2):
 PSYoungGen      total 19456K, used 19360K [0x00000000d5580000, 0x00000000d6a00000, 0x0000000100000000)
  eden space 17920K, 100% used [0x00000000d5580000,0x00000000d6700000,0x00000000d6700000)
  from space 1536K, 93% used [0x00000000d6700000,0x00000000d6868000,0x00000000d6880000)
  to   space 1536K, 0% used [0x00000000d6880000,0x00000000d6880000,0x00000000d6a00000)
 ParOldGen       total 68608K, used 43828K [0x0000000080000000, 0x0000000084300000, 0x00000000d5580000)
  object space 68608K, 63% used [0x0000000080000000,0x0000000082acd228,0x0000000084300000)
 Metaspace       used 50830K, committed 52224K, reserved 1114112K
  class space    used 5601K, committed 6208K, reserved 1048576K
}
Event: 8.296 GC heap after
{Heap after GC invocations=32 (full 2):
 PSYoungGen      total 19456K, used 776K [0x00000000d5580000, 0x00000000d6a00000, 0x0000000100000000)
  eden space 17920K, 0% used [0x00000000d5580000,0x00000000d5580000,0x00000000d6700000)
  from space 1536K, 50% used [0x00000000d6880000,0x00000000d6942220,0x00000000d6a00000)
  to   space 1536K, 0% used [0x00000000d6700000,0x00000000d6700000,0x00000000d6880000)
 ParOldGen       total 68608K, used 45093K [0x0000000080000000, 0x0000000084300000, 0x00000000d5580000)
  object space 68608K, 65% used [0x0000000080000000,0x0000000082c094d0,0x0000000084300000)
 Metaspace       used 50830K, committed 52224K, reserved 1114112K
  class space    used 5601K, committed 6208K, reserved 1048576K
}
Event: 8.684 GC heap before
{Heap before GC invocations=33 (full 2):
 PSYoungGen      total 19456K, used 18696K [0x00000000d5580000, 0x00000000d6a00000, 0x0000000100000000)
  eden space 17920K, 100% used [0x00000000d5580000,0x00000000d6700000,0x00000000d6700000)
  from space 1536K, 50% used [0x00000000d6880000,0x00000000d6942220,0x00000000d6a00000)
  to   space 1536K, 0% used [0x00000000d6700000,0x00000000d6700000,0x00000000d6880000)
 ParOldGen       total 68608K, used 45093K [0x0000000080000000, 0x0000000084300000, 0x00000000d5580000)
  object space 68608K, 65% used [0x0000000080000000,0x0000000082c094d0,0x0000000084300000)
 Metaspace       used 51771K, committed 53248K, reserved 1114112K
  class space    used 5697K, committed 6336K, reserved 1048576K
}
Event: 8.685 GC heap after
{Heap after GC invocations=33 (full 2):
 PSYoungGen      total 18432K, used 469K [0x00000000d5580000, 0x00000000d6900000, 0x0000000100000000)
  eden space 17920K, 0% used [0x00000000d5580000,0x00000000d5580000,0x00000000d6700000)
  from space 512K, 91% used [0x00000000d6700000,0x00000000d67757e0,0x00000000d6780000)
  to   space 1024K, 0% used [0x00000000d6800000,0x00000000d6800000,0x00000000d6900000)
 ParOldGen       total 68608K, used 45680K [0x0000000080000000, 0x0000000084300000, 0x00000000d5580000)
  object space 68608K, 66% used [0x0000000080000000,0x0000000082c9c0d8,0x0000000084300000)
 Metaspace       used 51771K, committed 53248K, reserved 1114112K
  class space    used 5697K, committed 6336K, reserved 1048576K
}
Event: 8.921 GC heap before
{Heap before GC invocations=34 (full 2):
 PSYoungGen      total 18432K, used 18389K [0x00000000d5580000, 0x00000000d6900000, 0x0000000100000000)
  eden space 17920K, 100% used [0x00000000d5580000,0x00000000d6700000,0x00000000d6700000)
  from space 512K, 91% used [0x00000000d6700000,0x00000000d67757e0,0x00000000d6780000)
  to   space 1024K, 0% used [0x00000000d6800000,0x00000000d6800000,0x00000000d6900000)
 ParOldGen       total 68608K, used 45680K [0x0000000080000000, 0x0000000084300000, 0x00000000d5580000)
  object space 68608K, 66% used [0x0000000080000000,0x0000000082c9c0d8,0x0000000084300000)
 Metaspace       used 52878K, committed 54336K, reserved 1114112K
  class space    used 5803K, committed 6464K, reserved 1048576K
}
Event: 8.924 GC heap after
{Heap after GC invocations=34 (full 2):
 PSYoungGen      total 17920K, used 1020K [0x00000000d5580000, 0x00000000d6b00000, 0x0000000100000000)
  eden space 16896K, 0% used [0x00000000d5580000,0x00000000d5580000,0x00000000d6600000)
  from space 1024K, 99% used [0x00000000d6800000,0x00000000d68ff228,0x00000000d6900000)
  to   space 2048K, 0% used [0x00000000d6600000,0x00000000d6600000,0x00000000d6800000)
 ParOldGen       total 68608K, used 46446K [0x0000000080000000, 0x0000000084300000, 0x00000000d5580000)
  object space 68608K, 67% used [0x0000000080000000,0x0000000082d5b9c8,0x0000000084300000)
 Metaspace       used 52878K, committed 54336K, reserved 1114112K
  class space    used 5803K, committed 6464K, reserved 1048576K
}
Event: 8.978 GC heap before
{Heap before GC invocations=35 (full 2):
 PSYoungGen      total 17920K, used 17916K [0x00000000d5580000, 0x00000000d6b00000, 0x0000000100000000)
  eden space 16896K, 100% used [0x00000000d5580000,0x00000000d6600000,0x00000000d6600000)
  from space 1024K, 99% used [0x00000000d6800000,0x00000000d68ff228,0x00000000d6900000)
  to   space 2048K, 0% used [0x00000000d6600000,0x00000000d6600000,0x00000000d6800000)
 ParOldGen       total 68608K, used 46446K [0x0000000080000000, 0x0000000084300000, 0x00000000d5580000)
  object space 68608K, 67% used [0x0000000080000000,0x0000000082d5b9c8,0x0000000084300000)
 Metaspace       used 52897K, committed 54336K, reserved 1114112K
  class space    used 5803K, committed 6464K, reserved 1048576K
}
Event: 8.980 GC heap after
{Heap after GC invocations=35 (full 2):
 PSYoungGen      total 18432K, used 1065K [0x00000000d5580000, 0x00000000d6900000, 0x0000000100000000)
  eden space 16896K, 0% used [0x00000000d5580000,0x00000000d5580000,0x00000000d6600000)
  from space 1536K, 69% used [0x00000000d6600000,0x00000000d670a798,0x00000000d6780000)
  to   space 1536K, 0% used [0x00000000d6780000,0x00000000d6780000,0x00000000d6900000)
 ParOldGen       total 68608K, used 47299K [0x0000000080000000, 0x0000000084300000, 0x00000000d5580000)
  object space 68608K, 68% used [0x0000000080000000,0x0000000082e30c30,0x0000000084300000)
 Metaspace       used 52897K, committed 54336K, reserved 1114112K
  class space    used 5803K, committed 6464K, reserved 1048576K
}
Event: 9.074 GC heap before
{Heap before GC invocations=36 (full 2):
 PSYoungGen      total 18432K, used 17922K [0x00000000d5580000, 0x00000000d6900000, 0x0000000100000000)
  eden space 16896K, 99% used [0x00000000d5580000,0x00000000d65f6130,0x00000000d6600000)
  from space 1536K, 69% used [0x00000000d6600000,0x00000000d670a798,0x00000000d6780000)
  to   space 1536K, 0% used [0x00000000d6780000,0x00000000d6780000,0x00000000d6900000)
 ParOldGen       total 68608K, used 47299K [0x0000000080000000, 0x0000000084300000, 0x00000000d5580000)
  object space 68608K, 68% used [0x0000000080000000,0x0000000082e30c30,0x0000000084300000)
 Metaspace       used 54269K, committed 55744K, reserved 1114112K
  class space    used 5895K, committed 6592K, reserved 1048576K
}
Event: 9.076 GC heap after
{Heap after GC invocations=36 (full 2):
 PSYoungGen      total 17408K, used 474K [0x00000000d5580000, 0x00000000d6800000, 0x0000000100000000)
  eden space 16896K, 0% used [0x00000000d5580000,0x00000000d5580000,0x00000000d6600000)
  from space 512K, 92% used [0x00000000d6780000,0x00000000d67f6870,0x00000000d6800000)
  to   space 1024K, 0% used [0x00000000d6600000,0x00000000d6600000,0x00000000d6700000)
 ParOldGen       total 68608K, used 47411K [0x0000000080000000, 0x0000000084300000, 0x00000000d5580000)
  object space 68608K, 69% used [0x0000000080000000,0x0000000082e4cc30,0x0000000084300000)
 Metaspace       used 54269K, committed 55744K, reserved 1114112K
  class space    used 5895K, committed 6592K, reserved 1048576K
}
Event: 10.444 GC heap before
{Heap before GC invocations=37 (full 2):
 PSYoungGen      total 17408K, used 17370K [0x00000000d5580000, 0x00000000d6800000, 0x0000000100000000)
  eden space 16896K, 100% used [0x00000000d5580000,0x00000000d6600000,0x00000000d6600000)
  from space 512K, 92% used [0x00000000d6780000,0x00000000d67f6870,0x00000000d6800000)
  to   space 1024K, 0% used [0x00000000d6600000,0x00000000d6600000,0x00000000d6700000)
 ParOldGen       total 68608K, used 47411K [0x0000000080000000, 0x0000000084300000, 0x00000000d5580000)
  object space 68608K, 69% used [0x0000000080000000,0x0000000082e4cc30,0x0000000084300000)
 Metaspace       used 55914K, committed 57408K, reserved 1114112K
  class space    used 6062K, committed 6720K, reserved 1048576K
}
Event: 10.448 GC heap after
{Heap after GC invocations=37 (full 2):
 PSYoungGen      total 17920K, used 999K [0x00000000d5580000, 0x00000000d6f00000, 0x0000000100000000)
  eden space 16896K, 0% used [0x00000000d5580000,0x00000000d5580000,0x00000000d6600000)
  from space 1024K, 97% used [0x00000000d6600000,0x00000000d66f9c00,0x00000000d6700000)
  to   space 4608K, 0% used [0x00000000d6a80000,0x00000000d6a80000,0x00000000d6f00000)
 ParOldGen       total 68608K, used 50186K [0x0000000080000000, 0x0000000084300000, 0x00000000d5580000)
  object space 68608K, 73% used [0x0000000080000000,0x0000000083102820,0x0000000084300000)
 Metaspace       used 55914K, committed 57408K, reserved 1114112K
  class space    used 6062K, committed 6720K, reserved 1048576K
}

Dll operation events (10 events):
Event: 0.014 Loaded shared library c:\Users\pedro\.vscode\extensions\redhat.java-1.46.0-win32-x64\jre\21.0.8-win32-x86_64\bin\java.dll
Event: 0.088 Loaded shared library c:\Users\pedro\.vscode\extensions\redhat.java-1.46.0-win32-x64\jre\21.0.8-win32-x86_64\bin\zip.dll
Event: 0.113 Loaded shared library C:\Users\pedro\.vscode\extensions\redhat.java-1.46.0-win32-x64\jre\21.0.8-win32-x86_64\bin\instrument.dll
Event: 0.119 Loaded shared library C:\Users\pedro\.vscode\extensions\redhat.java-1.46.0-win32-x64\jre\21.0.8-win32-x86_64\bin\net.dll
Event: 0.121 Loaded shared library C:\Users\pedro\.vscode\extensions\redhat.java-1.46.0-win32-x64\jre\21.0.8-win32-x86_64\bin\nio.dll
Event: 0.125 Loaded shared library C:\Users\pedro\.vscode\extensions\redhat.java-1.46.0-win32-x64\jre\21.0.8-win32-x86_64\bin\zip.dll
Event: 0.145 Loaded shared library C:\Users\pedro\.vscode\extensions\redhat.java-1.46.0-win32-x64\jre\21.0.8-win32-x86_64\bin\jimage.dll
Event: 0.226 Loaded shared library c:\Users\pedro\.vscode\extensions\redhat.java-1.46.0-win32-x64\jre\21.0.8-win32-x86_64\bin\verify.dll
Event: 1.469 Loaded shared library C:\Users\pedro\AppData\Roaming\Code\User\globalStorage\redhat.java\1.46.0\config_win\org.eclipse.equinox.launcher\org.eclipse.equinox.launcher.win32.win32.x86_64_1.2.1400.v20250801-0854\eclipse_11916.dll
Event: 3.014 Loaded shared library C:\Users\pedro\AppData\Local\Temp\jna-106542988\jna16228797594430901280.dll

Deoptimization events (20 events):
Event: 10.509 Thread 0x000002b1dbac3f60 Uncommon trap: trap_request=0xffffff54 fr.pc=0x000002b187d5ea94 relative=0x0000000000003a34
Event: 10.509 Thread 0x000002b1dbac3f60 Uncommon trap: reason=speculate_null_assert action=make_not_entrant pc=0x000002b187d5ea94 method=jdk.internal.util.ReferencedKeyMap.internKey(Ljdk/internal/util/ReferencedKeyMap;Ljava/lang/Object;)Ljava/lang/Object; @ 28 c2
Event: 10.509 Thread 0x000002b1dbac3f60 DEOPT PACKING pc=0x000002b187d5ea94 sp=0x000000ccea1fd6c0
Event: 10.509 Thread 0x000002b1dbac3f60 DEOPT UNPACKING pc=0x000002b187583aa2 sp=0x000000ccea1fd570 mode 2
Event: 10.518 Thread 0x000002b1dbac6030 Uncommon trap: trap_request=0xffffff45 fr.pc=0x000002b187d9849c relative=0x0000000000000f1c
Event: 10.518 Thread 0x000002b1dbac6030 Uncommon trap: reason=unstable_if action=reinterpret pc=0x000002b187d9849c method=sun.nio.fs.WindowsPathParser.normalize(Ljava/lang/StringBuilder;Ljava/lang/String;I)Ljava/lang/String; @ 100 c2
Event: 10.518 Thread 0x000002b1dbac6030 DEOPT PACKING pc=0x000002b187d9849c sp=0x000000ccea4fe620
Event: 10.518 Thread 0x000002b1dbac6030 DEOPT UNPACKING pc=0x000002b187583aa2 sp=0x000000ccea4fe620 mode 2
Event: 10.518 Thread 0x000002b1dbac3f60 Uncommon trap: trap_request=0xffffff45 fr.pc=0x000002b187b893ec relative=0x000000000000004c
Event: 10.519 Thread 0x000002b1dbac3f60 Uncommon trap: reason=unstable_if action=reinterpret pc=0x000002b187b893ec method=sun.nio.fs.WindowsPathParser.isSlash(C)Z @ 9 c2
Event: 10.519 Thread 0x000002b1dbac3f60 DEOPT PACKING pc=0x000002b187b893ec sp=0x000000ccea1fdd30
Event: 10.519 Thread 0x000002b1dbac3f60 DEOPT UNPACKING pc=0x000002b187583aa2 sp=0x000000ccea1fdcb8 mode 2
Event: 10.520 Thread 0x000002b1dbac6030 Uncommon trap: trap_request=0xffffffde fr.pc=0x000002b187e046a0 relative=0x00000000000005e0
Event: 10.520 Thread 0x000002b1dbac6030 Uncommon trap: reason=class_check action=maybe_recompile pc=0x000002b187e046a0 method=java.util.Spliterators$1Adapter.hasNext()Z @ 12 c2
Event: 10.520 Thread 0x000002b1dbac6030 DEOPT PACKING pc=0x000002b187e046a0 sp=0x000000ccea4fe6c0
Event: 10.520 Thread 0x000002b1dbac6030 DEOPT UNPACKING pc=0x000002b187583aa2 sp=0x000000ccea4fe678 mode 2
Event: 10.520 Thread 0x000002b1d94a9370 Uncommon trap: trap_request=0xffffffde fr.pc=0x000002b187d482b4 relative=0x0000000000000274
Event: 10.520 Thread 0x000002b1d94a9370 Uncommon trap: reason=class_check action=maybe_recompile pc=0x000002b187d482b4 method=java.util.Comparator.lambda$comparing$77a9974f$1(Ljava/util/function/Function;Ljava/lang/Object;Ljava/lang/Object;)I @ 7 c2
Event: 10.520 Thread 0x000002b1d94a9370 DEOPT PACKING pc=0x000002b187d482b4 sp=0x000000cce83fd660
Event: 10.521 Thread 0x000002b1d94a9370 DEOPT UNPACKING pc=0x000002b187583aa2 sp=0x000000cce83fd590 mode 2

Classes loaded (20 events):
Event: 9.251 Loading class java/util/WeakHashMap$KeyIterator
Event: 9.251 Loading class java/util/WeakHashMap$KeyIterator done
Event: 9.270 Loading class java/lang/StringLatin1$LinesSpliterator
Event: 9.270 Loading class java/lang/StringLatin1$LinesSpliterator done
Event: 9.278 Loading class java/util/stream/ReferencePipeline$4
Event: 9.278 Loading class java/util/stream/ReferencePipeline$4 done
Event: 9.279 Loading class java/util/stream/Nodes$IntFixedNodeBuilder
Event: 9.279 Loading class java/util/stream/Node$Builder$OfInt
Event: 9.279 Loading class java/util/stream/Node$Builder$OfInt done
Event: 9.279 Loading class java/util/stream/Nodes$IntArrayNode
Event: 9.279 Loading class java/util/stream/Nodes$IntArrayNode done
Event: 9.279 Loading class java/util/stream/Nodes$IntFixedNodeBuilder done
Event: 9.279 Loading class java/util/stream/ReferencePipeline$4$1
Event: 9.279 Loading class java/util/stream/ReferencePipeline$4$1 done
Event: 10.405 Loading class java/util/concurrent/CompletableFuture$UniApply
Event: 10.405 Loading class java/util/concurrent/CompletableFuture$UniApply done
Event: 10.405 Loading class java/util/concurrent/CompletableFuture$UniExceptionally
Event: 10.406 Loading class java/util/concurrent/CompletableFuture$UniExceptionally done
Event: 10.462 Loading class java/util/Hashtable$KeySet
Event: 10.463 Loading class java/util/Hashtable$KeySet done

Classes unloaded (7 events):
Event: 3.643 Thread 0x000002b1fa7febd0 Unloading class 0x000002b1941aac00 'java/lang/invoke/LambdaForm$MH+0x000002b1941aac00'
Event: 3.643 Thread 0x000002b1fa7febd0 Unloading class 0x000002b1941aa800 'java/lang/invoke/LambdaForm$MH+0x000002b1941aa800'
Event: 3.643 Thread 0x000002b1fa7febd0 Unloading class 0x000002b1941aa400 'java/lang/invoke/LambdaForm$MH+0x000002b1941aa400'
Event: 3.643 Thread 0x000002b1fa7febd0 Unloading class 0x000002b1941aa000 'java/lang/invoke/LambdaForm$MH+0x000002b1941aa000'
Event: 3.643 Thread 0x000002b1fa7febd0 Unloading class 0x000002b1941a9c00 'java/lang/invoke/LambdaForm$BMH+0x000002b1941a9c00'
Event: 3.643 Thread 0x000002b1fa7febd0 Unloading class 0x000002b1941a9800 'java/lang/invoke/LambdaForm$DMH+0x000002b1941a9800'
Event: 3.643 Thread 0x000002b1fa7febd0 Unloading class 0x000002b1941a8400 'java/lang/invoke/LambdaForm$DMH+0x000002b1941a8400'

Classes redefined (0 events):
No events

Internal exceptions (20 events):
Event: 10.392 Thread 0x000002b1dbabf730 Exception <a 'sun/nio/fs/WindowsException'{0x00000000d5fe8cd0}> (0x00000000d5fe8cd0) 
thrown [s\src\hotspot\share\prims\jni.cpp, line 520]
Event: 10.393 Thread 0x000002b1dbabf730 Exception <a 'sun/nio/fs/WindowsException'{0x00000000d5fe9c58}> (0x00000000d5fe9c58) 
thrown [s\src\hotspot\share\prims\jni.cpp, line 520]
Event: 10.394 Thread 0x000002b1dbabf730 Exception <a 'sun/nio/fs/WindowsException'{0x00000000d5fea288}> (0x00000000d5fea288) 
thrown [s\src\hotspot\share\prims\jni.cpp, line 520]
Event: 10.395 Thread 0x000002b1dbabf730 Exception <a 'sun/nio/fs/WindowsException'{0x00000000d5feae10}> (0x00000000d5feae10) 
thrown [s\src\hotspot\share\prims\jni.cpp, line 520]
Event: 10.395 Thread 0x000002b1dbabf730 Exception <a 'sun/nio/fs/WindowsException'{0x00000000d5feb440}> (0x00000000d5feb440) 
thrown [s\src\hotspot\share\prims\jni.cpp, line 520]
Event: 10.402 Thread 0x000002b1dbabf730 Exception <a 'java/lang/IncompatibleClassChangeError'{0x00000000d6077420}: Found class java.lang.Object, but interface was expected> (0x00000000d6077420) 
thrown [s\src\hotspot\share\interpreter\linkResolver.cpp, line 840]
Event: 10.418 Thread 0x000002b1dbabf730 Exception <a 'java/lang/IncompatibleClassChangeError'{0x00000000d615b668}: Found class java.lang.Object, but interface was expected> (0x00000000d615b668) 
thrown [s\src\hotspot\share\interpreter\linkResolver.cpp, line 840]
Event: 10.461 Thread 0x000002b1dbac45f0 Implicit null exception at 0x000002b187b06804 to 0x000002b187b07600
Event: 10.464 Thread 0x000002b1d94a9370 Exception <a 'java/io/FileNotFoundException'{0x00000000d57266d8}> (0x00000000d57266d8) 
thrown [s\src\hotspot\share\prims\jni.cpp, line 520]
Event: 10.464 Thread 0x000002b1d94a9370 Exception <a 'java/io/FileNotFoundException'{0x00000000d5727718}> (0x00000000d5727718) 
thrown [s\src\hotspot\share\prims\jni.cpp, line 520]
Event: 10.464 Thread 0x000002b1d94a9370 Exception <a 'java/io/FileNotFoundException'{0x00000000d57284a8}> (0x00000000d57284a8) 
thrown [s\src\hotspot\share\prims\jni.cpp, line 520]
Event: 10.490 Thread 0x000002b1d94a9370 Exception <a 'sun/nio/fs/WindowsException'{0x00000000d59e0578}> (0x00000000d59e0578) 
thrown [s\src\hotspot\share\prims\jni.cpp, line 520]
Event: 10.490 Thread 0x000002b1d94a9370 Exception <a 'sun/nio/fs/WindowsException'{0x00000000d59e0ba8}> (0x00000000d59e0ba8) 
thrown [s\src\hotspot\share\prims\jni.cpp, line 520]
Event: 10.491 Thread 0x000002b1d94a9370 Exception <a 'sun/nio/fs/WindowsException'{0x00000000d59e1848}> (0x00000000d59e1848) 
thrown [s\src\hotspot\share\prims\jni.cpp, line 520]
Event: 10.491 Thread 0x000002b1d94a9370 Exception <a 'sun/nio/fs/WindowsException'{0x00000000d59e1e78}> (0x00000000d59e1e78) 
thrown [s\src\hotspot\share\prims\jni.cpp, line 520]
Event: 10.499 Thread 0x000002b1d94a9370 Exception <a 'java/io/FileNotFoundException'{0x00000000d5a8c4a0}> (0x00000000d5a8c4a0) 
thrown [s\src\hotspot\share\prims\jni.cpp, line 520]
Event: 10.499 Thread 0x000002b1d94a9370 Exception <a 'java/io/FileNotFoundException'{0x00000000d5a99f20}> (0x00000000d5a99f20) 
thrown [s\src\hotspot\share\prims\jni.cpp, line 520]
Event: 10.501 Thread 0x000002b1dbabf730 Exception <a 'java/lang/IncompatibleClassChangeError'{0x00000000d5ab6b08}: Found class java.lang.Object, but interface was expected> (0x00000000d5ab6b08) 
thrown [s\src\hotspot\share\interpreter\linkResolver.cpp, line 840]
Event: 10.508 Thread 0x000002b1d94a9370 Exception <a 'sun/nio/fs/WindowsException'{0x00000000d5b563e0}> (0x00000000d5b563e0) 
thrown [s\src\hotspot\share\prims\jni.cpp, line 520]
Event: 10.508 Thread 0x000002b1d94a9370 Exception <a 'sun/nio/fs/WindowsException'{0x00000000d5b56a10}> (0x00000000d5b56a10) 
thrown [s\src\hotspot\share\prims\jni.cpp, line 520]

ZGC Phase Switch (0 events):
No events

VM Operations (20 events):
Event: 7.900 Executing VM operation: ParallelGCFailedAllocation (Allocation Failure) done
Event: 8.069 Executing VM operation: HandshakeAllThreads (Deoptimize)
Event: 8.069 Executing VM operation: HandshakeAllThreads (Deoptimize) done
Event: 8.293 Executing VM operation: ParallelGCFailedAllocation (Allocation Failure)
Event: 8.296 Executing VM operation: ParallelGCFailedAllocation (Allocation Failure) done
Event: 8.684 Executing VM operation: ParallelGCFailedAllocation (Allocation Failure)
Event: 8.685 Executing VM operation: ParallelGCFailedAllocation (Allocation Failure) done
Event: 8.921 Executing VM operation: ParallelGCFailedAllocation (Allocation Failure)
Event: 8.924 Executing VM operation: ParallelGCFailedAllocation (Allocation Failure) done
Event: 8.978 Executing VM operation: ParallelGCFailedAllocation (Allocation Failure)
Event: 8.980 Executing VM operation: ParallelGCFailedAllocation (Allocation Failure) done
Event: 9.074 Executing VM operation: ParallelGCFailedAllocation (Allocation Failure)
Event: 9.076 Executing VM operation: ParallelGCFailedAllocation (Allocation Failure) done
Event: 10.082 Executing VM operation: Cleanup
Event: 10.318 Executing VM operation: Cleanup done
Event: 10.444 Executing VM operation: ParallelGCFailedAllocation (Allocation Failure)
Event: 10.448 Executing VM operation: ParallelGCFailedAllocation (Allocation Failure) done
Event: 10.530 Executing VM operation: HandshakeAllThreads (Deoptimize)
Event: 10.530 Executing VM operation: HandshakeAllThreads (Deoptimize) done
Event: 11.530 Executing VM operation: Cleanup

Memory protections (0 events):
No events

Nmethod flushes (20 events):
Event: 4.972 Thread 0x000002b1fa7febd0 flushing  nmethod 0x000002b1805fc410
Event: 4.972 Thread 0x000002b1fa7febd0 flushing  nmethod 0x000002b1805fcb90
Event: 4.972 Thread 0x000002b1fa7febd0 flushing  nmethod 0x000002b1805fe110
Event: 4.972 Thread 0x000002b1fa7febd0 flushing  nmethod 0x000002b1805fe610
Event: 4.972 Thread 0x000002b1fa7febd0 flushing  nmethod 0x000002b180600890
Event: 4.972 Thread 0x000002b1fa7febd0 flushing  nmethod 0x000002b180600d10
Event: 4.972 Thread 0x000002b1fa7febd0 flushing  nmethod 0x000002b180601210
Event: 4.972 Thread 0x000002b1fa7febd0 flushing  nmethod 0x000002b180603710
Event: 4.972 Thread 0x000002b1fa7febd0 flushing  nmethod 0x000002b18061f410
Event: 4.972 Thread 0x000002b1fa7febd0 flushing  nmethod 0x000002b180625a10
Event: 4.972 Thread 0x000002b1fa7febd0 flushing  nmethod 0x000002b180636210
Event: 4.972 Thread 0x000002b1fa7febd0 flushing  nmethod 0x000002b180639510
Event: 4.972 Thread 0x000002b1fa7febd0 flushing  nmethod 0x000002b180641190
Event: 4.972 Thread 0x000002b1fa7febd0 flushing  nmethod 0x000002b1806bd090
Event: 4.972 Thread 0x000002b1fa7febd0 flushing  nmethod 0x000002b1806e0890
Event: 4.972 Thread 0x000002b1fa7febd0 flushing  nmethod 0x000002b1806ea090
Event: 4.972 Thread 0x000002b1fa7febd0 flushing  nmethod 0x000002b1806ea510
Event: 4.972 Thread 0x000002b1fa7febd0 flushing  nmethod 0x000002b1806edb10
Event: 4.972 Thread 0x000002b1fa7febd0 flushing  nmethod 0x000002b180705810
Event: 4.972 Thread 0x000002b1fa7febd0 flushing  nmethod 0x000002b180720f10

Events (20 events):
Event: 4.797 Thread 0x000002b1fa73ab00 Thread added: 0x000002b1dbac0450
Event: 4.798 Thread 0x000002b1fa73ab00 Thread added: 0x000002b1dbac1170
Event: 4.798 Thread 0x000002b1fa73ab00 Thread added: 0x000002b1dbac0ae0
Event: 4.853 Thread 0x000002b1fa73ab00 Thread added: 0x000002b1dbac1800
Event: 5.126 Thread 0x000002b1fa73ab00 Thread added: 0x000002b1dbac1e90
Event: 5.126 Thread 0x000002b1fa73ab00 Thread added: 0x000002b1dbabf730
Event: 5.412 Thread 0x000002b1d94abad0 Thread added: 0x000002b1dbac4c80
Event: 5.412 Thread 0x000002b1d94abad0 Thread added: 0x000002b1dbac45f0
Event: 5.413 Thread 0x000002b1dbac4c80 Thread added: 0x000002b1dbac5310
Event: 5.413 Thread 0x000002b1dbac45f0 Thread added: 0x000002b1dbac3240
Event: 5.413 Thread 0x000002b1dbac5310 Thread added: 0x000002b1dbac38d0
Event: 5.413 Thread 0x000002b1dbac3240 Thread added: 0x000002b1dbac2bb0
Event: 5.414 Thread 0x000002b1dbac38d0 Thread added: 0x000002b1dbac3f60
Event: 5.414 Thread 0x000002b1dbac2bb0 Thread added: 0x000002b1dbac2520
Event: 5.414 Thread 0x000002b1dbac3f60 Thread added: 0x000002b1dbac59a0
Event: 5.415 Thread 0x000002b1dbac2520 Thread added: 0x000002b1dbac6030
Event: 5.415 Thread 0x000002b1dbac59a0 Thread added: 0x000002b1dbac66c0
Event: 8.514 Thread 0x000002b1d921fb70 Thread exited: 0x000002b1d921fb70
Event: 8.757 Thread 0x000002b1d8277ac0 Thread exited: 0x000002b1d8277ac0
Event: 8.914 Thread 0x000002b1d8025bd0 Thread added: 0x000002b1d921fb70


Dynamic libraries:
0x00007ff6db0d0000 - 0x00007ff6db0de000 	c:\Users\pedro\.vscode\extensions\redhat.java-1.46.0-win32-x64\jre\21.0.8-win32-x86_64\bin\java.exe
0x00007ffa30600000 - 0x00007ffa30869000 	C:\WINDOWS\SYSTEM32\ntdll.dll
0x00007ffa2ebc0000 - 0x00007ffa2ec89000 	C:\WINDOWS\System32\KERNEL32.DLL
0x00007ffa2d870000 - 0x00007ffa2dc63000 	C:\WINDOWS\System32\KERNELBASE.dll
0x00007ffa2dfe0000 - 0x00007ffa2e12b000 	C:\WINDOWS\System32\ucrtbase.dll
0x00007ffa27e00000 - 0x00007ffa27e18000 	c:\Users\pedro\.vscode\extensions\redhat.java-1.46.0-win32-x64\jre\21.0.8-win32-x86_64\bin\jli.dll
0x00007ffa27860000 - 0x00007ffa2787e000 	c:\Users\pedro\.vscode\extensions\redhat.java-1.46.0-win32-x64\jre\21.0.8-win32-x86_64\bin\VCRUNTIME140.dll
0x00007ffa2f690000 - 0x00007ffa2f854000 	C:\WINDOWS\System32\USER32.dll
0x00007ffa12ae0000 - 0x00007ffa12d73000 	C:\WINDOWS\WinSxS\amd64_microsoft.windows.common-controls_6595b64144ccf1df_6.0.26100.5074_none_3e0d6f78e32fd63f\COMCTL32.dll
0x00007ffa2d790000 - 0x00007ffa2d7b7000 	C:\WINDOWS\System32\win32u.dll
0x00007ffa2e870000 - 0x00007ffa2e919000 	C:\WINDOWS\System32\msvcrt.dll
0x00007ffa304b0000 - 0x00007ffa304db000 	C:\WINDOWS\System32\GDI32.dll
0x00007ffa2deb0000 - 0x00007ffa2dfdd000 	C:\WINDOWS\System32\gdi32full.dll
0x00007ffa2d7c0000 - 0x00007ffa2d863000 	C:\WINDOWS\System32\msvcp_win.dll
0x00007ffa2e6d0000 - 0x00007ffa2e6ff000 	C:\WINDOWS\System32\IMM32.DLL
0x00007ffa287a0000 - 0x00007ffa287ac000 	c:\Users\pedro\.vscode\extensions\redhat.java-1.46.0-win32-x64\jre\21.0.8-win32-x86_64\bin\vcruntime140_1.dll
0x00007ff9db450000 - 0x00007ff9db4dd000 	c:\Users\pedro\.vscode\extensions\redhat.java-1.46.0-win32-x64\jre\21.0.8-win32-x86_64\bin\msvcp140.dll
0x00007ff99c050000 - 0x00007ff99cde7000 	c:\Users\pedro\.vscode\extensions\redhat.java-1.46.0-win32-x64\jre\21.0.8-win32-x86_64\bin\server\jvm.dll
0x00007ffa2eb00000 - 0x00007ffa2ebb4000 	C:\WINDOWS\System32\ADVAPI32.dll
0x00007ffa2ec90000 - 0x00007ffa2ed36000 	C:\WINDOWS\System32\sechost.dll
0x00007ffa2ef40000 - 0x00007ffa2f058000 	C:\WINDOWS\System32\RPCRT4.dll
0x00007ffa2f870000 - 0x00007ffa2f8e4000 	C:\WINDOWS\System32\WS2_32.dll
0x00007ffa2d5f0000 - 0x00007ffa2d64e000 	C:\WINDOWS\SYSTEM32\POWRPROF.dll
0x00007ffa264a0000 - 0x00007ffa264d5000 	C:\WINDOWS\SYSTEM32\WINMM.dll
0x00007ffa21a40000 - 0x00007ffa21a4b000 	C:\WINDOWS\SYSTEM32\VERSION.dll
0x00007ffa2d5d0000 - 0x00007ffa2d5e4000 	C:\WINDOWS\SYSTEM32\UMPDC.dll
0x00007ffa2c570000 - 0x00007ffa2c58b000 	C:\WINDOWS\SYSTEM32\kernel.appcore.dll
0x00007ffa173a0000 - 0x00007ffa173aa000 	c:\Users\pedro\.vscode\extensions\redhat.java-1.46.0-win32-x64\jre\21.0.8-win32-x86_64\bin\jimage.dll
0x00007ffa20c60000 - 0x00007ffa20ea2000 	C:\WINDOWS\SYSTEM32\DBGHELP.DLL
0x00007ffa2f980000 - 0x00007ffa2fcfb000 	C:\WINDOWS\System32\combase.dll
0x00007ffa304e0000 - 0x00007ffa305b7000 	C:\WINDOWS\System32\OLEAUT32.dll
0x00007ffa12ea0000 - 0x00007ffa12edd000 	C:\WINDOWS\SYSTEM32\dbgcore.DLL
0x00007ffa2e330000 - 0x00007ffa2e3c9000 	C:\WINDOWS\System32\bcryptPrimitives.dll
0x00007ffa286e0000 - 0x00007ffa286ef000 	c:\Users\pedro\.vscode\extensions\redhat.java-1.46.0-win32-x64\jre\21.0.8-win32-x86_64\bin\instrument.dll
0x00007ff9de1d0000 - 0x00007ff9de1ef000 	c:\Users\pedro\.vscode\extensions\redhat.java-1.46.0-win32-x64\jre\21.0.8-win32-x86_64\bin\java.dll
0x00007ffa2fd00000 - 0x00007ffa3044d000 	C:\WINDOWS\System32\SHELL32.dll
0x00007ffa2e130000 - 0x00007ffa2e29c000 	C:\WINDOWS\System32\wintypes.dll
0x00007ffa2b3c0000 - 0x00007ffa2bc19000 	C:\WINDOWS\SYSTEM32\windows.storage.dll
0x00007ffa2ea00000 - 0x00007ffa2eaf0000 	C:\WINDOWS\System32\SHCORE.dll
0x00007ffa2eed0000 - 0x00007ffa2ef32000 	C:\WINDOWS\System32\shlwapi.dll
0x00007ffa2d6b0000 - 0x00007ffa2d6d9000 	C:\WINDOWS\SYSTEM32\profapi.dll
0x00007ff9dfc00000 - 0x00007ff9dfc18000 	c:\Users\pedro\.vscode\extensions\redhat.java-1.46.0-win32-x64\jre\21.0.8-win32-x86_64\bin\zip.dll
0x00007ffa14ec0000 - 0x00007ffa14ed0000 	C:\Users\pedro\.vscode\extensions\redhat.java-1.46.0-win32-x64\jre\21.0.8-win32-x86_64\bin\net.dll
0x00007ffa233c0000 - 0x00007ffa234df000 	C:\WINDOWS\SYSTEM32\WINHTTP.dll
0x00007ffa2caf0000 - 0x00007ffa2cb5b000 	C:\WINDOWS\system32\mswsock.dll
0x00007ff9db430000 - 0x00007ff9db446000 	C:\Users\pedro\.vscode\extensions\redhat.java-1.46.0-win32-x64\jre\21.0.8-win32-x86_64\bin\nio.dll
0x00007ffa286d0000 - 0x00007ffa286e0000 	c:\Users\pedro\.vscode\extensions\redhat.java-1.46.0-win32-x64\jre\21.0.8-win32-x86_64\bin\verify.dll
0x00007ff9e0530000 - 0x00007ff9e0574000 	C:\Users\pedro\AppData\Roaming\Code\User\globalStorage\redhat.java\1.46.0\config_win\org.eclipse.equinox.launcher\org.eclipse.equinox.launcher.win32.win32.x86_64_1.2.1400.v20250801-0854\eclipse_11916.dll
0x00007ffa2f4f0000 - 0x00007ffa2f688000 	C:\WINDOWS\System32\ole32.dll
0x00007ffa2cd90000 - 0x00007ffa2cdab000 	C:\WINDOWS\SYSTEM32\CRYPTSP.dll
0x00007ffa2c4d0000 - 0x00007ffa2c50b000 	C:\WINDOWS\system32\rsaenh.dll
0x00007ffa2cb90000 - 0x00007ffa2cbbb000 	C:\WINDOWS\SYSTEM32\USERENV.dll
0x00007ffa2d680000 - 0x00007ffa2d6a6000 	C:\WINDOWS\SYSTEM32\bcrypt.dll
0x00007ffa2cdb0000 - 0x00007ffa2cdbc000 	C:\WINDOWS\SYSTEM32\CRYPTBASE.dll
0x00007ffa2bfa0000 - 0x00007ffa2bfd4000 	C:\WINDOWS\SYSTEM32\IPHLPAPI.DLL
0x00007ffa2e920000 - 0x00007ffa2e92a000 	C:\WINDOWS\System32\NSI.dll
0x00007ff9e0330000 - 0x00007ff9e0379000 	C:\Users\pedro\AppData\Local\Temp\jna-106542988\jna16228797594430901280.dll
0x00007ffa2f860000 - 0x00007ffa2f868000 	C:\WINDOWS\System32\PSAPI.DLL
0x00007ffa267a0000 - 0x00007ffa267be000 	C:\WINDOWS\SYSTEM32\dhcpcsvc6.DLL
0x00007ffa26680000 - 0x00007ffa266a3000 	C:\WINDOWS\SYSTEM32\dhcpcsvc.DLL

JVMTI agents:
c:\Users\pedro\.vscode\extensions\redhat.java-1.46.0-win32-x64\lombok\lombok-1.18.39-4050.jar path:c:\Users\pedro\.vscode\extensions\redhat.java-1.46.0-win32-x64\jre\21.0.8-win32-x86_64\bin\instrument.dll, loaded, initialized, instrumentlib options:none

dbghelp: loaded successfully - version: 4.0.5 - missing functions: none
symbol engine: initialized successfully - sym options: 0x614 - pdb path: .;c:\Users\pedro\.vscode\extensions\redhat.java-1.46.0-win32-x64\jre\21.0.8-win32-x86_64\bin;C:\WINDOWS\SYSTEM32;C:\WINDOWS\WinSxS\amd64_microsoft.windows.common-controls_6595b64144ccf1df_6.0.26100.5074_none_3e0d6f78e32fd63f;c:\Users\pedro\.vscode\extensions\redhat.java-1.46.0-win32-x64\jre\21.0.8-win32-x86_64\bin\server;C:\Users\pedro\AppData\Roaming\Code\User\globalStorage\redhat.java\1.46.0\config_win\org.eclipse.equinox.launcher\org.eclipse.equinox.launcher.win32.win32.x86_64_1.2.1400.v20250801-0854;C:\Users\pedro\AppData\Local\Temp\jna-106542988

VM Arguments:
jvm_args: --add-modules=ALL-SYSTEM --add-opens=java.base/java.util=ALL-UNNAMED --add-opens=java.base/java.lang=ALL-UNNAMED --add-opens=java.base/sun.nio.fs=ALL-UNNAMED -Declipse.application=org.eclipse.jdt.ls.core.id1 -Dosgi.bundles.defaultStartLevel=4 -Declipse.product=org.eclipse.jdt.ls.core.product -Djava.import.generatesMetadataFilesAtProjectRoot=false -DDetectVMInstallationsJob.disabled=true -Dfile.encoding=utf8 -XX:+UseParallelGC -XX:GCTimeRatio=4 -XX:AdaptiveSizePolicyWeight=90 -Dsun.zip.disableMemoryMapping=true -Xmx2G -Xms100m -Xlog:disable -javaagent:c:\Users\pedro\.vscode\extensions\redhat.java-1.46.0-win32-x64\lombok\lombok-1.18.39-4050.jar -XX:+HeapDumpOnOutOfMemoryError -XX:HeapDumpPath=c:\Users\pedro\AppData\Roaming\Code\User\workspaceStorage\ace0eeac375cda41ba0dfc4af69d8916\redhat.java -Daether.dependencyCollector.impl=bf 
java_command: c:\Users\pedro\.vscode\extensions\redhat.java-1.46.0-win32-x64\server\plugins\org.eclipse.equinox.launcher_1.7.0.v20250519-0528.jar -configuration c:\Users\pedro\AppData\Roaming\Code\User\globalStorage\redhat.java\1.46.0\config_win -data c:\Users\pedro\AppData\Roaming\Code\User\workspaceStorage\ace0eeac375cda41ba0dfc4af69d8916\redhat.java\jdt_ws --pipe=\\.\pipe\lsp-d6173d4a459837310d90451ff842bbc4-sock
java_class_path (initial): c:\Users\pedro\.vscode\extensions\redhat.java-1.46.0-win32-x64\server\plugins\org.eclipse.equinox.launcher_1.7.0.v20250519-0528.jar
Launcher Type: SUN_STANDARD

[Global flags]
    uintx AdaptiveSizePolicyWeight                 = 90                                        {product} {command line}
     intx CICompilerCount                          = 4                                         {product} {ergonomic}
    uintx GCTimeRatio                              = 4                                         {product} {command line}
     bool HeapDumpOnOutOfMemoryError               = true                                   {manageable} {command line}
    ccstr HeapDumpPath                             = c:\Users\pedro\AppData\Roaming\Code\User\workspaceStorage\ace0eeac375cda41ba0dfc4af69d8916\redhat.java         {manageable} {command line}
   size_t InitialHeapSize                          = 104857600                                 {product} {command line}
   size_t MaxHeapSize                              = 2147483648                                {product} {command line}
   size_t MaxNewSize                               = 715653120                                 {product} {ergonomic}
   size_t MinHeapDeltaBytes                        = 524288                                    {product} {ergonomic}
   size_t MinHeapSize                              = 104857600                                 {product} {command line}
   size_t NewSize                                  = 34603008                                  {product} {ergonomic}
    uintx NonNMethodCodeHeapSize                   = 5839372                                {pd product} {ergonomic}
    uintx NonProfiledCodeHeapSize                  = 122909434                              {pd product} {ergonomic}
   size_t OldSize                                  = 70254592                                  {product} {ergonomic}
    uintx ProfiledCodeHeapSize                     = 122909434                              {pd product} {ergonomic}
    uintx ReservedCodeCacheSize                    = 251658240                              {pd product} {ergonomic}
     bool SegmentedCodeCache                       = true                                      {product} {ergonomic}
   size_t SoftMaxHeapSize                          = 2147483648                             {manageable} {ergonomic}
     bool UseCompressedOops                        = true                           {product lp64_product} {ergonomic}
     bool UseLargePagesIndividualAllocation        = false                                  {pd product} {ergonomic}
     bool UseParallelGC                            = true                                      {product} {command line}

Logging:
Log output configuration:
 #0: stdout all=off uptime,level,tags foldmultilines=false
 #1: stderr all=off uptime,level,tags foldmultilines=false

Environment Variables:
JAVA_HOME=C:\Program Files\Java\jdk-24
PATH=C:\Program Files\Common Files\Oracle\Java\javapath;C:\WINDOWS\system32;C:\WINDOWS;C:\WINDOWS\System32\Wbem;C:\WINDOWS\System32\WindowsPowerShell\v1.0\;C:\WINDOWS\System32\OpenSSH\;C:\Program Files\nodejs\;C:\Program Files\Java\jdk-24\bin;C:\Program Files\Docker\Docker\resources\bin;C:\Program Files\Git\cmd;C:\Users\pedro\AppData\Local\Microsoft\WindowsApps;C:\Users\pedro\AppData\Local\Programs\Microsoft VS Code\bin;C:\Users\pedro\AppData\Roaming\npm;C:\Users\pedro\AppData\Local\GitHubDesktop\bin;C:\maven\maven-mvnd-1.0.2-windows-amd64\bin;
USERNAME=pedro
OS=Windows_NT
PROCESSOR_IDENTIFIER=AMD64 Family 25 Model 68 Stepping 1, AuthenticAMD
TMP=C:\Users\pedro\AppData\Local\Temp
TEMP=C:\Users\pedro\AppData\Local\Temp




Periodic native trim disabled

---------------  S Y S T E M  ---------------

OS:
 Windows 11 , 64 bit Build 26100 (10.0.26100.5074)
OS uptime: 2 days 9:54 hours
Hyper-V role detected

CPU: total 12 (initial active 12) (12 cores per cpu, 2 threads per core) family 25 model 68 stepping 1 microcode 0xa404107, cx8, cmov, fxsr, ht, mmx, 3dnowpref, sse, sse2, sse3, ssse3, sse4a, sse4.1, sse4.2, popcnt, lzcnt, tsc, tscinvbit, avx, avx2, aes, erms, clmul, bmi1, bmi2, adx, sha, fma, vzeroupper, clflush, clflushopt, hv, rdtscp, rdpid, fsrm, f16c, cet_ss
Processor Information for processor 0
  Max Mhz: 3301, Current Mhz: 2024, Mhz Limit: 3301
Processor Information for processor 1
  Max Mhz: 3301, Current Mhz: 2024, Mhz Limit: 3301
Processor Information for processor 2
  Max Mhz: 3301, Current Mhz: 2496, Mhz Limit: 3301
Processor Information for processor 3
  Max Mhz: 3301, Current Mhz: 2496, Mhz Limit: 3301
Processor Information for processor 4
  Max Mhz: 3301, Current Mhz: 2024, Mhz Limit: 3301
Processor Information for processor 5
  Max Mhz: 3301, Current Mhz: 2024, Mhz Limit: 3301
Processor Information for processor 6
  Max Mhz: 3301, Current Mhz: 2496, Mhz Limit: 3301
Processor Information for processor 7
  Max Mhz: 3301, Current Mhz: 2496, Mhz Limit: 3301
Processor Information for processor 8
  Max Mhz: 3301, Current Mhz: 2024, Mhz Limit: 3301
Processor Information for processor 9
  Max Mhz: 3301, Current Mhz: 2024, Mhz Limit: 3301
Processor Information for processor 10
  Max Mhz: 3301, Current Mhz: 2024, Mhz Limit: 3301
Processor Information for processor 11
  Max Mhz: 3301, Current Mhz: 2024, Mhz Limit: 3301

Memory: 4k page, system-wide physical 7381M (510M free)
TotalPageFile size 29909M (AvailPageFile size 15M)
current process WorkingSet (physical memory assigned to process): 265M, peak: 272M
current process commit charge ("private bytes"): 370M, peak: 375M

vm_info: OpenJDK 64-Bit Server VM (21.0.8+9-LTS) for windows-amd64 JRE (21.0.8+9-LTS), built on 2025-07-15T00:00:00Z by "admin" with MS VC++ 17.7 (VS2022)

END.
